[0.274s] DEBUG:colcon:Command line arguments: ['/usr/bin/colcon', 'build', '--packages-select', 'webots_ros2_importer', 'webots_ros2_msgs']
[0.274s] DEBUG:colcon:Parsed command line arguments: Namespace(log_base=None, log_level=None, verb_name='build', build_base='build', install_base='install', merge_install=False, symlink_install=False, test_result_base=None, continue_on_error=False, executor='parallel', parallel_workers=12, event_handlers=None, ignore_user_meta=False, metas=['./colcon.meta'], base_paths=['.'], packages_ignore=None, packages_ignore_regex=None, paths=None, packages_up_to=None, packages_up_to_regex=None, packages_above=None, packages_above_and_dependencies=None, packages_above_depth=None, packages_select_by_dep=None, packages_skip_by_dep=None, packages_skip_up_to=None, packages_select_build_failed=False, packages_skip_build_finished=False, packages_select_test_failures=False, packages_skip_test_passed=False, packages_select=['webots_ros2_importer', 'webots_ros2_msgs'], packages_skip=None, packages_select_regex=None, packages_skip_regex=None, packages_start=None, packages_end=None, allow_overriding=[], cmake_args=None, cmake_target=None, cmake_target_skip_unavailable=False, cmake_clean_cache=False, cmake_clean_first=False, cmake_force_configure=False, ament_cmake_args=None, catkin_cmake_args=None, catkin_skip_building_tests=False, mixin_files=None, mixin=None, verb_parser=<colcon_mixin.mixin.mixin_argument.MixinArgumentDecorator object at 0x7df07c3aabc0>, verb_extension=<colcon_core.verb.build.BuildVerb object at 0x7df07c3685e0>, main=<bound method BuildVerb.main of <colcon_core.verb.build.BuildVerb object at 0x7df07c3685e0>>, mixin_verb=('build',))
[0.571s] Level 1:colcon.colcon_core.package_discovery:discover_packages(colcon_meta) check parameters
[0.571s] Level 1:colcon.colcon_core.package_discovery:discover_packages(recursive) check parameters
[0.571s] Level 1:colcon.colcon_core.package_discovery:discover_packages(ignore) check parameters
[0.571s] Level 1:colcon.colcon_core.package_discovery:discover_packages(path) check parameters
[0.571s] Level 1:colcon.colcon_core.package_discovery:discover_packages(colcon_meta) discover
[0.571s] Level 1:colcon.colcon_core.package_discovery:discover_packages(recursive) discover
[0.571s] INFO:colcon.colcon_core.package_discovery:Crawling recursively for packages in '/home/albin/webots_ws'
[0.571s] Level 1:colcon.colcon_core.package_identification:_identify(.) by extensions ['ignore', 'ignore_ament_install']
[0.571s] Level 1:colcon.colcon_core.package_identification:_identify(.) by extension 'ignore'
[0.571s] Level 1:colcon.colcon_core.package_identification:_identify(.) by extension 'ignore_ament_install'
[0.571s] Level 1:colcon.colcon_core.package_identification:_identify(.) by extensions ['colcon_pkg']
[0.571s] Level 1:colcon.colcon_core.package_identification:_identify(.) by extension 'colcon_pkg'
[0.571s] Level 1:colcon.colcon_core.package_identification:_identify(.) by extensions ['colcon_meta']
[0.571s] Level 1:colcon.colcon_core.package_identification:_identify(.) by extension 'colcon_meta'
[0.571s] Level 1:colcon.colcon_core.package_identification:_identify(.) by extensions ['ros']
[0.571s] Level 1:colcon.colcon_core.package_identification:_identify(.) by extension 'ros'
[0.586s] Level 1:colcon.colcon_core.package_identification:_identify(.) by extensions ['cmake', 'python']
[0.586s] Level 1:colcon.colcon_core.package_identification:_identify(.) by extension 'cmake'
[0.586s] Level 1:colcon.colcon_core.package_identification:_identify(.) by extension 'python'
[0.586s] Level 1:colcon.colcon_core.package_identification:_identify(.) by extensions ['python_setup_py']
[0.586s] Level 1:colcon.colcon_core.package_identification:_identify(.) by extension 'python_setup_py'
[0.586s] Level 1:colcon.colcon_core.package_identification:_identify(build) by extensions ['ignore', 'ignore_ament_install']
[0.586s] Level 1:colcon.colcon_core.package_identification:_identify(build) by extension 'ignore'
[0.586s] Level 1:colcon.colcon_core.package_identification:_identify(build) ignored
[0.586s] Level 1:colcon.colcon_core.package_identification:_identify(install) by extensions ['ignore', 'ignore_ament_install']
[0.586s] Level 1:colcon.colcon_core.package_identification:_identify(install) by extension 'ignore'
[0.586s] Level 1:colcon.colcon_core.package_identification:_identify(install) ignored
[0.586s] Level 1:colcon.colcon_core.package_identification:_identify(log) by extensions ['ignore', 'ignore_ament_install']
[0.587s] Level 1:colcon.colcon_core.package_identification:_identify(log) by extension 'ignore'
[0.587s] Level 1:colcon.colcon_core.package_identification:_identify(log) ignored
[0.587s] Level 1:colcon.colcon_core.package_identification:_identify(src) by extensions ['ignore', 'ignore_ament_install']
[0.587s] Level 1:colcon.colcon_core.package_identification:_identify(src) by extension 'ignore'
[0.587s] Level 1:colcon.colcon_core.package_identification:_identify(src) by extension 'ignore_ament_install'
[0.587s] Level 1:colcon.colcon_core.package_identification:_identify(src) by extensions ['colcon_pkg']
[0.587s] Level 1:colcon.colcon_core.package_identification:_identify(src) by extension 'colcon_pkg'
[0.587s] Level 1:colcon.colcon_core.package_identification:_identify(src) by extensions ['colcon_meta']
[0.587s] Level 1:colcon.colcon_core.package_identification:_identify(src) by extension 'colcon_meta'
[0.587s] Level 1:colcon.colcon_core.package_identification:_identify(src) by extensions ['ros']
[0.587s] Level 1:colcon.colcon_core.package_identification:_identify(src) by extension 'ros'
[0.587s] Level 1:colcon.colcon_core.package_identification:_identify(src) by extensions ['cmake', 'python']
[0.587s] Level 1:colcon.colcon_core.package_identification:_identify(src) by extension 'cmake'
[0.587s] Level 1:colcon.colcon_core.package_identification:_identify(src) by extension 'python'
[0.587s] Level 1:colcon.colcon_core.package_identification:_identify(src) by extensions ['python_setup_py']
[0.587s] Level 1:colcon.colcon_core.package_identification:_identify(src) by extension 'python_setup_py'
[0.587s] Level 1:colcon.colcon_core.package_identification:_identify(src/webots_ros2) by extensions ['ignore', 'ignore_ament_install']
[0.587s] Level 1:colcon.colcon_core.package_identification:_identify(src/webots_ros2) by extension 'ignore'
[0.587s] Level 1:colcon.colcon_core.package_identification:_identify(src/webots_ros2) by extension 'ignore_ament_install'
[0.587s] Level 1:colcon.colcon_core.package_identification:_identify(src/webots_ros2) by extensions ['colcon_pkg']
[0.588s] Level 1:colcon.colcon_core.package_identification:_identify(src/webots_ros2) by extension 'colcon_pkg'
[0.588s] Level 1:colcon.colcon_core.package_identification:_identify(src/webots_ros2) by extensions ['colcon_meta']
[0.588s] Level 1:colcon.colcon_core.package_identification:_identify(src/webots_ros2) by extension 'colcon_meta'
[0.588s] Level 1:colcon.colcon_core.package_identification:_identify(src/webots_ros2) by extensions ['ros']
[0.588s] Level 1:colcon.colcon_core.package_identification:_identify(src/webots_ros2) by extension 'ros'
[0.588s] Level 1:colcon.colcon_core.package_identification:_identify(src/webots_ros2) by extensions ['cmake', 'python']
[0.588s] Level 1:colcon.colcon_core.package_identification:_identify(src/webots_ros2) by extension 'cmake'
[0.588s] Level 1:colcon.colcon_core.package_identification:_identify(src/webots_ros2) by extension 'python'
[0.588s] Level 1:colcon.colcon_core.package_identification:_identify(src/webots_ros2) by extensions ['python_setup_py']
[0.588s] Level 1:colcon.colcon_core.package_identification:_identify(src/webots_ros2) by extension 'python_setup_py'
[0.588s] Level 1:colcon.colcon_core.package_identification:_identify(src/webots_ros2/docker) by extensions ['ignore', 'ignore_ament_install']
[0.588s] Level 1:colcon.colcon_core.package_identification:_identify(src/webots_ros2/docker) by extension 'ignore'
[0.588s] Level 1:colcon.colcon_core.package_identification:_identify(src/webots_ros2/docker) by extension 'ignore_ament_install'
[0.588s] Level 1:colcon.colcon_core.package_identification:_identify(src/webots_ros2/docker) by extensions ['colcon_pkg']
[0.588s] Level 1:colcon.colcon_core.package_identification:_identify(src/webots_ros2/docker) by extension 'colcon_pkg'
[0.588s] Level 1:colcon.colcon_core.package_identification:_identify(src/webots_ros2/docker) by extensions ['colcon_meta']
[0.588s] Level 1:colcon.colcon_core.package_identification:_identify(src/webots_ros2/docker) by extension 'colcon_meta'
[0.588s] Level 1:colcon.colcon_core.package_identification:_identify(src/webots_ros2/docker) by extensions ['ros']
[0.588s] Level 1:colcon.colcon_core.package_identification:_identify(src/webots_ros2/docker) by extension 'ros'
[0.588s] Level 1:colcon.colcon_core.package_identification:_identify(src/webots_ros2/docker) by extensions ['cmake', 'python']
[0.588s] Level 1:colcon.colcon_core.package_identification:_identify(src/webots_ros2/docker) by extension 'cmake'
[0.588s] Level 1:colcon.colcon_core.package_identification:_identify(src/webots_ros2/docker) by extension 'python'
[0.588s] Level 1:colcon.colcon_core.package_identification:_identify(src/webots_ros2/docker) by extensions ['python_setup_py']
[0.589s] Level 1:colcon.colcon_core.package_identification:_identify(src/webots_ros2/docker) by extension 'python_setup_py'
[0.589s] Level 1:colcon.colcon_core.package_identification:_identify(src/webots_ros2/images) by extensions ['ignore', 'ignore_ament_install']
[0.589s] Level 1:colcon.colcon_core.package_identification:_identify(src/webots_ros2/images) by extension 'ignore'
[0.589s] Level 1:colcon.colcon_core.package_identification:_identify(src/webots_ros2/images) by extension 'ignore_ament_install'
[0.589s] Level 1:colcon.colcon_core.package_identification:_identify(src/webots_ros2/images) by extensions ['colcon_pkg']
[0.589s] Level 1:colcon.colcon_core.package_identification:_identify(src/webots_ros2/images) by extension 'colcon_pkg'
[0.589s] Level 1:colcon.colcon_core.package_identification:_identify(src/webots_ros2/images) by extensions ['colcon_meta']
[0.589s] Level 1:colcon.colcon_core.package_identification:_identify(src/webots_ros2/images) by extension 'colcon_meta'
[0.589s] Level 1:colcon.colcon_core.package_identification:_identify(src/webots_ros2/images) by extensions ['ros']
[0.589s] Level 1:colcon.colcon_core.package_identification:_identify(src/webots_ros2/images) by extension 'ros'
[0.589s] Level 1:colcon.colcon_core.package_identification:_identify(src/webots_ros2/images) by extensions ['cmake', 'python']
[0.589s] Level 1:colcon.colcon_core.package_identification:_identify(src/webots_ros2/images) by extension 'cmake'
[0.589s] Level 1:colcon.colcon_core.package_identification:_identify(src/webots_ros2/images) by extension 'python'
[0.589s] Level 1:colcon.colcon_core.package_identification:_identify(src/webots_ros2/images) by extensions ['python_setup_py']
[0.589s] Level 1:colcon.colcon_core.package_identification:_identify(src/webots_ros2/images) by extension 'python_setup_py'
[0.589s] Level 1:colcon.colcon_core.package_identification:_identify(src/webots_ros2/scripts) by extensions ['ignore', 'ignore_ament_install']
[0.589s] Level 1:colcon.colcon_core.package_identification:_identify(src/webots_ros2/scripts) by extension 'ignore'
[0.589s] Level 1:colcon.colcon_core.package_identification:_identify(src/webots_ros2/scripts) by extension 'ignore_ament_install'
[0.589s] Level 1:colcon.colcon_core.package_identification:_identify(src/webots_ros2/scripts) by extensions ['colcon_pkg']
[0.589s] Level 1:colcon.colcon_core.package_identification:_identify(src/webots_ros2/scripts) by extension 'colcon_pkg'
[0.589s] Level 1:colcon.colcon_core.package_identification:_identify(src/webots_ros2/scripts) by extensions ['colcon_meta']
[0.589s] Level 1:colcon.colcon_core.package_identification:_identify(src/webots_ros2/scripts) by extension 'colcon_meta'
[0.590s] Level 1:colcon.colcon_core.package_identification:_identify(src/webots_ros2/scripts) by extensions ['ros']
[0.590s] Level 1:colcon.colcon_core.package_identification:_identify(src/webots_ros2/scripts) by extension 'ros'
[0.590s] Level 1:colcon.colcon_core.package_identification:_identify(src/webots_ros2/scripts) by extensions ['cmake', 'python']
[0.590s] Level 1:colcon.colcon_core.package_identification:_identify(src/webots_ros2/scripts) by extension 'cmake'
[0.590s] Level 1:colcon.colcon_core.package_identification:_identify(src/webots_ros2/scripts) by extension 'python'
[0.590s] Level 1:colcon.colcon_core.package_identification:_identify(src/webots_ros2/scripts) by extensions ['python_setup_py']
[0.590s] Level 1:colcon.colcon_core.package_identification:_identify(src/webots_ros2/scripts) by extension 'python_setup_py'
[0.590s] Level 1:colcon.colcon_core.package_identification:_identify(src/webots_ros2/tests) by extensions ['ignore', 'ignore_ament_install']
[0.590s] Level 1:colcon.colcon_core.package_identification:_identify(src/webots_ros2/tests) by extension 'ignore'
[0.590s] Level 1:colcon.colcon_core.package_identification:_identify(src/webots_ros2/tests) by extension 'ignore_ament_install'
[0.590s] Level 1:colcon.colcon_core.package_identification:_identify(src/webots_ros2/tests) by extensions ['colcon_pkg']
[0.590s] Level 1:colcon.colcon_core.package_identification:_identify(src/webots_ros2/tests) by extension 'colcon_pkg'
[0.590s] Level 1:colcon.colcon_core.package_identification:_identify(src/webots_ros2/tests) by extensions ['colcon_meta']
[0.590s] Level 1:colcon.colcon_core.package_identification:_identify(src/webots_ros2/tests) by extension 'colcon_meta'
[0.590s] Level 1:colcon.colcon_core.package_identification:_identify(src/webots_ros2/tests) by extensions ['ros']
[0.590s] Level 1:colcon.colcon_core.package_identification:_identify(src/webots_ros2/tests) by extension 'ros'
[0.590s] Level 1:colcon.colcon_core.package_identification:_identify(src/webots_ros2/tests) by extensions ['cmake', 'python']
[0.590s] Level 1:colcon.colcon_core.package_identification:_identify(src/webots_ros2/tests) by extension 'cmake'
[0.590s] Level 1:colcon.colcon_core.package_identification:_identify(src/webots_ros2/tests) by extension 'python'
[0.590s] Level 1:colcon.colcon_core.package_identification:_identify(src/webots_ros2/tests) by extensions ['python_setup_py']
[0.590s] Level 1:colcon.colcon_core.package_identification:_identify(src/webots_ros2/tests) by extension 'python_setup_py'
[0.591s] Level 1:colcon.colcon_core.package_identification:_identify(src/webots_ros2/tests/sources) by extensions ['ignore', 'ignore_ament_install']
[0.591s] Level 1:colcon.colcon_core.package_identification:_identify(src/webots_ros2/tests/sources) by extension 'ignore'
[0.591s] Level 1:colcon.colcon_core.package_identification:_identify(src/webots_ros2/tests/sources) by extension 'ignore_ament_install'
[0.591s] Level 1:colcon.colcon_core.package_identification:_identify(src/webots_ros2/tests/sources) by extensions ['colcon_pkg']
[0.591s] Level 1:colcon.colcon_core.package_identification:_identify(src/webots_ros2/tests/sources) by extension 'colcon_pkg'
[0.591s] Level 1:colcon.colcon_core.package_identification:_identify(src/webots_ros2/tests/sources) by extensions ['colcon_meta']
[0.591s] Level 1:colcon.colcon_core.package_identification:_identify(src/webots_ros2/tests/sources) by extension 'colcon_meta'
[0.591s] Level 1:colcon.colcon_core.package_identification:_identify(src/webots_ros2/tests/sources) by extensions ['ros']
[0.591s] Level 1:colcon.colcon_core.package_identification:_identify(src/webots_ros2/tests/sources) by extension 'ros'
[0.591s] Level 1:colcon.colcon_core.package_identification:_identify(src/webots_ros2/tests/sources) by extensions ['cmake', 'python']
[0.591s] Level 1:colcon.colcon_core.package_identification:_identify(src/webots_ros2/tests/sources) by extension 'cmake'
[0.591s] Level 1:colcon.colcon_core.package_identification:_identify(src/webots_ros2/tests/sources) by extension 'python'
[0.591s] Level 1:colcon.colcon_core.package_identification:_identify(src/webots_ros2/tests/sources) by extensions ['python_setup_py']
[0.591s] Level 1:colcon.colcon_core.package_identification:_identify(src/webots_ros2/tests/sources) by extension 'python_setup_py'
[0.591s] Level 1:colcon.colcon_core.package_identification:_identify(src/webots_ros2/webots_ros2) by extensions ['ignore', 'ignore_ament_install']
[0.591s] Level 1:colcon.colcon_core.package_identification:_identify(src/webots_ros2/webots_ros2) by extension 'ignore'
[0.591s] Level 1:colcon.colcon_core.package_identification:_identify(src/webots_ros2/webots_ros2) by extension 'ignore_ament_install'
[0.591s] Level 1:colcon.colcon_core.package_identification:_identify(src/webots_ros2/webots_ros2) by extensions ['colcon_pkg']
[0.591s] Level 1:colcon.colcon_core.package_identification:_identify(src/webots_ros2/webots_ros2) by extension 'colcon_pkg'
[0.591s] Level 1:colcon.colcon_core.package_identification:_identify(src/webots_ros2/webots_ros2) by extensions ['colcon_meta']
[0.591s] Level 1:colcon.colcon_core.package_identification:_identify(src/webots_ros2/webots_ros2) by extension 'colcon_meta'
[0.591s] Level 1:colcon.colcon_core.package_identification:_identify(src/webots_ros2/webots_ros2) by extensions ['ros']
[0.591s] Level 1:colcon.colcon_core.package_identification:_identify(src/webots_ros2/webots_ros2) by extension 'ros'
[0.594s] DEBUG:colcon.colcon_core.package_identification:Package 'src/webots_ros2/webots_ros2' with type 'ros.ament_python' and name 'webots_ros2'
[0.595s] Level 1:colcon.colcon_core.package_identification:_identify(src/webots_ros2/webots_ros2_control) by extensions ['ignore', 'ignore_ament_install']
[0.595s] Level 1:colcon.colcon_core.package_identification:_identify(src/webots_ros2/webots_ros2_control) by extension 'ignore'
[0.595s] Level 1:colcon.colcon_core.package_identification:_identify(src/webots_ros2/webots_ros2_control) by extension 'ignore_ament_install'
[0.595s] Level 1:colcon.colcon_core.package_identification:_identify(src/webots_ros2/webots_ros2_control) by extensions ['colcon_pkg']
[0.595s] Level 1:colcon.colcon_core.package_identification:_identify(src/webots_ros2/webots_ros2_control) by extension 'colcon_pkg'
[0.595s] Level 1:colcon.colcon_core.package_identification:_identify(src/webots_ros2/webots_ros2_control) by extensions ['colcon_meta']
[0.595s] Level 1:colcon.colcon_core.package_identification:_identify(src/webots_ros2/webots_ros2_control) by extension 'colcon_meta'
[0.595s] Level 1:colcon.colcon_core.package_identification:_identify(src/webots_ros2/webots_ros2_control) by extensions ['ros']
[0.595s] Level 1:colcon.colcon_core.package_identification:_identify(src/webots_ros2/webots_ros2_control) by extension 'ros'
[0.596s] DEBUG:colcon.colcon_core.package_identification:Package 'src/webots_ros2/webots_ros2_control' with type 'ros.ament_cmake' and name 'webots_ros2_control'
[0.596s] Level 1:colcon.colcon_core.package_identification:_identify(src/webots_ros2/webots_ros2_crazyflie) by extensions ['ignore', 'ignore_ament_install']
[0.596s] Level 1:colcon.colcon_core.package_identification:_identify(src/webots_ros2/webots_ros2_crazyflie) by extension 'ignore'
[0.596s] Level 1:colcon.colcon_core.package_identification:_identify(src/webots_ros2/webots_ros2_crazyflie) by extension 'ignore_ament_install'
[0.596s] Level 1:colcon.colcon_core.package_identification:_identify(src/webots_ros2/webots_ros2_crazyflie) by extensions ['colcon_pkg']
[0.596s] Level 1:colcon.colcon_core.package_identification:_identify(src/webots_ros2/webots_ros2_crazyflie) by extension 'colcon_pkg'
[0.597s] Level 1:colcon.colcon_core.package_identification:_identify(src/webots_ros2/webots_ros2_crazyflie) by extensions ['colcon_meta']
[0.597s] Level 1:colcon.colcon_core.package_identification:_identify(src/webots_ros2/webots_ros2_crazyflie) by extension 'colcon_meta'
[0.597s] Level 1:colcon.colcon_core.package_identification:_identify(src/webots_ros2/webots_ros2_crazyflie) by extensions ['ros']
[0.597s] Level 1:colcon.colcon_core.package_identification:_identify(src/webots_ros2/webots_ros2_crazyflie) by extension 'ros'
[0.597s] DEBUG:colcon.colcon_core.package_identification:Package 'src/webots_ros2/webots_ros2_crazyflie' with type 'ros.ament_python' and name 'webots_ros2_crazyflie'
[0.597s] Level 1:colcon.colcon_core.package_identification:_identify(src/webots_ros2/webots_ros2_driver) by extensions ['ignore', 'ignore_ament_install']
[0.598s] Level 1:colcon.colcon_core.package_identification:_identify(src/webots_ros2/webots_ros2_driver) by extension 'ignore'
[0.598s] Level 1:colcon.colcon_core.package_identification:_identify(src/webots_ros2/webots_ros2_driver) by extension 'ignore_ament_install'
[0.598s] Level 1:colcon.colcon_core.package_identification:_identify(src/webots_ros2/webots_ros2_driver) by extensions ['colcon_pkg']
[0.598s] Level 1:colcon.colcon_core.package_identification:_identify(src/webots_ros2/webots_ros2_driver) by extension 'colcon_pkg'
[0.598s] Level 1:colcon.colcon_core.package_identification:_identify(src/webots_ros2/webots_ros2_driver) by extensions ['colcon_meta']
[0.598s] Level 1:colcon.colcon_core.package_identification:_identify(src/webots_ros2/webots_ros2_driver) by extension 'colcon_meta'
[0.598s] Level 1:colcon.colcon_core.package_identification:_identify(src/webots_ros2/webots_ros2_driver) by extensions ['ros']
[0.598s] Level 1:colcon.colcon_core.package_identification:_identify(src/webots_ros2/webots_ros2_driver) by extension 'ros'
[0.599s] DEBUG:colcon.colcon_core.package_identification:Package 'src/webots_ros2/webots_ros2_driver' with type 'ros.ament_cmake' and name 'webots_ros2_driver'
[0.600s] Level 1:colcon.colcon_core.package_identification:_identify(src/webots_ros2/webots_ros2_epuck) by extensions ['ignore', 'ignore_ament_install']
[0.600s] Level 1:colcon.colcon_core.package_identification:_identify(src/webots_ros2/webots_ros2_epuck) by extension 'ignore'
[0.600s] Level 1:colcon.colcon_core.package_identification:_identify(src/webots_ros2/webots_ros2_epuck) by extension 'ignore_ament_install'
[0.600s] Level 1:colcon.colcon_core.package_identification:_identify(src/webots_ros2/webots_ros2_epuck) by extensions ['colcon_pkg']
[0.600s] Level 1:colcon.colcon_core.package_identification:_identify(src/webots_ros2/webots_ros2_epuck) by extension 'colcon_pkg'
[0.600s] Level 1:colcon.colcon_core.package_identification:_identify(src/webots_ros2/webots_ros2_epuck) by extensions ['colcon_meta']
[0.600s] Level 1:colcon.colcon_core.package_identification:_identify(src/webots_ros2/webots_ros2_epuck) by extension 'colcon_meta'
[0.600s] Level 1:colcon.colcon_core.package_identification:_identify(src/webots_ros2/webots_ros2_epuck) by extensions ['ros']
[0.600s] Level 1:colcon.colcon_core.package_identification:_identify(src/webots_ros2/webots_ros2_epuck) by extension 'ros'
[0.601s] DEBUG:colcon.colcon_core.package_identification:Package 'src/webots_ros2/webots_ros2_epuck' with type 'ros.ament_python' and name 'webots_ros2_epuck'
[0.601s] Level 1:colcon.colcon_core.package_identification:_identify(src/webots_ros2/webots_ros2_husarion) by extensions ['ignore', 'ignore_ament_install']
[0.601s] Level 1:colcon.colcon_core.package_identification:_identify(src/webots_ros2/webots_ros2_husarion) by extension 'ignore'
[0.601s] Level 1:colcon.colcon_core.package_identification:_identify(src/webots_ros2/webots_ros2_husarion) by extension 'ignore_ament_install'
[0.601s] Level 1:colcon.colcon_core.package_identification:_identify(src/webots_ros2/webots_ros2_husarion) by extensions ['colcon_pkg']
[0.601s] Level 1:colcon.colcon_core.package_identification:_identify(src/webots_ros2/webots_ros2_husarion) by extension 'colcon_pkg'
[0.601s] Level 1:colcon.colcon_core.package_identification:_identify(src/webots_ros2/webots_ros2_husarion) by extensions ['colcon_meta']
[0.601s] Level 1:colcon.colcon_core.package_identification:_identify(src/webots_ros2/webots_ros2_husarion) by extension 'colcon_meta'
[0.601s] Level 1:colcon.colcon_core.package_identification:_identify(src/webots_ros2/webots_ros2_husarion) by extensions ['ros']
[0.601s] Level 1:colcon.colcon_core.package_identification:_identify(src/webots_ros2/webots_ros2_husarion) by extension 'ros'
[0.602s] DEBUG:colcon.colcon_core.package_identification:Package 'src/webots_ros2/webots_ros2_husarion' with type 'ros.ament_python' and name 'webots_ros2_husarion'
[0.602s] Level 1:colcon.colcon_core.package_identification:_identify(src/webots_ros2/webots_ros2_importer) by extensions ['ignore', 'ignore_ament_install']
[0.602s] Level 1:colcon.colcon_core.package_identification:_identify(src/webots_ros2/webots_ros2_importer) by extension 'ignore'
[0.602s] Level 1:colcon.colcon_core.package_identification:_identify(src/webots_ros2/webots_ros2_importer) by extension 'ignore_ament_install'
[0.602s] Level 1:colcon.colcon_core.package_identification:_identify(src/webots_ros2/webots_ros2_importer) by extensions ['colcon_pkg']
[0.602s] Level 1:colcon.colcon_core.package_identification:_identify(src/webots_ros2/webots_ros2_importer) by extension 'colcon_pkg'
[0.602s] Level 1:colcon.colcon_core.package_identification:_identify(src/webots_ros2/webots_ros2_importer) by extensions ['colcon_meta']
[0.602s] Level 1:colcon.colcon_core.package_identification:_identify(src/webots_ros2/webots_ros2_importer) by extension 'colcon_meta'
[0.602s] Level 1:colcon.colcon_core.package_identification:_identify(src/webots_ros2/webots_ros2_importer) by extensions ['ros']
[0.602s] Level 1:colcon.colcon_core.package_identification:_identify(src/webots_ros2/webots_ros2_importer) by extension 'ros'
[0.604s] DEBUG:colcon.colcon_core.package_identification:Package 'src/webots_ros2/webots_ros2_importer' with type 'ros.ament_python' and name 'webots_ros2_importer'
[0.605s] Level 1:colcon.colcon_core.package_identification:_identify(src/webots_ros2/webots_ros2_mavic) by extensions ['ignore', 'ignore_ament_install']
[0.605s] Level 1:colcon.colcon_core.package_identification:_identify(src/webots_ros2/webots_ros2_mavic) by extension 'ignore'
[0.605s] Level 1:colcon.colcon_core.package_identification:_identify(src/webots_ros2/webots_ros2_mavic) by extension 'ignore_ament_install'
[0.605s] Level 1:colcon.colcon_core.package_identification:_identify(src/webots_ros2/webots_ros2_mavic) by extensions ['colcon_pkg']
[0.605s] Level 1:colcon.colcon_core.package_identification:_identify(src/webots_ros2/webots_ros2_mavic) by extension 'colcon_pkg'
[0.605s] Level 1:colcon.colcon_core.package_identification:_identify(src/webots_ros2/webots_ros2_mavic) by extensions ['colcon_meta']
[0.605s] Level 1:colcon.colcon_core.package_identification:_identify(src/webots_ros2/webots_ros2_mavic) by extension 'colcon_meta'
[0.605s] Level 1:colcon.colcon_core.package_identification:_identify(src/webots_ros2/webots_ros2_mavic) by extensions ['ros']
[0.605s] Level 1:colcon.colcon_core.package_identification:_identify(src/webots_ros2/webots_ros2_mavic) by extension 'ros'
[0.606s] DEBUG:colcon.colcon_core.package_identification:Package 'src/webots_ros2/webots_ros2_mavic' with type 'ros.ament_python' and name 'webots_ros2_mavic'
[0.606s] Level 1:colcon.colcon_core.package_identification:_identify(src/webots_ros2/webots_ros2_msgs) by extensions ['ignore', 'ignore_ament_install']
[0.606s] Level 1:colcon.colcon_core.package_identification:_identify(src/webots_ros2/webots_ros2_msgs) by extension 'ignore'
[0.606s] Level 1:colcon.colcon_core.package_identification:_identify(src/webots_ros2/webots_ros2_msgs) by extension 'ignore_ament_install'
[0.606s] Level 1:colcon.colcon_core.package_identification:_identify(src/webots_ros2/webots_ros2_msgs) by extensions ['colcon_pkg']
[0.606s] Level 1:colcon.colcon_core.package_identification:_identify(src/webots_ros2/webots_ros2_msgs) by extension 'colcon_pkg'
[0.606s] Level 1:colcon.colcon_core.package_identification:_identify(src/webots_ros2/webots_ros2_msgs) by extensions ['colcon_meta']
[0.606s] Level 1:colcon.colcon_core.package_identification:_identify(src/webots_ros2/webots_ros2_msgs) by extension 'colcon_meta'
[0.606s] Level 1:colcon.colcon_core.package_identification:_identify(src/webots_ros2/webots_ros2_msgs) by extensions ['ros']
[0.606s] Level 1:colcon.colcon_core.package_identification:_identify(src/webots_ros2/webots_ros2_msgs) by extension 'ros'
[0.607s] DEBUG:colcon.colcon_core.package_identification:Package 'src/webots_ros2/webots_ros2_msgs' with type 'ros.ament_cmake' and name 'webots_ros2_msgs'
[0.607s] Level 1:colcon.colcon_core.package_identification:_identify(src/webots_ros2/webots_ros2_tesla) by extensions ['ignore', 'ignore_ament_install']
[0.607s] Level 1:colcon.colcon_core.package_identification:_identify(src/webots_ros2/webots_ros2_tesla) by extension 'ignore'
[0.607s] Level 1:colcon.colcon_core.package_identification:_identify(src/webots_ros2/webots_ros2_tesla) by extension 'ignore_ament_install'
[0.607s] Level 1:colcon.colcon_core.package_identification:_identify(src/webots_ros2/webots_ros2_tesla) by extensions ['colcon_pkg']
[0.607s] Level 1:colcon.colcon_core.package_identification:_identify(src/webots_ros2/webots_ros2_tesla) by extension 'colcon_pkg'
[0.607s] Level 1:colcon.colcon_core.package_identification:_identify(src/webots_ros2/webots_ros2_tesla) by extensions ['colcon_meta']
[0.607s] Level 1:colcon.colcon_core.package_identification:_identify(src/webots_ros2/webots_ros2_tesla) by extension 'colcon_meta'
[0.607s] Level 1:colcon.colcon_core.package_identification:_identify(src/webots_ros2/webots_ros2_tesla) by extensions ['ros']
[0.607s] Level 1:colcon.colcon_core.package_identification:_identify(src/webots_ros2/webots_ros2_tesla) by extension 'ros'
[0.608s] DEBUG:colcon.colcon_core.package_identification:Package 'src/webots_ros2/webots_ros2_tesla' with type 'ros.ament_python' and name 'webots_ros2_tesla'
[0.608s] Level 1:colcon.colcon_core.package_identification:_identify(src/webots_ros2/webots_ros2_tests) by extensions ['ignore', 'ignore_ament_install']
[0.608s] Level 1:colcon.colcon_core.package_identification:_identify(src/webots_ros2/webots_ros2_tests) by extension 'ignore'
[0.608s] Level 1:colcon.colcon_core.package_identification:_identify(src/webots_ros2/webots_ros2_tests) by extension 'ignore_ament_install'
[0.608s] Level 1:colcon.colcon_core.package_identification:_identify(src/webots_ros2/webots_ros2_tests) by extensions ['colcon_pkg']
[0.608s] Level 1:colcon.colcon_core.package_identification:_identify(src/webots_ros2/webots_ros2_tests) by extension 'colcon_pkg'
[0.608s] Level 1:colcon.colcon_core.package_identification:_identify(src/webots_ros2/webots_ros2_tests) by extensions ['colcon_meta']
[0.608s] Level 1:colcon.colcon_core.package_identification:_identify(src/webots_ros2/webots_ros2_tests) by extension 'colcon_meta'
[0.608s] Level 1:colcon.colcon_core.package_identification:_identify(src/webots_ros2/webots_ros2_tests) by extensions ['ros']
[0.609s] Level 1:colcon.colcon_core.package_identification:_identify(src/webots_ros2/webots_ros2_tests) by extension 'ros'
[0.610s] DEBUG:colcon.colcon_core.package_identification:Package 'src/webots_ros2/webots_ros2_tests' with type 'ros.ament_python' and name 'webots_ros2_tests'
[0.610s] Level 1:colcon.colcon_core.package_identification:_identify(src/webots_ros2/webots_ros2_tiago) by extensions ['ignore', 'ignore_ament_install']
[0.610s] Level 1:colcon.colcon_core.package_identification:_identify(src/webots_ros2/webots_ros2_tiago) by extension 'ignore'
[0.610s] Level 1:colcon.colcon_core.package_identification:_identify(src/webots_ros2/webots_ros2_tiago) by extension 'ignore_ament_install'
[0.610s] Level 1:colcon.colcon_core.package_identification:_identify(src/webots_ros2/webots_ros2_tiago) by extensions ['colcon_pkg']
[0.610s] Level 1:colcon.colcon_core.package_identification:_identify(src/webots_ros2/webots_ros2_tiago) by extension 'colcon_pkg'
[0.610s] Level 1:colcon.colcon_core.package_identification:_identify(src/webots_ros2/webots_ros2_tiago) by extensions ['colcon_meta']
[0.610s] Level 1:colcon.colcon_core.package_identification:_identify(src/webots_ros2/webots_ros2_tiago) by extension 'colcon_meta'
[0.610s] Level 1:colcon.colcon_core.package_identification:_identify(src/webots_ros2/webots_ros2_tiago) by extensions ['ros']
[0.610s] Level 1:colcon.colcon_core.package_identification:_identify(src/webots_ros2/webots_ros2_tiago) by extension 'ros'
[0.611s] DEBUG:colcon.colcon_core.package_identification:Package 'src/webots_ros2/webots_ros2_tiago' with type 'ros.ament_python' and name 'webots_ros2_tiago'
[0.611s] Level 1:colcon.colcon_core.package_identification:_identify(src/webots_ros2/webots_ros2_turtlebot) by extensions ['ignore', 'ignore_ament_install']
[0.611s] Level 1:colcon.colcon_core.package_identification:_identify(src/webots_ros2/webots_ros2_turtlebot) by extension 'ignore'
[0.611s] Level 1:colcon.colcon_core.package_identification:_identify(src/webots_ros2/webots_ros2_turtlebot) by extension 'ignore_ament_install'
[0.611s] Level 1:colcon.colcon_core.package_identification:_identify(src/webots_ros2/webots_ros2_turtlebot) by extensions ['colcon_pkg']
[0.611s] Level 1:colcon.colcon_core.package_identification:_identify(src/webots_ros2/webots_ros2_turtlebot) by extension 'colcon_pkg'
[0.611s] Level 1:colcon.colcon_core.package_identification:_identify(src/webots_ros2/webots_ros2_turtlebot) by extensions ['colcon_meta']
[0.611s] Level 1:colcon.colcon_core.package_identification:_identify(src/webots_ros2/webots_ros2_turtlebot) by extension 'colcon_meta'
[0.611s] Level 1:colcon.colcon_core.package_identification:_identify(src/webots_ros2/webots_ros2_turtlebot) by extensions ['ros']
[0.611s] Level 1:colcon.colcon_core.package_identification:_identify(src/webots_ros2/webots_ros2_turtlebot) by extension 'ros'
[0.612s] DEBUG:colcon.colcon_core.package_identification:Package 'src/webots_ros2/webots_ros2_turtlebot' with type 'ros.ament_python' and name 'webots_ros2_turtlebot'
[0.612s] Level 1:colcon.colcon_core.package_identification:_identify(src/webots_ros2/webots_ros2_universal_robot) by extensions ['ignore', 'ignore_ament_install']
[0.612s] Level 1:colcon.colcon_core.package_identification:_identify(src/webots_ros2/webots_ros2_universal_robot) by extension 'ignore'
[0.612s] Level 1:colcon.colcon_core.package_identification:_identify(src/webots_ros2/webots_ros2_universal_robot) by extension 'ignore_ament_install'
[0.612s] Level 1:colcon.colcon_core.package_identification:_identify(src/webots_ros2/webots_ros2_universal_robot) by extensions ['colcon_pkg']
[0.612s] Level 1:colcon.colcon_core.package_identification:_identify(src/webots_ros2/webots_ros2_universal_robot) by extension 'colcon_pkg'
[0.612s] Level 1:colcon.colcon_core.package_identification:_identify(src/webots_ros2/webots_ros2_universal_robot) by extensions ['colcon_meta']
[0.612s] Level 1:colcon.colcon_core.package_identification:_identify(src/webots_ros2/webots_ros2_universal_robot) by extension 'colcon_meta'
[0.612s] Level 1:colcon.colcon_core.package_identification:_identify(src/webots_ros2/webots_ros2_universal_robot) by extensions ['ros']
[0.612s] Level 1:colcon.colcon_core.package_identification:_identify(src/webots_ros2/webots_ros2_universal_robot) by extension 'ros'
[0.613s] DEBUG:colcon.colcon_core.package_identification:Package 'src/webots_ros2/webots_ros2_universal_robot' with type 'ros.ament_python' and name 'webots_ros2_universal_robot'
[0.613s] Level 1:colcon.colcon_core.package_discovery:discover_packages(recursive) using defaults
[0.613s] Level 1:colcon.colcon_core.package_discovery:discover_packages(ignore) discover
[0.613s] Level 1:colcon.colcon_core.package_discovery:discover_packages(ignore) using defaults
[0.613s] Level 1:colcon.colcon_core.package_discovery:discover_packages(path) discover
[0.613s] Level 1:colcon.colcon_core.package_discovery:discover_packages(path) using defaults
[0.672s] INFO:colcon.colcon_core.package_selection:Skipping not selected package 'webots_ros2_driver' in 'src/webots_ros2/webots_ros2_driver'
[0.672s] INFO:colcon.colcon_core.package_selection:Skipping not selected package 'webots_ros2_control' in 'src/webots_ros2/webots_ros2_control'
[0.672s] INFO:colcon.colcon_core.package_selection:Skipping not selected package 'webots_ros2_crazyflie' in 'src/webots_ros2/webots_ros2_crazyflie'
[0.672s] INFO:colcon.colcon_core.package_selection:Skipping not selected package 'webots_ros2_mavic' in 'src/webots_ros2/webots_ros2_mavic'
[0.672s] INFO:colcon.colcon_core.package_selection:Skipping not selected package 'webots_ros2_tesla' in 'src/webots_ros2/webots_ros2_tesla'
[0.672s] INFO:colcon.colcon_core.package_selection:Skipping not selected package 'webots_ros2_epuck' in 'src/webots_ros2/webots_ros2_epuck'
[0.672s] INFO:colcon.colcon_core.package_selection:Skipping not selected package 'webots_ros2_husarion' in 'src/webots_ros2/webots_ros2_husarion'
[0.672s] INFO:colcon.colcon_core.package_selection:Skipping not selected package 'webots_ros2_tiago' in 'src/webots_ros2/webots_ros2_tiago'
[0.672s] INFO:colcon.colcon_core.package_selection:Skipping not selected package 'webots_ros2_turtlebot' in 'src/webots_ros2/webots_ros2_turtlebot'
[0.672s] INFO:colcon.colcon_core.package_selection:Skipping not selected package 'webots_ros2_universal_robot' in 'src/webots_ros2/webots_ros2_universal_robot'
[0.672s] INFO:colcon.colcon_core.package_selection:Skipping not selected package 'webots_ros2_tests' in 'src/webots_ros2/webots_ros2_tests'
[0.672s] INFO:colcon.colcon_core.package_selection:Skipping not selected package 'webots_ros2' in 'src/webots_ros2/webots_ros2'
[0.673s] Level 1:colcon.colcon_core.package_discovery:discover_packages(prefix_path) check parameters
[0.673s] Level 1:colcon.colcon_core.package_discovery:discover_packages(prefix_path) discover
[0.674s] WARNING:colcon.colcon_ros.prefix_path.ament:The path '/home/albin/webots_ws/install/webots_ros2' in the environment variable AMENT_PREFIX_PATH doesn't exist
[0.674s] WARNING:colcon.colcon_ros.prefix_path.ament:The path '/home/albin/webots_ws/install/webots_ros2_universal_robot' in the environment variable AMENT_PREFIX_PATH doesn't exist
[0.674s] WARNING:colcon.colcon_ros.prefix_path.ament:The path '/home/albin/webots_ws/install/webots_ros2_turtlebot' in the environment variable AMENT_PREFIX_PATH doesn't exist
[0.674s] WARNING:colcon.colcon_ros.prefix_path.ament:The path '/home/albin/webots_ws/install/webots_ros2_tiago' in the environment variable AMENT_PREFIX_PATH doesn't exist
[0.674s] WARNING:colcon.colcon_ros.prefix_path.ament:The path '/home/albin/webots_ws/install/webots_ros2_tests' in the environment variable AMENT_PREFIX_PATH doesn't exist
[0.674s] WARNING:colcon.colcon_ros.prefix_path.ament:The path '/home/albin/webots_ws/install/webots_ros2_tesla' in the environment variable AMENT_PREFIX_PATH doesn't exist
[0.674s] WARNING:colcon.colcon_ros.prefix_path.ament:The path '/home/albin/webots_ws/install/webots_ros2_mavic' in the environment variable AMENT_PREFIX_PATH doesn't exist
[0.674s] WARNING:colcon.colcon_ros.prefix_path.ament:The path '/home/albin/webots_ws/install/webots_ros2_husarion' in the environment variable AMENT_PREFIX_PATH doesn't exist
[0.674s] WARNING:colcon.colcon_ros.prefix_path.ament:The path '/home/albin/webots_ws/install/webots_ros2_epuck' in the environment variable AMENT_PREFIX_PATH doesn't exist
[0.674s] WARNING:colcon.colcon_ros.prefix_path.ament:The path '/home/albin/webots_ws/install/webots_ros2_crazyflie' in the environment variable AMENT_PREFIX_PATH doesn't exist
[0.674s] WARNING:colcon.colcon_ros.prefix_path.ament:The path '/home/albin/webots_ws/install/webots_ros2_control' in the environment variable AMENT_PREFIX_PATH doesn't exist
[0.674s] WARNING:colcon.colcon_ros.prefix_path.ament:The path '/home/albin/webots_ws/install/webots_ros2_driver' in the environment variable AMENT_PREFIX_PATH doesn't exist
[0.674s] WARNING:colcon.colcon_ros.prefix_path.ament:The path '/home/albin/webots_ws/install/webots_ros2_msgs' in the environment variable AMENT_PREFIX_PATH doesn't exist
[0.683s] WARNING:colcon.colcon_ros.prefix_path.catkin:The path '/home/albin/webots_ws/install/webots_ros2_control' in the environment variable CMAKE_PREFIX_PATH doesn't exist
[0.683s] WARNING:colcon.colcon_ros.prefix_path.catkin:The path '/home/albin/webots_ws/install/webots_ros2_driver' in the environment variable CMAKE_PREFIX_PATH doesn't exist
[0.683s] WARNING:colcon.colcon_ros.prefix_path.catkin:The path '/home/albin/webots_ws/install/webots_ros2_msgs' in the environment variable CMAKE_PREFIX_PATH doesn't exist
[0.685s] DEBUG:colcon.colcon_installed_package_information.package_discovery:Found 0 installed packages in /home/albin/webots_ws/install
[0.694s] DEBUG:colcon.colcon_installed_package_information.package_discovery:Found 359 installed packages in /home/albin/ros2_iron/install
[0.698s] DEBUG:colcon.colcon_installed_package_information.package_discovery:Found 211 installed packages in /opt/ros/iron
[0.705s] Level 1:colcon.colcon_core.package_discovery:discover_packages(prefix_path) using defaults
[0.760s] Level 5:colcon.colcon_core.verb:set package 'webots_ros2_importer' build argument 'cmake_args' from command line to 'None'
[0.760s] Level 5:colcon.colcon_core.verb:set package 'webots_ros2_importer' build argument 'cmake_target' from command line to 'None'
[0.760s] Level 5:colcon.colcon_core.verb:set package 'webots_ros2_importer' build argument 'cmake_target_skip_unavailable' from command line to 'False'
[0.760s] Level 5:colcon.colcon_core.verb:set package 'webots_ros2_importer' build argument 'cmake_clean_cache' from command line to 'False'
[0.760s] Level 5:colcon.colcon_core.verb:set package 'webots_ros2_importer' build argument 'cmake_clean_first' from command line to 'False'
[0.760s] Level 5:colcon.colcon_core.verb:set package 'webots_ros2_importer' build argument 'cmake_force_configure' from command line to 'False'
[0.760s] Level 5:colcon.colcon_core.verb:set package 'webots_ros2_importer' build argument 'ament_cmake_args' from command line to 'None'
[0.760s] Level 5:colcon.colcon_core.verb:set package 'webots_ros2_importer' build argument 'catkin_cmake_args' from command line to 'None'
[0.760s] Level 5:colcon.colcon_core.verb:set package 'webots_ros2_importer' build argument 'catkin_skip_building_tests' from command line to 'False'
[0.760s] DEBUG:colcon.colcon_core.verb:Building package 'webots_ros2_importer' with the following arguments: {'ament_cmake_args': None, 'build_base': '/home/albin/webots_ws/build/webots_ros2_importer', 'catkin_cmake_args': None, 'catkin_skip_building_tests': False, 'cmake_args': None, 'cmake_clean_cache': False, 'cmake_clean_first': False, 'cmake_force_configure': False, 'cmake_target': None, 'cmake_target_skip_unavailable': False, 'install_base': '/home/albin/webots_ws/install/webots_ros2_importer', 'merge_install': False, 'path': '/home/albin/webots_ws/src/webots_ros2/webots_ros2_importer', 'symlink_install': False, 'test_result_base': None}
[0.761s] Level 5:colcon.colcon_core.verb:set package 'webots_ros2_msgs' build argument 'cmake_args' from command line to 'None'
[0.761s] Level 5:colcon.colcon_core.verb:set package 'webots_ros2_msgs' build argument 'cmake_target' from command line to 'None'
[0.761s] Level 5:colcon.colcon_core.verb:set package 'webots_ros2_msgs' build argument 'cmake_target_skip_unavailable' from command line to 'False'
[0.761s] Level 5:colcon.colcon_core.verb:set package 'webots_ros2_msgs' build argument 'cmake_clean_cache' from command line to 'False'
[0.761s] Level 5:colcon.colcon_core.verb:set package 'webots_ros2_msgs' build argument 'cmake_clean_first' from command line to 'False'
[0.761s] Level 5:colcon.colcon_core.verb:set package 'webots_ros2_msgs' build argument 'cmake_force_configure' from command line to 'False'
[0.761s] Level 5:colcon.colcon_core.verb:set package 'webots_ros2_msgs' build argument 'ament_cmake_args' from command line to 'None'
[0.761s] Level 5:colcon.colcon_core.verb:set package 'webots_ros2_msgs' build argument 'catkin_cmake_args' from command line to 'None'
[0.761s] Level 5:colcon.colcon_core.verb:set package 'webots_ros2_msgs' build argument 'catkin_skip_building_tests' from command line to 'False'
[0.761s] DEBUG:colcon.colcon_core.verb:Building package 'webots_ros2_msgs' with the following arguments: {'ament_cmake_args': None, 'build_base': '/home/albin/webots_ws/build/webots_ros2_msgs', 'catkin_cmake_args': None, 'catkin_skip_building_tests': False, 'cmake_args': None, 'cmake_clean_cache': False, 'cmake_clean_first': False, 'cmake_force_configure': False, 'cmake_target': None, 'cmake_target_skip_unavailable': False, 'install_base': '/home/albin/webots_ws/install/webots_ros2_msgs', 'merge_install': False, 'path': '/home/albin/webots_ws/src/webots_ros2/webots_ros2_msgs', 'symlink_install': False, 'test_result_base': None}
[0.761s] INFO:colcon.colcon_core.executor:Executing jobs using 'parallel' executor
[0.762s] DEBUG:colcon.colcon_parallel_executor.executor.parallel:run_until_complete
[0.763s] INFO:colcon.colcon_ros.task.ament_python.build:Building ROS package in '/home/albin/webots_ws/src/webots_ros2/webots_ros2_importer' with build type 'ament_python'
[0.763s] Level 1:colcon.colcon_core.shell:create_environment_hook('webots_ros2_importer', 'ament_prefix_path')
[0.770s] INFO:colcon.colcon_core.plugin_system:Skipping extension 'colcon_core.shell.bat': Not used on non-Windows systems
[0.770s] INFO:colcon.colcon_core.shell:Creating environment hook '/home/albin/webots_ws/install/webots_ros2_importer/share/webots_ros2_importer/hook/ament_prefix_path.ps1'
[0.771s] INFO:colcon.colcon_core.shell:Creating environment descriptor '/home/albin/webots_ws/install/webots_ros2_importer/share/webots_ros2_importer/hook/ament_prefix_path.dsv'
[0.771s] INFO:colcon.colcon_core.shell:Creating environment hook '/home/albin/webots_ws/install/webots_ros2_importer/share/webots_ros2_importer/hook/ament_prefix_path.sh'
[0.772s] INFO:colcon.colcon_core.shell:Skip shell extension 'powershell' for command environment: Not usable outside of PowerShell
[0.772s] DEBUG:colcon.colcon_core.shell:Skip shell extension 'dsv' for command environment
[0.794s] INFO:colcon.colcon_ros.task.ament_cmake.build:Building ROS package in '/home/albin/webots_ws/src/webots_ros2/webots_ros2_msgs' with build type 'ament_cmake'
[0.795s] INFO:colcon.colcon_cmake.task.cmake.build:Building CMake package in '/home/albin/webots_ws/src/webots_ros2/webots_ros2_msgs'
[0.795s] INFO:colcon.colcon_core.shell:Skip shell extension 'powershell' for command environment: Not usable outside of PowerShell
[0.795s] DEBUG:colcon.colcon_core.shell:Skip shell extension 'dsv' for command environment
[1.410s] INFO:colcon.colcon_core.task.python.build:Building Python package in '/home/albin/webots_ws/src/webots_ros2/webots_ros2_importer'
[1.411s] INFO:colcon.colcon_core.shell:Skip shell extension 'powershell' for command environment: Not usable outside of PowerShell
[1.411s] DEBUG:colcon.colcon_core.shell:Skip shell extension 'dsv' for command environment
[1.442s] DEBUG:colcon.colcon_core.event_handler.log_command:Invoking command in '/home/albin/webots_ws/build/webots_ros2_msgs': CMAKE_PREFIX_PATH=${CMAKE_PREFIX_PATH}:/home/albin/webots_ws/install/webots_ros2:/home/albin/webots_ws/install/webots_ros2_universal_robot:/home/albin/webots_ws/install/webots_ros2_turtlebot:/home/albin/webots_ws/install/webots_ros2_tiago:/home/albin/webots_ws/install/webots_ros2_tests:/home/albin/webots_ws/install/webots_ros2_tesla:/home/albin/webots_ws/install/webots_ros2_mavic:/home/albin/webots_ws/install/webots_ros2_husarion:/home/albin/webots_ws/install/webots_ros2_epuck:/home/albin/webots_ws/install/webots_ros2_crazyflie:/home/albin/webots_ws/install/webots_ros2_importer:/opt/ros/iron:/home/albin/ros2_iron/install/rqt_bag_plugins:/home/albin/ros2_iron/install/rqt_bag:/home/albin/ros2_iron/install/rosbag2_examples_py:/home/albin/ros2_iron/install/launch_testing_examples:/home/albin/ros2_iron/install/ros2bag:/home/albin/ros2_iron/install/tracetools_test:/home/albin/ros2_iron/install/tracetools_launch:/home/albin/ros2_iron/install/topic_monitor:/home/albin/ros2_iron/install/tf2_tools:/home/albin/ros2_iron/install/examples_tf2_py:/home/albin/ros2_iron/install/tf2_ros_py:/home/albin/ros2_iron/install/examples_rclpy_pointcloud_publisher:/home/albin/ros2_iron/install/sensor_msgs_py:/home/albin/ros2_iron/install/quality_of_service_demo_py:/home/albin/ros2_iron/install/rqt_plot:/home/albin/ros2_iron/install/ros2doctor:/home/albin/ros2_iron/install/lifecycle_py:/home/albin/ros2_iron/install/examples_rclpy_minimal_subscriber:/home/albin/ros2_iron/install/examples_rclpy_minimal_service:/home/albin/ros2_iron/install/examples_rclpy_minimal_publisher:/home/albin/ros2_iron/install/examples_rclpy_minimal_client:/home/albin/ros2_iron/install/examples_rclpy_executors:/home/albin/ros2_iron/install/demo_nodes_py:/home/albin/ros2_iron/install/rqt:/home/albin/ros2_iron/install/ros2component:/home/albin/ros2_iron/install/sros2:/home/albin/ros2_iron/install/rqt_topic:/home/albin/ros2_iron/install/rqt_srv:/home/albin/ros2_iron/install/rqt_shell:/home/albin/ros2_iron/install/rqt_service_caller:/home/albin/ros2_iron/install/rqt_reconfigure:/home/albin/ros2_iron/install/rqt_py_console:/home/albin/ros2_iron/install/rqt_publisher:/home/albin/ros2_iron/install/rqt_action:/home/albin/ros2_iron/install/rqt_msg:/home/albin/ros2_iron/install/rqt_console:/home/albin/ros2_iron/install/rqt_graph:/home/albin/ros2_iron/install/rqt_gui_py:/home/albin/ros2_iron/install/rqt_gui:/home/albin/ros2_iron/install/ros2trace:/home/albin/ros2_iron/install/ros2topic:/home/albin/ros2_iron/install/ros2test:/home/albin/ros2_iron/install/ros2param:/home/albin/ros2_iron/install/ros2lifecycle:/home/albin/ros2_iron/install/ros2service:/home/albin/ros2_iron/install/ros2run:/home/albin/ros2_iron/install/ros2launch:/home/albin/ros2_iron/install/ros2pkg:/home/albin/ros2_iron/install/ros2node:/home/albin/ros2_iron/install/ros2multicast:/home/albin/ros2_iron/install/ros2interface:/home/albin/ros2_iron/install/ros2action:/home/albin/ros2_iron/install/ros2cli:/home/albin/ros2_iron/install/launch_testing_ros:/home/albin/ros2_iron/install/launch_ros:/home/albin/ros2_iron/install/examples_rclpy_minimal_action_server:/home/albin/ros2_iron/install/examples_rclpy_minimal_action_client:/home/albin/ros2_iron/install/examples_rclpy_guard_conditions:/home/albin/ros2_iron/install/action_tutorials_py:/home/albin/ros2_iron/install/ament_uncrustify:/home/albin/ros2_iron/install/tracetools_trace:/home/albin/ros2_iron/install/tracetools_read:/home/albin/ros2_iron/install/test_tracetools_launch:/home/albin/ros2_iron/install/test_ros2trace:/home/albin/ros2_iron/install/test_launch_ros:/home/albin/ros2_iron/install/rpyutils:/home/albin/ros2_iron/install/rosidl_runtime_py:/home/albin/ros2_iron/install/rosidl_pycommon:/home/albin/ros2_iron/install/rosidl_cli:/home/albin/ros2_iron/install/launch_pytest:/home/albin/ros2_iron/install/launch_testing:/home/albin/ros2_iron/install/launch_yaml:/home/albin/ros2_iron/install/launch_xml:/home/albin/ros2_iron/install/launch:/home/albin/ros2_iron/install/osrf_pycommon:/home/albin/ros2_iron/install/domain_coordinator:/home/albin/ros2_iron/install/ament_xmllint:/home/albin/ros2_iron/install/ament_pyflakes:/home/albin/ros2_iron/install/ament_pycodestyle:/home/albin/ros2_iron/install/ament_pep257:/home/albin/ros2_iron/install/ament_pclint:/home/albin/ros2_iron/install/ament_package:/home/albin/ros2_iron/install/ament_mypy:/home/albin/ros2_iron/install/ament_lint_cmake:/home/albin/ros2_iron/install/ament_flake8:/home/albin/ros2_iron/install/ament_copyright:/home/albin/ros2_iron/install/ament_lint:/home/albin/ros2_iron/install/ament_index_python:/home/albin/ros2_iron/install/ament_cpplint:/home/albin/ros2_iron/install/ament_cppcheck:/home/albin/ros2_iron/install/ament_clang_tidy:/home/albin/ros2_iron/install/ament_clang_format /home/albin/.local/bin/cmake --build /home/albin/webots_ws/build/webots_ros2_msgs -- -j12 -l12
[2.059s] DEBUG:colcon.colcon_core.event_handler.log_command:Invoked command in '/home/albin/webots_ws/build/webots_ros2_msgs' returned '0': CMAKE_PREFIX_PATH=${CMAKE_PREFIX_PATH}:/home/albin/webots_ws/install/webots_ros2:/home/albin/webots_ws/install/webots_ros2_universal_robot:/home/albin/webots_ws/install/webots_ros2_turtlebot:/home/albin/webots_ws/install/webots_ros2_tiago:/home/albin/webots_ws/install/webots_ros2_tests:/home/albin/webots_ws/install/webots_ros2_tesla:/home/albin/webots_ws/install/webots_ros2_mavic:/home/albin/webots_ws/install/webots_ros2_husarion:/home/albin/webots_ws/install/webots_ros2_epuck:/home/albin/webots_ws/install/webots_ros2_crazyflie:/home/albin/webots_ws/install/webots_ros2_importer:/opt/ros/iron:/home/albin/ros2_iron/install/rqt_bag_plugins:/home/albin/ros2_iron/install/rqt_bag:/home/albin/ros2_iron/install/rosbag2_examples_py:/home/albin/ros2_iron/install/launch_testing_examples:/home/albin/ros2_iron/install/ros2bag:/home/albin/ros2_iron/install/tracetools_test:/home/albin/ros2_iron/install/tracetools_launch:/home/albin/ros2_iron/install/topic_monitor:/home/albin/ros2_iron/install/tf2_tools:/home/albin/ros2_iron/install/examples_tf2_py:/home/albin/ros2_iron/install/tf2_ros_py:/home/albin/ros2_iron/install/examples_rclpy_pointcloud_publisher:/home/albin/ros2_iron/install/sensor_msgs_py:/home/albin/ros2_iron/install/quality_of_service_demo_py:/home/albin/ros2_iron/install/rqt_plot:/home/albin/ros2_iron/install/ros2doctor:/home/albin/ros2_iron/install/lifecycle_py:/home/albin/ros2_iron/install/examples_rclpy_minimal_subscriber:/home/albin/ros2_iron/install/examples_rclpy_minimal_service:/home/albin/ros2_iron/install/examples_rclpy_minimal_publisher:/home/albin/ros2_iron/install/examples_rclpy_minimal_client:/home/albin/ros2_iron/install/examples_rclpy_executors:/home/albin/ros2_iron/install/demo_nodes_py:/home/albin/ros2_iron/install/rqt:/home/albin/ros2_iron/install/ros2component:/home/albin/ros2_iron/install/sros2:/home/albin/ros2_iron/install/rqt_topic:/home/albin/ros2_iron/install/rqt_srv:/home/albin/ros2_iron/install/rqt_shell:/home/albin/ros2_iron/install/rqt_service_caller:/home/albin/ros2_iron/install/rqt_reconfigure:/home/albin/ros2_iron/install/rqt_py_console:/home/albin/ros2_iron/install/rqt_publisher:/home/albin/ros2_iron/install/rqt_action:/home/albin/ros2_iron/install/rqt_msg:/home/albin/ros2_iron/install/rqt_console:/home/albin/ros2_iron/install/rqt_graph:/home/albin/ros2_iron/install/rqt_gui_py:/home/albin/ros2_iron/install/rqt_gui:/home/albin/ros2_iron/install/ros2trace:/home/albin/ros2_iron/install/ros2topic:/home/albin/ros2_iron/install/ros2test:/home/albin/ros2_iron/install/ros2param:/home/albin/ros2_iron/install/ros2lifecycle:/home/albin/ros2_iron/install/ros2service:/home/albin/ros2_iron/install/ros2run:/home/albin/ros2_iron/install/ros2launch:/home/albin/ros2_iron/install/ros2pkg:/home/albin/ros2_iron/install/ros2node:/home/albin/ros2_iron/install/ros2multicast:/home/albin/ros2_iron/install/ros2interface:/home/albin/ros2_iron/install/ros2action:/home/albin/ros2_iron/install/ros2cli:/home/albin/ros2_iron/install/launch_testing_ros:/home/albin/ros2_iron/install/launch_ros:/home/albin/ros2_iron/install/examples_rclpy_minimal_action_server:/home/albin/ros2_iron/install/examples_rclpy_minimal_action_client:/home/albin/ros2_iron/install/examples_rclpy_guard_conditions:/home/albin/ros2_iron/install/action_tutorials_py:/home/albin/ros2_iron/install/ament_uncrustify:/home/albin/ros2_iron/install/tracetools_trace:/home/albin/ros2_iron/install/tracetools_read:/home/albin/ros2_iron/install/test_tracetools_launch:/home/albin/ros2_iron/install/test_ros2trace:/home/albin/ros2_iron/install/test_launch_ros:/home/albin/ros2_iron/install/rpyutils:/home/albin/ros2_iron/install/rosidl_runtime_py:/home/albin/ros2_iron/install/rosidl_pycommon:/home/albin/ros2_iron/install/rosidl_cli:/home/albin/ros2_iron/install/launch_pytest:/home/albin/ros2_iron/install/launch_testing:/home/albin/ros2_iron/install/launch_yaml:/home/albin/ros2_iron/install/launch_xml:/home/albin/ros2_iron/install/launch:/home/albin/ros2_iron/install/osrf_pycommon:/home/albin/ros2_iron/install/domain_coordinator:/home/albin/ros2_iron/install/ament_xmllint:/home/albin/ros2_iron/install/ament_pyflakes:/home/albin/ros2_iron/install/ament_pycodestyle:/home/albin/ros2_iron/install/ament_pep257:/home/albin/ros2_iron/install/ament_pclint:/home/albin/ros2_iron/install/ament_package:/home/albin/ros2_iron/install/ament_mypy:/home/albin/ros2_iron/install/ament_lint_cmake:/home/albin/ros2_iron/install/ament_flake8:/home/albin/ros2_iron/install/ament_copyright:/home/albin/ros2_iron/install/ament_lint:/home/albin/ros2_iron/install/ament_index_python:/home/albin/ros2_iron/install/ament_cpplint:/home/albin/ros2_iron/install/ament_cppcheck:/home/albin/ros2_iron/install/ament_clang_tidy:/home/albin/ros2_iron/install/ament_clang_format /home/albin/.local/bin/cmake --build /home/albin/webots_ws/build/webots_ros2_msgs -- -j12 -l12
[2.066s] DEBUG:colcon.colcon_core.event_handler.log_command:Invoking command in '/home/albin/webots_ws/build/webots_ros2_msgs': CMAKE_PREFIX_PATH=${CMAKE_PREFIX_PATH}:/home/albin/webots_ws/install/webots_ros2:/home/albin/webots_ws/install/webots_ros2_universal_robot:/home/albin/webots_ws/install/webots_ros2_turtlebot:/home/albin/webots_ws/install/webots_ros2_tiago:/home/albin/webots_ws/install/webots_ros2_tests:/home/albin/webots_ws/install/webots_ros2_tesla:/home/albin/webots_ws/install/webots_ros2_mavic:/home/albin/webots_ws/install/webots_ros2_husarion:/home/albin/webots_ws/install/webots_ros2_epuck:/home/albin/webots_ws/install/webots_ros2_crazyflie:/home/albin/webots_ws/install/webots_ros2_importer:/opt/ros/iron:/home/albin/ros2_iron/install/rqt_bag_plugins:/home/albin/ros2_iron/install/rqt_bag:/home/albin/ros2_iron/install/rosbag2_examples_py:/home/albin/ros2_iron/install/launch_testing_examples:/home/albin/ros2_iron/install/ros2bag:/home/albin/ros2_iron/install/tracetools_test:/home/albin/ros2_iron/install/tracetools_launch:/home/albin/ros2_iron/install/topic_monitor:/home/albin/ros2_iron/install/tf2_tools:/home/albin/ros2_iron/install/examples_tf2_py:/home/albin/ros2_iron/install/tf2_ros_py:/home/albin/ros2_iron/install/examples_rclpy_pointcloud_publisher:/home/albin/ros2_iron/install/sensor_msgs_py:/home/albin/ros2_iron/install/quality_of_service_demo_py:/home/albin/ros2_iron/install/rqt_plot:/home/albin/ros2_iron/install/ros2doctor:/home/albin/ros2_iron/install/lifecycle_py:/home/albin/ros2_iron/install/examples_rclpy_minimal_subscriber:/home/albin/ros2_iron/install/examples_rclpy_minimal_service:/home/albin/ros2_iron/install/examples_rclpy_minimal_publisher:/home/albin/ros2_iron/install/examples_rclpy_minimal_client:/home/albin/ros2_iron/install/examples_rclpy_executors:/home/albin/ros2_iron/install/demo_nodes_py:/home/albin/ros2_iron/install/rqt:/home/albin/ros2_iron/install/ros2component:/home/albin/ros2_iron/install/sros2:/home/albin/ros2_iron/install/rqt_topic:/home/albin/ros2_iron/install/rqt_srv:/home/albin/ros2_iron/install/rqt_shell:/home/albin/ros2_iron/install/rqt_service_caller:/home/albin/ros2_iron/install/rqt_reconfigure:/home/albin/ros2_iron/install/rqt_py_console:/home/albin/ros2_iron/install/rqt_publisher:/home/albin/ros2_iron/install/rqt_action:/home/albin/ros2_iron/install/rqt_msg:/home/albin/ros2_iron/install/rqt_console:/home/albin/ros2_iron/install/rqt_graph:/home/albin/ros2_iron/install/rqt_gui_py:/home/albin/ros2_iron/install/rqt_gui:/home/albin/ros2_iron/install/ros2trace:/home/albin/ros2_iron/install/ros2topic:/home/albin/ros2_iron/install/ros2test:/home/albin/ros2_iron/install/ros2param:/home/albin/ros2_iron/install/ros2lifecycle:/home/albin/ros2_iron/install/ros2service:/home/albin/ros2_iron/install/ros2run:/home/albin/ros2_iron/install/ros2launch:/home/albin/ros2_iron/install/ros2pkg:/home/albin/ros2_iron/install/ros2node:/home/albin/ros2_iron/install/ros2multicast:/home/albin/ros2_iron/install/ros2interface:/home/albin/ros2_iron/install/ros2action:/home/albin/ros2_iron/install/ros2cli:/home/albin/ros2_iron/install/launch_testing_ros:/home/albin/ros2_iron/install/launch_ros:/home/albin/ros2_iron/install/examples_rclpy_minimal_action_server:/home/albin/ros2_iron/install/examples_rclpy_minimal_action_client:/home/albin/ros2_iron/install/examples_rclpy_guard_conditions:/home/albin/ros2_iron/install/action_tutorials_py:/home/albin/ros2_iron/install/ament_uncrustify:/home/albin/ros2_iron/install/tracetools_trace:/home/albin/ros2_iron/install/tracetools_read:/home/albin/ros2_iron/install/test_tracetools_launch:/home/albin/ros2_iron/install/test_ros2trace:/home/albin/ros2_iron/install/test_launch_ros:/home/albin/ros2_iron/install/rpyutils:/home/albin/ros2_iron/install/rosidl_runtime_py:/home/albin/ros2_iron/install/rosidl_pycommon:/home/albin/ros2_iron/install/rosidl_cli:/home/albin/ros2_iron/install/launch_pytest:/home/albin/ros2_iron/install/launch_testing:/home/albin/ros2_iron/install/launch_yaml:/home/albin/ros2_iron/install/launch_xml:/home/albin/ros2_iron/install/launch:/home/albin/ros2_iron/install/osrf_pycommon:/home/albin/ros2_iron/install/domain_coordinator:/home/albin/ros2_iron/install/ament_xmllint:/home/albin/ros2_iron/install/ament_pyflakes:/home/albin/ros2_iron/install/ament_pycodestyle:/home/albin/ros2_iron/install/ament_pep257:/home/albin/ros2_iron/install/ament_pclint:/home/albin/ros2_iron/install/ament_package:/home/albin/ros2_iron/install/ament_mypy:/home/albin/ros2_iron/install/ament_lint_cmake:/home/albin/ros2_iron/install/ament_flake8:/home/albin/ros2_iron/install/ament_copyright:/home/albin/ros2_iron/install/ament_lint:/home/albin/ros2_iron/install/ament_index_python:/home/albin/ros2_iron/install/ament_cpplint:/home/albin/ros2_iron/install/ament_cppcheck:/home/albin/ros2_iron/install/ament_clang_tidy:/home/albin/ros2_iron/install/ament_clang_format /home/albin/.local/bin/cmake --install /home/albin/webots_ws/build/webots_ros2_msgs
[2.142s] DEBUG:colcon.colcon_core.event_handler.log_command:Invoking command in '/home/albin/webots_ws/src/webots_ros2/webots_ros2_importer': PYTHONPATH=/home/albin/webots_ws/build/webots_ros2_importer/prefix_override:/usr/lib/python3/dist-packages/colcon_core/task/python/colcon_distutils_commands:/home/albin/webots_ws/install/webots_ros2_importer/lib/python3.10/site-packages:${PYTHONPATH} /usr/bin/python3 -W ignore:setup.py install is deprecated -W ignore:easy_install command is deprecated setup.py egg_info --egg-base ../../../build/webots_ros2_importer build --build-base /home/albin/webots_ws/build/webots_ros2_importer/build install --record /home/albin/webots_ws/build/webots_ros2_importer/install.log --single-version-externally-managed install_data
[2.242s] Level 1:colcon.colcon_core.environment:create_environment_scripts_only(webots_ros2_msgs)
[2.242s] DEBUG:colcon.colcon_core.event_handler.log_command:Invoked command in '/home/albin/webots_ws/build/webots_ros2_msgs' returned '0': CMAKE_PREFIX_PATH=${CMAKE_PREFIX_PATH}:/home/albin/webots_ws/install/webots_ros2:/home/albin/webots_ws/install/webots_ros2_universal_robot:/home/albin/webots_ws/install/webots_ros2_turtlebot:/home/albin/webots_ws/install/webots_ros2_tiago:/home/albin/webots_ws/install/webots_ros2_tests:/home/albin/webots_ws/install/webots_ros2_tesla:/home/albin/webots_ws/install/webots_ros2_mavic:/home/albin/webots_ws/install/webots_ros2_husarion:/home/albin/webots_ws/install/webots_ros2_epuck:/home/albin/webots_ws/install/webots_ros2_crazyflie:/home/albin/webots_ws/install/webots_ros2_importer:/opt/ros/iron:/home/albin/ros2_iron/install/rqt_bag_plugins:/home/albin/ros2_iron/install/rqt_bag:/home/albin/ros2_iron/install/rosbag2_examples_py:/home/albin/ros2_iron/install/launch_testing_examples:/home/albin/ros2_iron/install/ros2bag:/home/albin/ros2_iron/install/tracetools_test:/home/albin/ros2_iron/install/tracetools_launch:/home/albin/ros2_iron/install/topic_monitor:/home/albin/ros2_iron/install/tf2_tools:/home/albin/ros2_iron/install/examples_tf2_py:/home/albin/ros2_iron/install/tf2_ros_py:/home/albin/ros2_iron/install/examples_rclpy_pointcloud_publisher:/home/albin/ros2_iron/install/sensor_msgs_py:/home/albin/ros2_iron/install/quality_of_service_demo_py:/home/albin/ros2_iron/install/rqt_plot:/home/albin/ros2_iron/install/ros2doctor:/home/albin/ros2_iron/install/lifecycle_py:/home/albin/ros2_iron/install/examples_rclpy_minimal_subscriber:/home/albin/ros2_iron/install/examples_rclpy_minimal_service:/home/albin/ros2_iron/install/examples_rclpy_minimal_publisher:/home/albin/ros2_iron/install/examples_rclpy_minimal_client:/home/albin/ros2_iron/install/examples_rclpy_executors:/home/albin/ros2_iron/install/demo_nodes_py:/home/albin/ros2_iron/install/rqt:/home/albin/ros2_iron/install/ros2component:/home/albin/ros2_iron/install/sros2:/home/albin/ros2_iron/install/rqt_topic:/home/albin/ros2_iron/install/rqt_srv:/home/albin/ros2_iron/install/rqt_shell:/home/albin/ros2_iron/install/rqt_service_caller:/home/albin/ros2_iron/install/rqt_reconfigure:/home/albin/ros2_iron/install/rqt_py_console:/home/albin/ros2_iron/install/rqt_publisher:/home/albin/ros2_iron/install/rqt_action:/home/albin/ros2_iron/install/rqt_msg:/home/albin/ros2_iron/install/rqt_console:/home/albin/ros2_iron/install/rqt_graph:/home/albin/ros2_iron/install/rqt_gui_py:/home/albin/ros2_iron/install/rqt_gui:/home/albin/ros2_iron/install/ros2trace:/home/albin/ros2_iron/install/ros2topic:/home/albin/ros2_iron/install/ros2test:/home/albin/ros2_iron/install/ros2param:/home/albin/ros2_iron/install/ros2lifecycle:/home/albin/ros2_iron/install/ros2service:/home/albin/ros2_iron/install/ros2run:/home/albin/ros2_iron/install/ros2launch:/home/albin/ros2_iron/install/ros2pkg:/home/albin/ros2_iron/install/ros2node:/home/albin/ros2_iron/install/ros2multicast:/home/albin/ros2_iron/install/ros2interface:/home/albin/ros2_iron/install/ros2action:/home/albin/ros2_iron/install/ros2cli:/home/albin/ros2_iron/install/launch_testing_ros:/home/albin/ros2_iron/install/launch_ros:/home/albin/ros2_iron/install/examples_rclpy_minimal_action_server:/home/albin/ros2_iron/install/examples_rclpy_minimal_action_client:/home/albin/ros2_iron/install/examples_rclpy_guard_conditions:/home/albin/ros2_iron/install/action_tutorials_py:/home/albin/ros2_iron/install/ament_uncrustify:/home/albin/ros2_iron/install/tracetools_trace:/home/albin/ros2_iron/install/tracetools_read:/home/albin/ros2_iron/install/test_tracetools_launch:/home/albin/ros2_iron/install/test_ros2trace:/home/albin/ros2_iron/install/test_launch_ros:/home/albin/ros2_iron/install/rpyutils:/home/albin/ros2_iron/install/rosidl_runtime_py:/home/albin/ros2_iron/install/rosidl_pycommon:/home/albin/ros2_iron/install/rosidl_cli:/home/albin/ros2_iron/install/launch_pytest:/home/albin/ros2_iron/install/launch_testing:/home/albin/ros2_iron/install/launch_yaml:/home/albin/ros2_iron/install/launch_xml:/home/albin/ros2_iron/install/launch:/home/albin/ros2_iron/install/osrf_pycommon:/home/albin/ros2_iron/install/domain_coordinator:/home/albin/ros2_iron/install/ament_xmllint:/home/albin/ros2_iron/install/ament_pyflakes:/home/albin/ros2_iron/install/ament_pycodestyle:/home/albin/ros2_iron/install/ament_pep257:/home/albin/ros2_iron/install/ament_pclint:/home/albin/ros2_iron/install/ament_package:/home/albin/ros2_iron/install/ament_mypy:/home/albin/ros2_iron/install/ament_lint_cmake:/home/albin/ros2_iron/install/ament_flake8:/home/albin/ros2_iron/install/ament_copyright:/home/albin/ros2_iron/install/ament_lint:/home/albin/ros2_iron/install/ament_index_python:/home/albin/ros2_iron/install/ament_cpplint:/home/albin/ros2_iron/install/ament_cppcheck:/home/albin/ros2_iron/install/ament_clang_tidy:/home/albin/ros2_iron/install/ament_clang_format /home/albin/.local/bin/cmake --install /home/albin/webots_ws/build/webots_ros2_msgs
[2.254s] Level 1:colcon.colcon_core.environment:checking '/home/albin/webots_ws/install/webots_ros2_msgs' for CMake module files
[2.254s] Level 1:colcon.colcon_core.environment:checking '/home/albin/webots_ws/install/webots_ros2_msgs' for CMake config files
[2.255s] Level 1:colcon.colcon_core.shell:create_environment_hook('webots_ros2_msgs', 'cmake_prefix_path')
[2.255s] INFO:colcon.colcon_core.shell:Creating environment hook '/home/albin/webots_ws/install/webots_ros2_msgs/share/webots_ros2_msgs/hook/cmake_prefix_path.ps1'
[2.255s] INFO:colcon.colcon_core.shell:Creating environment descriptor '/home/albin/webots_ws/install/webots_ros2_msgs/share/webots_ros2_msgs/hook/cmake_prefix_path.dsv'
[2.256s] INFO:colcon.colcon_core.shell:Creating environment hook '/home/albin/webots_ws/install/webots_ros2_msgs/share/webots_ros2_msgs/hook/cmake_prefix_path.sh'
[2.256s] Level 1:colcon.colcon_core.environment:checking '/home/albin/webots_ws/install/webots_ros2_msgs/lib'
[2.256s] Level 1:colcon.colcon_core.shell:create_environment_hook('webots_ros2_msgs', 'ld_library_path_lib')
[2.256s] INFO:colcon.colcon_core.shell:Creating environment hook '/home/albin/webots_ws/install/webots_ros2_msgs/share/webots_ros2_msgs/hook/ld_library_path_lib.ps1'
[2.257s] INFO:colcon.colcon_core.shell:Creating environment descriptor '/home/albin/webots_ws/install/webots_ros2_msgs/share/webots_ros2_msgs/hook/ld_library_path_lib.dsv'
[2.257s] INFO:colcon.colcon_core.shell:Creating environment hook '/home/albin/webots_ws/install/webots_ros2_msgs/share/webots_ros2_msgs/hook/ld_library_path_lib.sh'
[2.257s] Level 1:colcon.colcon_core.environment:checking '/home/albin/webots_ws/install/webots_ros2_msgs/bin'
[2.257s] Level 1:colcon.colcon_core.environment:checking '/home/albin/webots_ws/install/webots_ros2_msgs/lib/pkgconfig/webots_ros2_msgs.pc'
[2.257s] Level 1:colcon.colcon_core.environment:checking '/home/albin/webots_ws/install/webots_ros2_msgs/lib/python3.10/site-packages'
[2.257s] Level 1:colcon.colcon_core.shell:create_environment_hook('webots_ros2_msgs', 'pythonpath')
[2.257s] INFO:colcon.colcon_core.shell:Creating environment hook '/home/albin/webots_ws/install/webots_ros2_msgs/share/webots_ros2_msgs/hook/pythonpath.ps1'
[2.258s] INFO:colcon.colcon_core.shell:Creating environment descriptor '/home/albin/webots_ws/install/webots_ros2_msgs/share/webots_ros2_msgs/hook/pythonpath.dsv'
[2.258s] INFO:colcon.colcon_core.shell:Creating environment hook '/home/albin/webots_ws/install/webots_ros2_msgs/share/webots_ros2_msgs/hook/pythonpath.sh'
[2.258s] Level 1:colcon.colcon_core.environment:checking '/home/albin/webots_ws/install/webots_ros2_msgs/bin'
[2.259s] INFO:colcon.colcon_core.shell:Creating package script '/home/albin/webots_ws/install/webots_ros2_msgs/share/webots_ros2_msgs/package.ps1'
[2.259s] INFO:colcon.colcon_core.shell:Creating package descriptor '/home/albin/webots_ws/install/webots_ros2_msgs/share/webots_ros2_msgs/package.dsv'
[2.260s] INFO:colcon.colcon_core.shell:Creating package script '/home/albin/webots_ws/install/webots_ros2_msgs/share/webots_ros2_msgs/package.sh'
[2.260s] INFO:colcon.colcon_core.shell:Creating package script '/home/albin/webots_ws/install/webots_ros2_msgs/share/webots_ros2_msgs/package.bash'
[2.261s] INFO:colcon.colcon_core.shell:Creating package script '/home/albin/webots_ws/install/webots_ros2_msgs/share/webots_ros2_msgs/package.zsh'
[2.262s] Level 1:colcon.colcon_core.environment:create_file_with_runtime_dependencies(/home/albin/webots_ws/install/webots_ros2_msgs/share/colcon-core/packages/webots_ros2_msgs)
[2.262s] Level 1:colcon.colcon_core.environment:create_environment_scripts_only(webots_ros2_msgs)
[2.263s] Level 1:colcon.colcon_core.environment:checking '/home/albin/webots_ws/install/webots_ros2_msgs' for CMake module files
[2.263s] Level 1:colcon.colcon_core.environment:checking '/home/albin/webots_ws/install/webots_ros2_msgs' for CMake config files
[2.264s] Level 1:colcon.colcon_core.shell:create_environment_hook('webots_ros2_msgs', 'cmake_prefix_path')
[2.264s] INFO:colcon.colcon_core.shell:Creating environment hook '/home/albin/webots_ws/install/webots_ros2_msgs/share/webots_ros2_msgs/hook/cmake_prefix_path.ps1'
[2.265s] INFO:colcon.colcon_core.shell:Creating environment descriptor '/home/albin/webots_ws/install/webots_ros2_msgs/share/webots_ros2_msgs/hook/cmake_prefix_path.dsv'
[2.265s] INFO:colcon.colcon_core.shell:Creating environment hook '/home/albin/webots_ws/install/webots_ros2_msgs/share/webots_ros2_msgs/hook/cmake_prefix_path.sh'
[2.266s] Level 1:colcon.colcon_core.environment:checking '/home/albin/webots_ws/install/webots_ros2_msgs/lib'
[2.266s] Level 1:colcon.colcon_core.shell:create_environment_hook('webots_ros2_msgs', 'ld_library_path_lib')
[2.266s] INFO:colcon.colcon_core.shell:Creating environment hook '/home/albin/webots_ws/install/webots_ros2_msgs/share/webots_ros2_msgs/hook/ld_library_path_lib.ps1'
[2.266s] INFO:colcon.colcon_core.shell:Creating environment descriptor '/home/albin/webots_ws/install/webots_ros2_msgs/share/webots_ros2_msgs/hook/ld_library_path_lib.dsv'
[2.267s] INFO:colcon.colcon_core.shell:Creating environment hook '/home/albin/webots_ws/install/webots_ros2_msgs/share/webots_ros2_msgs/hook/ld_library_path_lib.sh'
[2.267s] Level 1:colcon.colcon_core.environment:checking '/home/albin/webots_ws/install/webots_ros2_msgs/bin'
[2.267s] Level 1:colcon.colcon_core.environment:checking '/home/albin/webots_ws/install/webots_ros2_msgs/lib/pkgconfig/webots_ros2_msgs.pc'
[2.267s] Level 1:colcon.colcon_core.environment:checking '/home/albin/webots_ws/install/webots_ros2_msgs/lib/python3.10/site-packages'
[2.267s] Level 1:colcon.colcon_core.shell:create_environment_hook('webots_ros2_msgs', 'pythonpath')
[2.268s] INFO:colcon.colcon_core.shell:Creating environment hook '/home/albin/webots_ws/install/webots_ros2_msgs/share/webots_ros2_msgs/hook/pythonpath.ps1'
[2.268s] INFO:colcon.colcon_core.shell:Creating environment descriptor '/home/albin/webots_ws/install/webots_ros2_msgs/share/webots_ros2_msgs/hook/pythonpath.dsv'
[2.268s] INFO:colcon.colcon_core.shell:Creating environment hook '/home/albin/webots_ws/install/webots_ros2_msgs/share/webots_ros2_msgs/hook/pythonpath.sh'
[2.269s] Level 1:colcon.colcon_core.environment:checking '/home/albin/webots_ws/install/webots_ros2_msgs/bin'
[2.269s] INFO:colcon.colcon_core.shell:Creating package script '/home/albin/webots_ws/install/webots_ros2_msgs/share/webots_ros2_msgs/package.ps1'
[2.270s] INFO:colcon.colcon_core.shell:Creating package descriptor '/home/albin/webots_ws/install/webots_ros2_msgs/share/webots_ros2_msgs/package.dsv'
[2.270s] INFO:colcon.colcon_core.shell:Creating package script '/home/albin/webots_ws/install/webots_ros2_msgs/share/webots_ros2_msgs/package.sh'
[2.271s] INFO:colcon.colcon_core.shell:Creating package script '/home/albin/webots_ws/install/webots_ros2_msgs/share/webots_ros2_msgs/package.bash'
[2.271s] INFO:colcon.colcon_core.shell:Creating package script '/home/albin/webots_ws/install/webots_ros2_msgs/share/webots_ros2_msgs/package.zsh'
[2.271s] Level 1:colcon.colcon_core.environment:create_file_with_runtime_dependencies(/home/albin/webots_ws/install/webots_ros2_msgs/share/colcon-core/packages/webots_ros2_msgs)
[2.545s] DEBUG:colcon.colcon_core.event_handler.log_command:Invoked command in '/home/albin/webots_ws/src/webots_ros2/webots_ros2_importer' returned '1': PYTHONPATH=/home/albin/webots_ws/build/webots_ros2_importer/prefix_override:/usr/lib/python3/dist-packages/colcon_core/task/python/colcon_distutils_commands:/home/albin/webots_ws/install/webots_ros2_importer/lib/python3.10/site-packages:${PYTHONPATH} /usr/bin/python3 -W ignore:setup.py install is deprecated -W ignore:easy_install command is deprecated setup.py egg_info --egg-base ../../../build/webots_ros2_importer build --build-base /home/albin/webots_ws/build/webots_ros2_importer/build install --record /home/albin/webots_ws/build/webots_ros2_importer/install.log --single-version-externally-managed install_data
[2.555s] DEBUG:colcon.colcon_parallel_executor.executor.parallel:closing loop
[2.555s] DEBUG:colcon.colcon_parallel_executor.executor.parallel:loop closed
[2.555s] DEBUG:colcon.colcon_parallel_executor.executor.parallel:run_until_complete finished with '1'
[2.555s] DEBUG:colcon.colcon_core.event_reactor:joining thread
[2.563s] INFO:colcon.colcon_core.plugin_system:Skipping extension 'colcon_notification.desktop_notification.terminal_notifier': Not used on non-Darwin systems
[2.563s] INFO:colcon.colcon_core.plugin_system:Skipping extension 'colcon_notification.desktop_notification.win32': Not used on non-Windows systems
[2.563s] INFO:colcon.colcon_notification.desktop_notification:Sending desktop notification using 'notify2'
[2.572s] DEBUG:colcon.colcon_core.event_reactor:joined thread
[2.572s] INFO:colcon.colcon_core.shell:Creating prefix script '/home/albin/webots_ws/install/local_setup.ps1'
[2.573s] INFO:colcon.colcon_core.shell:Creating prefix util module '/home/albin/webots_ws/install/_local_setup_util_ps1.py'
[2.575s] INFO:colcon.colcon_core.shell:Creating prefix chain script '/home/albin/webots_ws/install/setup.ps1'
[2.582s] INFO:colcon.colcon_core.shell:Creating prefix script '/home/albin/webots_ws/install/local_setup.sh'
[2.582s] INFO:colcon.colcon_core.shell:Creating prefix util module '/home/albin/webots_ws/install/_local_setup_util_sh.py'
[2.583s] INFO:colcon.colcon_core.shell:Creating prefix chain script '/home/albin/webots_ws/install/setup.sh'
[2.593s] INFO:colcon.colcon_core.shell:Creating prefix script '/home/albin/webots_ws/install/local_setup.bash'
[2.593s] INFO:colcon.colcon_core.shell:Creating prefix chain script '/home/albin/webots_ws/install/setup.bash'
[2.601s] INFO:colcon.colcon_core.shell:Creating prefix script '/home/albin/webots_ws/install/local_setup.zsh'
[2.601s] INFO:colcon.colcon_core.shell:Creating prefix chain script '/home/albin/webots_ws/install/setup.zsh'
