[  1%] [34m[1mGenerating type hashes for ROS interfaces[0m
[  1%] Built target ament_cmake_python_copy_webots_ros2_msgs
[  1%] Built target webots_ros2_msgs__rosidl_generator_type_description
running egg_info
creating webots_ros2_msgs.egg-info
writing webots_ros2_msgs.egg-info/PKG-INFO
writing dependency_links to webots_ros2_msgs.egg-info/dependency_links.txt
writing top-level names to webots_ros2_msgs.egg-info/top_level.txt
writing manifest file 'webots_ros2_msgs.egg-info/SOURCES.txt'
reading manifest file 'webots_ros2_msgs.egg-info/SOURCES.txt'
writing manifest file 'webots_ros2_msgs.egg-info/SOURCES.txt'
[  2%] [34m[1mGenerating C code for ROS interfaces[0m
[  2%] [34m[1mGenerating C++ code for ROS interfaces[0m
[  2%] Built target ament_cmake_python_build_webots_ros2_msgs_egg
[  2%] Built target webots_ros2_msgs__cpp
[  3%] [32mBuilding C object CMakeFiles/webots_ros2_msgs__rosidl_generator_c.dir/rosidl_generator_c/webots_ros2_msgs/msg/detail/float_stamped__functions.c.o[0m
[  3%] [32mBuilding C object CMakeFiles/webots_ros2_msgs__rosidl_generator_c.dir/rosidl_generator_c/webots_ros2_msgs/msg/detail/bool_stamped__description.c.o[0m
[  4%] [32mBuilding C object CMakeFiles/webots_ros2_msgs__rosidl_generator_c.dir/rosidl_generator_c/webots_ros2_msgs/msg/detail/bool_stamped__type_support.c.o[0m
[  4%] [32mBuilding C object CMakeFiles/webots_ros2_msgs__rosidl_generator_c.dir/rosidl_generator_c/webots_ros2_msgs/msg/detail/float_stamped__description.c.o[0m
[  5%] [32mBuilding C object CMakeFiles/webots_ros2_msgs__rosidl_generator_c.dir/rosidl_generator_c/webots_ros2_msgs/msg/detail/bool_stamped__functions.c.o[0m
[  6%] [32mBuilding C object CMakeFiles/webots_ros2_msgs__rosidl_generator_c.dir/rosidl_generator_c/webots_ros2_msgs/msg/detail/string_stamped__functions.c.o[0m
[  6%] [32mBuilding C object CMakeFiles/webots_ros2_msgs__rosidl_generator_c.dir/rosidl_generator_c/webots_ros2_msgs/msg/detail/string_stamped__description.c.o[0m
[  7%] [32mBuilding C object CMakeFiles/webots_ros2_msgs__rosidl_generator_c.dir/rosidl_generator_c/webots_ros2_msgs/msg/detail/float_stamped__type_support.c.o[0m
[  8%] [32mBuilding C object CMakeFiles/webots_ros2_msgs__rosidl_generator_c.dir/rosidl_generator_c/webots_ros2_msgs/msg/detail/camera_recognition_object__description.c.o[0m
[  9%] [32mBuilding C object CMakeFiles/webots_ros2_msgs__rosidl_generator_c.dir/rosidl_generator_c/webots_ros2_msgs/msg/detail/string_stamped__type_support.c.o[0m
[  9%] [32mBuilding C object CMakeFiles/webots_ros2_msgs__rosidl_generator_c.dir/rosidl_generator_c/webots_ros2_msgs/msg/detail/camera_recognition_object__functions.c.o[0m
[ 10%] [32mBuilding C object CMakeFiles/webots_ros2_msgs__rosidl_generator_c.dir/rosidl_generator_c/webots_ros2_msgs/msg/detail/camera_recognition_object__type_support.c.o[0m
[ 11%] [32mBuilding C object CMakeFiles/webots_ros2_msgs__rosidl_generator_c.dir/rosidl_generator_c/webots_ros2_msgs/msg/detail/camera_recognition_objects__description.c.o[0m
[ 11%] [32mBuilding C object CMakeFiles/webots_ros2_msgs__rosidl_generator_c.dir/rosidl_generator_c/webots_ros2_msgs/msg/detail/camera_recognition_objects__functions.c.o[0m
[ 12%] [32mBuilding C object CMakeFiles/webots_ros2_msgs__rosidl_generator_c.dir/rosidl_generator_c/webots_ros2_msgs/msg/detail/camera_recognition_objects__type_support.c.o[0m
[ 13%] [32mBuilding C object CMakeFiles/webots_ros2_msgs__rosidl_generator_c.dir/rosidl_generator_c/webots_ros2_msgs/msg/detail/urdf_robot__description.c.o[0m
[ 14%] [32mBuilding C object CMakeFiles/webots_ros2_msgs__rosidl_generator_c.dir/rosidl_generator_c/webots_ros2_msgs/msg/detail/urdf_robot__type_support.c.o[0m
[ 15%] [32mBuilding C object CMakeFiles/webots_ros2_msgs__rosidl_generator_c.dir/rosidl_generator_c/webots_ros2_msgs/msg/detail/pen_ink_properties__description.c.o[0m
[ 15%] [32mBuilding C object CMakeFiles/webots_ros2_msgs__rosidl_generator_c.dir/rosidl_generator_c/webots_ros2_msgs/msg/detail/urdf_robot__functions.c.o[0m
[ 16%] [32mBuilding C object CMakeFiles/webots_ros2_msgs__rosidl_generator_c.dir/rosidl_generator_c/webots_ros2_msgs/msg/detail/pen_ink_properties__type_support.c.o[0m
[ 16%] [32mBuilding C object CMakeFiles/webots_ros2_msgs__rosidl_generator_c.dir/rosidl_generator_c/webots_ros2_msgs/msg/detail/pen_ink_properties__functions.c.o[0m
[ 17%] [32mBuilding C object CMakeFiles/webots_ros2_msgs__rosidl_generator_c.dir/rosidl_generator_c/webots_ros2_msgs/srv/detail/emitter_send_string__description.c.o[0m
[ 17%] [32mBuilding C object CMakeFiles/webots_ros2_msgs__rosidl_generator_c.dir/rosidl_generator_c/webots_ros2_msgs/srv/detail/emitter_send_string__type_support.c.o[0m
[ 18%] [32mBuilding C object CMakeFiles/webots_ros2_msgs__rosidl_generator_c.dir/rosidl_generator_c/webots_ros2_msgs/srv/detail/emitter_send_string__functions.c.o[0m
[ 19%] [32mBuilding C object CMakeFiles/webots_ros2_msgs__rosidl_generator_c.dir/rosidl_generator_c/webots_ros2_msgs/srv/detail/get_bool__description.c.o[0m
[ 20%] [32mBuilding C object CMakeFiles/webots_ros2_msgs__rosidl_generator_c.dir/rosidl_generator_c/webots_ros2_msgs/srv/detail/get_bool__functions.c.o[0m
[ 20%] [32mBuilding C object CMakeFiles/webots_ros2_msgs__rosidl_generator_c.dir/rosidl_generator_c/webots_ros2_msgs/srv/detail/get_bool__type_support.c.o[0m
[ 21%] [32mBuilding C object CMakeFiles/webots_ros2_msgs__rosidl_generator_c.dir/rosidl_generator_c/webots_ros2_msgs/srv/detail/set_string__description.c.o[0m
[ 22%] [32mBuilding C object CMakeFiles/webots_ros2_msgs__rosidl_generator_c.dir/rosidl_generator_c/webots_ros2_msgs/srv/detail/set_string__functions.c.o[0m
[ 23%] [32mBuilding C object CMakeFiles/webots_ros2_msgs__rosidl_generator_c.dir/rosidl_generator_c/webots_ros2_msgs/srv/detail/spawn_node_from_string__description.c.o[0m
[ 23%] [32mBuilding C object CMakeFiles/webots_ros2_msgs__rosidl_generator_c.dir/rosidl_generator_c/webots_ros2_msgs/srv/detail/set_string__type_support.c.o[0m
[ 24%] [32mBuilding C object CMakeFiles/webots_ros2_msgs__rosidl_generator_c.dir/rosidl_generator_c/webots_ros2_msgs/srv/detail/spawn_node_from_string__type_support.c.o[0m
[ 25%] [32mBuilding C object CMakeFiles/webots_ros2_msgs__rosidl_generator_c.dir/rosidl_generator_c/webots_ros2_msgs/srv/detail/spawn_node_from_string__functions.c.o[0m
[ 25%] [32mBuilding C object CMakeFiles/webots_ros2_msgs__rosidl_generator_c.dir/rosidl_generator_c/webots_ros2_msgs/srv/detail/spawn_urdf_robot__description.c.o[0m
[ 26%] [32mBuilding C object CMakeFiles/webots_ros2_msgs__rosidl_generator_c.dir/rosidl_generator_c/webots_ros2_msgs/srv/detail/spawn_urdf_robot__functions.c.o[0m
[ 27%] [32mBuilding C object CMakeFiles/webots_ros2_msgs__rosidl_generator_c.dir/rosidl_generator_c/webots_ros2_msgs/srv/detail/spawn_urdf_robot__type_support.c.o[0m
[ 27%] [32m[1mLinking C shared library libwebots_ros2_msgs__rosidl_generator_c.so[0m
[ 27%] Built target webots_ros2_msgs__rosidl_generator_c
[ 30%] [34m[1mGenerating C++ type support for eProsima Fast-RTPS[0m
[ 30%] [34m[1mGenerating C++ introspection for ROS interfaces[0m
[ 30%] [34m[1mGenerating C++ type support dispatch for ROS interfaces[0m
[ 30%] [34m[1mGenerating C type support dispatch for ROS interfaces[0m
[ 31%] [34m[1mGenerating C type support for eProsima Fast-RTPS[0m
[ 31%] [34m[1mGenerating C introspection for ROS interfaces[0m
[ 31%] [32mBuilding CXX object CMakeFiles/webots_ros2_msgs__rosidl_typesupport_c.dir/rosidl_typesupport_c/webots_ros2_msgs/msg/bool_stamped__type_support.cpp.o[0m
[ 32%] [32mBuilding CXX object CMakeFiles/webots_ros2_msgs__rosidl_typesupport_c.dir/rosidl_typesupport_c/webots_ros2_msgs/msg/string_stamped__type_support.cpp.o[0m
[ 32%] [32mBuilding CXX object CMakeFiles/webots_ros2_msgs__rosidl_typesupport_c.dir/rosidl_typesupport_c/webots_ros2_msgs/msg/camera_recognition_object__type_support.cpp.o[0m
[ 33%] [32mBuilding CXX object CMakeFiles/webots_ros2_msgs__rosidl_typesupport_c.dir/rosidl_typesupport_c/webots_ros2_msgs/msg/camera_recognition_objects__type_support.cpp.o[0m
[ 34%] [32mBuilding CXX object CMakeFiles/webots_ros2_msgs__rosidl_typesupport_c.dir/rosidl_typesupport_c/webots_ros2_msgs/msg/float_stamped__type_support.cpp.o[0m
[ 35%] [32mBuilding CXX object CMakeFiles/webots_ros2_msgs__rosidl_typesupport_c.dir/rosidl_typesupport_c/webots_ros2_msgs/msg/pen_ink_properties__type_support.cpp.o[0m
[ 36%] [32mBuilding CXX object CMakeFiles/webots_ros2_msgs__rosidl_typesupport_c.dir/rosidl_typesupport_c/webots_ros2_msgs/msg/urdf_robot__type_support.cpp.o[0m
[ 36%] [32mBuilding CXX object CMakeFiles/webots_ros2_msgs__rosidl_typesupport_c.dir/rosidl_typesupport_c/webots_ros2_msgs/srv/spawn_node_from_string__type_support.cpp.o[0m
[ 37%] [32mBuilding CXX object CMakeFiles/webots_ros2_msgs__rosidl_typesupport_c.dir/rosidl_typesupport_c/webots_ros2_msgs/srv/get_bool__type_support.cpp.o[0m
[ 38%] [32mBuilding CXX object CMakeFiles/webots_ros2_msgs__rosidl_typesupport_c.dir/rosidl_typesupport_c/webots_ros2_msgs/srv/set_string__type_support.cpp.o[0m
[ 38%] [32mBuilding CXX object CMakeFiles/webots_ros2_msgs__rosidl_typesupport_c.dir/rosidl_typesupport_c/webots_ros2_msgs/srv/emitter_send_string__type_support.cpp.o[0m
[ 39%] [32mBuilding CXX object CMakeFiles/webots_ros2_msgs__rosidl_typesupport_c.dir/rosidl_typesupport_c/webots_ros2_msgs/srv/spawn_urdf_robot__type_support.cpp.o[0m
[ 40%] [32m[1mLinking CXX shared library libwebots_ros2_msgs__rosidl_typesupport_c.so[0m
[ 41%] [32mBuilding CXX object CMakeFiles/webots_ros2_msgs__rosidl_typesupport_cpp.dir/rosidl_typesupport_cpp/webots_ros2_msgs/msg/bool_stamped__type_support.cpp.o[0m
[ 42%] [32mBuilding CXX object CMakeFiles/webots_ros2_msgs__rosidl_typesupport_cpp.dir/rosidl_typesupport_cpp/webots_ros2_msgs/msg/camera_recognition_object__type_support.cpp.o[0m
[ 43%] [32mBuilding CXX object CMakeFiles/webots_ros2_msgs__rosidl_typesupport_cpp.dir/rosidl_typesupport_cpp/webots_ros2_msgs/msg/string_stamped__type_support.cpp.o[0m
[ 43%] [32mBuilding CXX object CMakeFiles/webots_ros2_msgs__rosidl_typesupport_cpp.dir/rosidl_typesupport_cpp/webots_ros2_msgs/msg/camera_recognition_objects__type_support.cpp.o[0m
[ 43%] [32mBuilding CXX object CMakeFiles/webots_ros2_msgs__rosidl_typesupport_cpp.dir/rosidl_typesupport_cpp/webots_ros2_msgs/msg/float_stamped__type_support.cpp.o[0m
[ 44%] [32mBuilding CXX object CMakeFiles/webots_ros2_msgs__rosidl_typesupport_cpp.dir/rosidl_typesupport_cpp/webots_ros2_msgs/msg/urdf_robot__type_support.cpp.o[0m
[ 45%] [32mBuilding CXX object CMakeFiles/webots_ros2_msgs__rosidl_typesupport_cpp.dir/rosidl_typesupport_cpp/webots_ros2_msgs/msg/pen_ink_properties__type_support.cpp.o[0m
[ 45%] Built target webots_ros2_msgs__rosidl_typesupport_c
[ 45%] [32mBuilding CXX object CMakeFiles/webots_ros2_msgs__rosidl_typesupport_cpp.dir/rosidl_typesupport_cpp/webots_ros2_msgs/srv/emitter_send_string__type_support.cpp.o[0m
[ 46%] [32mBuilding C object CMakeFiles/webots_ros2_msgs__rosidl_typesupport_introspection_c.dir/rosidl_typesupport_introspection_c/webots_ros2_msgs/msg/detail/bool_stamped__type_support.c.o[0m
[ 47%] [32mBuilding CXX object CMakeFiles/webots_ros2_msgs__rosidl_typesupport_introspection_cpp.dir/rosidl_typesupport_introspection_cpp/webots_ros2_msgs/msg/detail/bool_stamped__type_support.cpp.o[0m
[ 47%] [32mBuilding CXX object CMakeFiles/webots_ros2_msgs__rosidl_typesupport_fastrtps_c.dir/rosidl_typesupport_fastrtps_c/webots_ros2_msgs/msg/detail/bool_stamped__type_support_c.cpp.o[0m
[ 48%] [32mBuilding C object CMakeFiles/webots_ros2_msgs__rosidl_typesupport_introspection_c.dir/rosidl_typesupport_introspection_c/webots_ros2_msgs/msg/detail/float_stamped__type_support.c.o[0m
[ 48%] [32mBuilding C object CMakeFiles/webots_ros2_msgs__rosidl_typesupport_introspection_c.dir/rosidl_typesupport_introspection_c/webots_ros2_msgs/msg/detail/string_stamped__type_support.c.o[0m
[ 49%] [32mBuilding CXX object CMakeFiles/webots_ros2_msgs__rosidl_typesupport_fastrtps_c.dir/rosidl_typesupport_fastrtps_c/webots_ros2_msgs/msg/detail/float_stamped__type_support_c.cpp.o[0m
[ 50%] [32mBuilding C object CMakeFiles/webots_ros2_msgs__rosidl_typesupport_introspection_c.dir/rosidl_typesupport_introspection_c/webots_ros2_msgs/msg/detail/camera_recognition_object__type_support.c.o[0m
[ 51%] [32mBuilding CXX object CMakeFiles/webots_ros2_msgs__rosidl_typesupport_introspection_cpp.dir/rosidl_typesupport_introspection_cpp/webots_ros2_msgs/msg/detail/string_stamped__type_support.cpp.o[0m
[ 52%] [32mBuilding CXX object CMakeFiles/webots_ros2_msgs__rosidl_typesupport_introspection_cpp.dir/rosidl_typesupport_introspection_cpp/webots_ros2_msgs/msg/detail/float_stamped__type_support.cpp.o[0m
[ 53%] [32mBuilding CXX object CMakeFiles/webots_ros2_msgs__rosidl_typesupport_cpp.dir/rosidl_typesupport_cpp/webots_ros2_msgs/srv/get_bool__type_support.cpp.o[0m
[ 53%] [32mBuilding CXX object CMakeFiles/webots_ros2_msgs__rosidl_typesupport_introspection_cpp.dir/rosidl_typesupport_introspection_cpp/webots_ros2_msgs/msg/detail/camera_recognition_object__type_support.cpp.o[0m
[ 54%] [32mBuilding CXX object CMakeFiles/webots_ros2_msgs__rosidl_typesupport_introspection_cpp.dir/rosidl_typesupport_introspection_cpp/webots_ros2_msgs/msg/detail/camera_recognition_objects__type_support.cpp.o[0m
[ 55%] [32mBuilding CXX object CMakeFiles/webots_ros2_msgs__rosidl_typesupport_introspection_cpp.dir/rosidl_typesupport_introspection_cpp/webots_ros2_msgs/msg/detail/urdf_robot__type_support.cpp.o[0m
[ 55%] [32mBuilding CXX object CMakeFiles/webots_ros2_msgs__rosidl_typesupport_fastrtps_cpp.dir/rosidl_typesupport_fastrtps_cpp/webots_ros2_msgs/msg/detail/dds_fastrtps/bool_stamped__type_support.cpp.o[0m
[ 56%] [32mBuilding C object CMakeFiles/webots_ros2_msgs__rosidl_typesupport_introspection_c.dir/rosidl_typesupport_introspection_c/webots_ros2_msgs/msg/detail/camera_recognition_objects__type_support.c.o[0m
[ 57%] [32mBuilding CXX object CMakeFiles/webots_ros2_msgs__rosidl_typesupport_fastrtps_cpp.dir/rosidl_typesupport_fastrtps_cpp/webots_ros2_msgs/msg/detail/dds_fastrtps/float_stamped__type_support.cpp.o[0m
[ 58%] [32mBuilding C object CMakeFiles/webots_ros2_msgs__rosidl_typesupport_introspection_c.dir/rosidl_typesupport_introspection_c/webots_ros2_msgs/msg/detail/urdf_robot__type_support.c.o[0m
[ 58%] [32mBuilding C object CMakeFiles/webots_ros2_msgs__rosidl_typesupport_introspection_c.dir/rosidl_typesupport_introspection_c/webots_ros2_msgs/msg/detail/pen_ink_properties__type_support.c.o[0m
[ 59%] [32mBuilding C object CMakeFiles/webots_ros2_msgs__rosidl_typesupport_introspection_c.dir/rosidl_typesupport_introspection_c/webots_ros2_msgs/srv/detail/emitter_send_string__type_support.c.o[0m
[ 60%] [32mBuilding C object CMakeFiles/webots_ros2_msgs__rosidl_typesupport_introspection_c.dir/rosidl_typesupport_introspection_c/webots_ros2_msgs/srv/detail/get_bool__type_support.c.o[0m
[ 61%] [32mBuilding CXX object CMakeFiles/webots_ros2_msgs__rosidl_typesupport_fastrtps_c.dir/rosidl_typesupport_fastrtps_c/webots_ros2_msgs/msg/detail/string_stamped__type_support_c.cpp.o[0m
[ 62%] [32mBuilding CXX object CMakeFiles/webots_ros2_msgs__rosidl_typesupport_fastrtps_cpp.dir/rosidl_typesupport_fastrtps_cpp/webots_ros2_msgs/msg/detail/dds_fastrtps/string_stamped__type_support.cpp.o[0m
[ 62%] [32mBuilding CXX object CMakeFiles/webots_ros2_msgs__rosidl_typesupport_fastrtps_cpp.dir/rosidl_typesupport_fastrtps_cpp/webots_ros2_msgs/msg/detail/dds_fastrtps/camera_recognition_object__type_support.cpp.o[0m
[ 62%] [32mBuilding C object CMakeFiles/webots_ros2_msgs__rosidl_typesupport_introspection_c.dir/rosidl_typesupport_introspection_c/webots_ros2_msgs/srv/detail/set_string__type_support.c.o[0m
[ 63%] [32mBuilding C object CMakeFiles/webots_ros2_msgs__rosidl_typesupport_introspection_c.dir/rosidl_typesupport_introspection_c/webots_ros2_msgs/srv/detail/spawn_node_from_string__type_support.c.o[0m
[ 64%] [32mBuilding CXX object CMakeFiles/webots_ros2_msgs__rosidl_typesupport_fastrtps_cpp.dir/rosidl_typesupport_fastrtps_cpp/webots_ros2_msgs/msg/detail/dds_fastrtps/camera_recognition_objects__type_support.cpp.o[0m
[ 65%] [32mBuilding C object CMakeFiles/webots_ros2_msgs__rosidl_typesupport_introspection_c.dir/rosidl_typesupport_introspection_c/webots_ros2_msgs/srv/detail/spawn_urdf_robot__type_support.c.o[0m
[ 65%] [32mBuilding CXX object CMakeFiles/webots_ros2_msgs__rosidl_typesupport_introspection_cpp.dir/rosidl_typesupport_introspection_cpp/webots_ros2_msgs/msg/detail/pen_ink_properties__type_support.cpp.o[0m
[ 66%] [32mBuilding CXX object CMakeFiles/webots_ros2_msgs__rosidl_typesupport_fastrtps_cpp.dir/rosidl_typesupport_fastrtps_cpp/webots_ros2_msgs/msg/detail/dds_fastrtps/urdf_robot__type_support.cpp.o[0m
[ 67%] [32mBuilding CXX object CMakeFiles/webots_ros2_msgs__rosidl_typesupport_cpp.dir/rosidl_typesupport_cpp/webots_ros2_msgs/srv/set_string__type_support.cpp.o[0m
[ 67%] [32m[1mLinking C shared library libwebots_ros2_msgs__rosidl_typesupport_introspection_c.so[0m
[ 67%] [32mBuilding CXX object CMakeFiles/webots_ros2_msgs__rosidl_typesupport_fastrtps_c.dir/rosidl_typesupport_fastrtps_c/webots_ros2_msgs/msg/detail/camera_recognition_object__type_support_c.cpp.o[0m
[ 67%] [32mBuilding CXX object CMakeFiles/webots_ros2_msgs__rosidl_typesupport_cpp.dir/rosidl_typesupport_cpp/webots_ros2_msgs/srv/spawn_node_from_string__type_support.cpp.o[0m
[ 67%] Built target webots_ros2_msgs__rosidl_typesupport_introspection_c
[ 68%] [32mBuilding CXX object CMakeFiles/webots_ros2_msgs__rosidl_typesupport_fastrtps_cpp.dir/rosidl_typesupport_fastrtps_cpp/webots_ros2_msgs/msg/detail/dds_fastrtps/pen_ink_properties__type_support.cpp.o[0m
[ 68%] [32mBuilding CXX object CMakeFiles/webots_ros2_msgs__rosidl_typesupport_fastrtps_cpp.dir/rosidl_typesupport_fastrtps_cpp/webots_ros2_msgs/srv/detail/dds_fastrtps/emitter_send_string__type_support.cpp.o[0m
[ 69%] [32mBuilding CXX object CMakeFiles/webots_ros2_msgs__rosidl_typesupport_fastrtps_cpp.dir/rosidl_typesupport_fastrtps_cpp/webots_ros2_msgs/srv/detail/dds_fastrtps/get_bool__type_support.cpp.o[0m
[ 70%] [32mBuilding CXX object CMakeFiles/webots_ros2_msgs__rosidl_typesupport_introspection_cpp.dir/rosidl_typesupport_introspection_cpp/webots_ros2_msgs/srv/detail/emitter_send_string__type_support.cpp.o[0m
[ 71%] [32mBuilding CXX object CMakeFiles/webots_ros2_msgs__rosidl_typesupport_cpp.dir/rosidl_typesupport_cpp/webots_ros2_msgs/srv/spawn_urdf_robot__type_support.cpp.o[0m
[ 72%] [32mBuilding CXX object CMakeFiles/webots_ros2_msgs__rosidl_typesupport_fastrtps_cpp.dir/rosidl_typesupport_fastrtps_cpp/webots_ros2_msgs/srv/detail/dds_fastrtps/set_string__type_support.cpp.o[0m
[ 73%] [32mBuilding CXX object CMakeFiles/webots_ros2_msgs__rosidl_typesupport_fastrtps_c.dir/rosidl_typesupport_fastrtps_c/webots_ros2_msgs/msg/detail/camera_recognition_objects__type_support_c.cpp.o[0m
[ 73%] [32mBuilding CXX object CMakeFiles/webots_ros2_msgs__rosidl_typesupport_fastrtps_cpp.dir/rosidl_typesupport_fastrtps_cpp/webots_ros2_msgs/srv/detail/dds_fastrtps/spawn_node_from_string__type_support.cpp.o[0m
[ 74%] [32mBuilding CXX object CMakeFiles/webots_ros2_msgs__rosidl_typesupport_introspection_cpp.dir/rosidl_typesupport_introspection_cpp/webots_ros2_msgs/srv/detail/get_bool__type_support.cpp.o[0m
[ 74%] [32mBuilding CXX object CMakeFiles/webots_ros2_msgs__rosidl_typesupport_introspection_cpp.dir/rosidl_typesupport_introspection_cpp/webots_ros2_msgs/srv/detail/set_string__type_support.cpp.o[0m
[ 75%] [32mBuilding CXX object CMakeFiles/webots_ros2_msgs__rosidl_typesupport_fastrtps_c.dir/rosidl_typesupport_fastrtps_c/webots_ros2_msgs/msg/detail/urdf_robot__type_support_c.cpp.o[0m
[ 75%] [32mBuilding CXX object CMakeFiles/webots_ros2_msgs__rosidl_typesupport_fastrtps_c.dir/rosidl_typesupport_fastrtps_c/webots_ros2_msgs/msg/detail/pen_ink_properties__type_support_c.cpp.o[0m
[ 76%] [32mBuilding CXX object CMakeFiles/webots_ros2_msgs__rosidl_typesupport_fastrtps_c.dir/rosidl_typesupport_fastrtps_c/webots_ros2_msgs/srv/detail/emitter_send_string__type_support_c.cpp.o[0m
[ 77%] [32mBuilding CXX object CMakeFiles/webots_ros2_msgs__rosidl_typesupport_introspection_cpp.dir/rosidl_typesupport_introspection_cpp/webots_ros2_msgs/srv/detail/spawn_node_from_string__type_support.cpp.o[0m
[ 78%] [32mBuilding CXX object CMakeFiles/webots_ros2_msgs__rosidl_typesupport_introspection_cpp.dir/rosidl_typesupport_introspection_cpp/webots_ros2_msgs/srv/detail/spawn_urdf_robot__type_support.cpp.o[0m
[ 79%] [32m[1mLinking CXX shared library libwebots_ros2_msgs__rosidl_typesupport_cpp.so[0m
[ 80%] [32mBuilding CXX object CMakeFiles/webots_ros2_msgs__rosidl_typesupport_fastrtps_cpp.dir/rosidl_typesupport_fastrtps_cpp/webots_ros2_msgs/srv/detail/dds_fastrtps/spawn_urdf_robot__type_support.cpp.o[0m
[ 81%] [32mBuilding CXX object CMakeFiles/webots_ros2_msgs__rosidl_typesupport_fastrtps_c.dir/rosidl_typesupport_fastrtps_c/webots_ros2_msgs/srv/detail/get_bool__type_support_c.cpp.o[0m
[ 81%] [32mBuilding CXX object CMakeFiles/webots_ros2_msgs__rosidl_typesupport_fastrtps_c.dir/rosidl_typesupport_fastrtps_c/webots_ros2_msgs/srv/detail/set_string__type_support_c.cpp.o[0m
[ 82%] [32mBuilding CXX object CMakeFiles/webots_ros2_msgs__rosidl_typesupport_fastrtps_c.dir/rosidl_typesupport_fastrtps_c/webots_ros2_msgs/srv/detail/spawn_node_from_string__type_support_c.cpp.o[0m
[ 82%] Built target webots_ros2_msgs__rosidl_typesupport_cpp
[ 83%] [32mBuilding CXX object CMakeFiles/webots_ros2_msgs__rosidl_typesupport_fastrtps_c.dir/rosidl_typesupport_fastrtps_c/webots_ros2_msgs/srv/detail/spawn_urdf_robot__type_support_c.cpp.o[0m
[ 84%] [32m[1mLinking CXX shared library libwebots_ros2_msgs__rosidl_typesupport_introspection_cpp.so[0m
[ 85%] [32m[1mLinking CXX shared library libwebots_ros2_msgs__rosidl_typesupport_fastrtps_c.so[0m
[ 86%] [32m[1mLinking CXX shared library libwebots_ros2_msgs__rosidl_typesupport_fastrtps_cpp.so[0m
[ 86%] Built target webots_ros2_msgs__rosidl_typesupport_fastrtps_c
[ 86%] Built target webots_ros2_msgs__rosidl_typesupport_introspection_cpp
[ 86%] Built target webots_ros2_msgs__rosidl_typesupport_fastrtps_cpp
[ 86%] Built target webots_ros2_msgs
[ 87%] [34m[1mGenerating Python code for ROS interfaces[0m
[ 87%] Built target webots_ros2_msgs__py
[ 89%] [32mBuilding C object CMakeFiles/webots_ros2_msgs__rosidl_generator_py.dir/rosidl_generator_py/webots_ros2_msgs/msg/_float_stamped_s.c.o[0m
[ 89%] [32mBuilding C object CMakeFiles/webots_ros2_msgs__rosidl_generator_py.dir/rosidl_generator_py/webots_ros2_msgs/msg/_camera_recognition_objects_s.c.o[0m
[ 89%] [32mBuilding C object CMakeFiles/webots_ros2_msgs__rosidl_generator_py.dir/rosidl_generator_py/webots_ros2_msgs/msg/_urdf_robot_s.c.o[0m
[ 89%] [32mBuilding C object CMakeFiles/webots_ros2_msgs__rosidl_generator_py.dir/rosidl_generator_py/webots_ros2_msgs/msg/_string_stamped_s.c.o[0m
[ 91%] [32mBuilding C object CMakeFiles/webots_ros2_msgs__rosidl_generator_py.dir/rosidl_generator_py/webots_ros2_msgs/msg/_camera_recognition_object_s.c.o[0m
[ 91%] [32mBuilding C object CMakeFiles/webots_ros2_msgs__rosidl_generator_py.dir/rosidl_generator_py/webots_ros2_msgs/msg/_pen_ink_properties_s.c.o[0m
[ 92%] [32mBuilding C object CMakeFiles/webots_ros2_msgs__rosidl_generator_py.dir/rosidl_generator_py/webots_ros2_msgs/srv/_get_bool_s.c.o[0m
[ 93%] [32mBuilding C object CMakeFiles/webots_ros2_msgs__rosidl_generator_py.dir/rosidl_generator_py/webots_ros2_msgs/srv/_emitter_send_string_s.c.o[0m
[ 94%] [32mBuilding C object CMakeFiles/webots_ros2_msgs__rosidl_generator_py.dir/rosidl_generator_py/webots_ros2_msgs/msg/_bool_stamped_s.c.o[0m
[ 94%] [32mBuilding C object CMakeFiles/webots_ros2_msgs__rosidl_generator_py.dir/rosidl_generator_py/webots_ros2_msgs/srv/_set_string_s.c.o[0m
[ 95%] [32mBuilding C object CMakeFiles/webots_ros2_msgs__rosidl_generator_py.dir/rosidl_generator_py/webots_ros2_msgs/srv/_spawn_node_from_string_s.c.o[0m
[ 96%] [32mBuilding C object CMakeFiles/webots_ros2_msgs__rosidl_generator_py.dir/rosidl_generator_py/webots_ros2_msgs/srv/_spawn_urdf_robot_s.c.o[0m
[ 96%] [32m[1mLinking C shared library rosidl_generator_py/webots_ros2_msgs/libwebots_ros2_msgs__rosidl_generator_py.so[0m
[ 96%] Built target webots_ros2_msgs__rosidl_generator_py
[ 97%] [32mBuilding C object CMakeFiles/webots_ros2_msgs__rosidl_typesupport_fastrtps_c__pyext.dir/rosidl_generator_py/webots_ros2_msgs/_webots_ros2_msgs_s.ep.rosidl_typesupport_fastrtps_c.c.o[0m
[ 97%] [32mBuilding C object CMakeFiles/webots_ros2_msgs__rosidl_typesupport_c__pyext.dir/rosidl_generator_py/webots_ros2_msgs/_webots_ros2_msgs_s.ep.rosidl_typesupport_c.c.o[0m
[ 97%] [32mBuilding C object CMakeFiles/webots_ros2_msgs__rosidl_typesupport_introspection_c__pyext.dir/rosidl_generator_py/webots_ros2_msgs/_webots_ros2_msgs_s.ep.rosidl_typesupport_introspection_c.c.o[0m
[ 99%] [32m[1mLinking C shared library rosidl_generator_py/webots_ros2_msgs/webots_ros2_msgs_s__rosidl_typesupport_introspection_c.cpython-310-x86_64-linux-gnu.so[0m
[ 99%] [32m[1mLinking C shared library rosidl_generator_py/webots_ros2_msgs/webots_ros2_msgs_s__rosidl_typesupport_c.cpython-310-x86_64-linux-gnu.so[0m
[100%] [32m[1mLinking C shared library rosidl_generator_py/webots_ros2_msgs/webots_ros2_msgs_s__rosidl_typesupport_fastrtps_c.cpython-310-x86_64-linux-gnu.so[0m
[100%] Built target webots_ros2_msgs__rosidl_typesupport_c__pyext
[100%] Built target webots_ros2_msgs__rosidl_typesupport_introspection_c__pyext
[100%] Built target webots_ros2_msgs__rosidl_typesupport_fastrtps_c__pyext
