[  1%] Built target webots_ros2_msgs__rosidl_generator_type_description
[  1%] Built target ament_cmake_python_copy_webots_ros2_msgs
[  1%] Built target webots_ros2_msgs__cpp
[ 27%] Built target webots_ros2_msgs__rosidl_generator_c
[ 37%] Built target webots_ros2_msgs__rosidl_typesupport_c
[ 47%] Built target webots_ros2_msgs__rosidl_typesupport_fastrtps_cpp
[ 57%] Built target webots_ros2_msgs__rosidl_typesupport_fastrtps_c
[ 67%] Built target webots_ros2_msgs__rosidl_typesupport_introspection_cpp
[ 77%] Built target webots_ros2_msgs__rosidl_typesupport_cpp
[ 86%] Built target webots_ros2_msgs__rosidl_typesupport_introspection_c
[ 86%] Built target webots_ros2_msgs
[ 87%] Built target webots_ros2_msgs__py
[ 96%] Built target webots_ros2_msgs__rosidl_generator_py
[100%] Built target webots_ros2_msgs__rosidl_typesupport_c__pyext
[100%] Built target webots_ros2_msgs__rosidl_typesupport_fastrtps_c__pyext
[100%] Built target webots_ros2_msgs__rosidl_typesupport_introspection_c__pyext
running egg_info
writing webots_ros2_msgs.egg-info/PKG-INFO
writing dependency_links to webots_ros2_msgs.egg-info/dependency_links.txt
writing top-level names to webots_ros2_msgs.egg-info/top_level.txt
reading manifest file 'webots_ros2_msgs.egg-info/SOURCES.txt'
writing manifest file 'webots_ros2_msgs.egg-info/SOURCES.txt'
[100%] Built target ament_cmake_python_build_webots_ros2_msgs_egg
