[0.052s] Invoking command in '/home/albin/webots_ws/build/webots_ros2_msgs': CMAKE_PREFIX_PATH=${CMAKE_PREFIX_PATH}:/home/albin/webots_ws/install/webots_ros2:/home/albin/webots_ws/install/webots_ros2_universal_robot:/home/albin/webots_ws/install/webots_ros2_turtlebot:/home/albin/webots_ws/install/webots_ros2_tiago:/home/albin/webots_ws/install/webots_ros2_tests:/home/albin/webots_ws/install/webots_ros2_tesla:/home/albin/webots_ws/install/webots_ros2_mavic:/home/albin/webots_ws/install/webots_ros2_husarion:/home/albin/webots_ws/install/webots_ros2_epuck:/home/albin/webots_ws/install/webots_ros2_crazyflie:/home/albin/webots_ws/install/webots_ros2_importer:/opt/ros/iron:/home/albin/ros2_iron/install/rqt_bag_plugins:/home/albin/ros2_iron/install/rqt_bag:/home/albin/ros2_iron/install/rosbag2_examples_py:/home/albin/ros2_iron/install/launch_testing_examples:/home/albin/ros2_iron/install/ros2bag:/home/albin/ros2_iron/install/tracetools_test:/home/albin/ros2_iron/install/tracetools_launch:/home/albin/ros2_iron/install/topic_monitor:/home/albin/ros2_iron/install/tf2_tools:/home/albin/ros2_iron/install/examples_tf2_py:/home/albin/ros2_iron/install/tf2_ros_py:/home/albin/ros2_iron/install/examples_rclpy_pointcloud_publisher:/home/albin/ros2_iron/install/sensor_msgs_py:/home/albin/ros2_iron/install/quality_of_service_demo_py:/home/albin/ros2_iron/install/rqt_plot:/home/albin/ros2_iron/install/ros2doctor:/home/albin/ros2_iron/install/lifecycle_py:/home/albin/ros2_iron/install/examples_rclpy_minimal_subscriber:/home/albin/ros2_iron/install/examples_rclpy_minimal_service:/home/albin/ros2_iron/install/examples_rclpy_minimal_publisher:/home/albin/ros2_iron/install/examples_rclpy_minimal_client:/home/albin/ros2_iron/install/examples_rclpy_executors:/home/albin/ros2_iron/install/demo_nodes_py:/home/albin/ros2_iron/install/rqt:/home/albin/ros2_iron/install/ros2component:/home/albin/ros2_iron/install/sros2:/home/albin/ros2_iron/install/rqt_topic:/home/albin/ros2_iron/install/rqt_srv:/home/albin/ros2_iron/install/rqt_shell:/home/albin/ros2_iron/install/rqt_service_caller:/home/albin/ros2_iron/install/rqt_reconfigure:/home/albin/ros2_iron/install/rqt_py_console:/home/albin/ros2_iron/install/rqt_publisher:/home/albin/ros2_iron/install/rqt_action:/home/albin/ros2_iron/install/rqt_msg:/home/albin/ros2_iron/install/rqt_console:/home/albin/ros2_iron/install/rqt_graph:/home/albin/ros2_iron/install/rqt_gui_py:/home/albin/ros2_iron/install/rqt_gui:/home/albin/ros2_iron/install/ros2trace:/home/albin/ros2_iron/install/ros2topic:/home/albin/ros2_iron/install/ros2test:/home/albin/ros2_iron/install/ros2param:/home/albin/ros2_iron/install/ros2lifecycle:/home/albin/ros2_iron/install/ros2service:/home/albin/ros2_iron/install/ros2run:/home/albin/ros2_iron/install/ros2launch:/home/albin/ros2_iron/install/ros2pkg:/home/albin/ros2_iron/install/ros2node:/home/albin/ros2_iron/install/ros2multicast:/home/albin/ros2_iron/install/ros2interface:/home/albin/ros2_iron/install/ros2action:/home/albin/ros2_iron/install/ros2cli:/home/albin/ros2_iron/install/launch_testing_ros:/home/albin/ros2_iron/install/launch_ros:/home/albin/ros2_iron/install/examples_rclpy_minimal_action_server:/home/albin/ros2_iron/install/examples_rclpy_minimal_action_client:/home/albin/ros2_iron/install/examples_rclpy_guard_conditions:/home/albin/ros2_iron/install/action_tutorials_py:/home/albin/ros2_iron/install/ament_uncrustify:/home/albin/ros2_iron/install/tracetools_trace:/home/albin/ros2_iron/install/tracetools_read:/home/albin/ros2_iron/install/test_tracetools_launch:/home/albin/ros2_iron/install/test_ros2trace:/home/albin/ros2_iron/install/test_launch_ros:/home/albin/ros2_iron/install/rpyutils:/home/albin/ros2_iron/install/rosidl_runtime_py:/home/albin/ros2_iron/install/rosidl_pycommon:/home/albin/ros2_iron/install/rosidl_cli:/home/albin/ros2_iron/install/launch_pytest:/home/albin/ros2_iron/install/launch_testing:/home/albin/ros2_iron/install/launch_yaml:/home/albin/ros2_iron/install/launch_xml:/home/albin/ros2_iron/install/launch:/home/albin/ros2_iron/install/osrf_pycommon:/home/albin/ros2_iron/install/domain_coordinator:/home/albin/ros2_iron/install/ament_xmllint:/home/albin/ros2_iron/install/ament_pyflakes:/home/albin/ros2_iron/install/ament_pycodestyle:/home/albin/ros2_iron/install/ament_pep257:/home/albin/ros2_iron/install/ament_pclint:/home/albin/ros2_iron/install/ament_package:/home/albin/ros2_iron/install/ament_mypy:/home/albin/ros2_iron/install/ament_lint_cmake:/home/albin/ros2_iron/install/ament_flake8:/home/albin/ros2_iron/install/ament_copyright:/home/albin/ros2_iron/install/ament_lint:/home/albin/ros2_iron/install/ament_index_python:/home/albin/ros2_iron/install/ament_cpplint:/home/albin/ros2_iron/install/ament_cppcheck:/home/albin/ros2_iron/install/ament_clang_tidy:/home/albin/ros2_iron/install/ament_clang_format /home/albin/.local/bin/cmake --build /home/albin/webots_ws/build/webots_ros2_msgs -- -j12 -l12
[0.134s] [  1%] Built target webots_ros2_msgs__rosidl_generator_type_description
[0.143s] [  1%] Built target ament_cmake_python_copy_webots_ros2_msgs
[0.172s] [  1%] Built target webots_ros2_msgs__cpp
[0.181s] [ 27%] Built target webots_ros2_msgs__rosidl_generator_c
[0.227s] [ 37%] Built target webots_ros2_msgs__rosidl_typesupport_c
[0.229s] [ 47%] Built target webots_ros2_msgs__rosidl_typesupport_fastrtps_cpp
[0.231s] [ 57%] Built target webots_ros2_msgs__rosidl_typesupport_fastrtps_c
[0.232s] [ 67%] Built target webots_ros2_msgs__rosidl_typesupport_introspection_cpp
[0.234s] [ 77%] Built target webots_ros2_msgs__rosidl_typesupport_cpp
[0.234s] [ 86%] Built target webots_ros2_msgs__rosidl_typesupport_introspection_c
[0.270s] [ 86%] Built target webots_ros2_msgs
[0.307s] [ 87%] Built target webots_ros2_msgs__py
[0.349s] [ 96%] Built target webots_ros2_msgs__rosidl_generator_py
[0.388s] [100%] Built target webots_ros2_msgs__rosidl_typesupport_c__pyext
[0.388s] [100%] Built target webots_ros2_msgs__rosidl_typesupport_fastrtps_c__pyext
[0.388s] [100%] Built target webots_ros2_msgs__rosidl_typesupport_introspection_c__pyext
[0.711s] running egg_info
[0.712s] writing webots_ros2_msgs.egg-info/PKG-INFO
[0.712s] writing dependency_links to webots_ros2_msgs.egg-info/dependency_links.txt
[0.712s] writing top-level names to webots_ros2_msgs.egg-info/top_level.txt
[0.715s] reading manifest file 'webots_ros2_msgs.egg-info/SOURCES.txt'
[0.716s] writing manifest file 'webots_ros2_msgs.egg-info/SOURCES.txt'
[0.748s] [100%] Built target ament_cmake_python_build_webots_ros2_msgs_egg
