[0.964s] Invoking command in '/home/albin/webots_ws/src/webots_ros2/webots_ros2_importer': PYTHONPATH=/home/albin/webots_ws/build/webots_ros2_importer/prefix_override:/usr/lib/python3/dist-packages/colcon_core/task/python/colcon_distutils_commands:/home/albin/webots_ws/install/webots_ros2_importer/lib/python3.10/site-packages:${PYTHONPATH} /usr/bin/python3 -W ignore:setup.py install is deprecated -W ignore:easy_install command is deprecated setup.py egg_info --egg-base ../../../build/webots_ros2_importer build --build-base /home/albin/webots_ws/build/webots_ros2_importer/build install --record /home/albin/webots_ws/build/webots_ros2_importer/install.log --single-version-externally-managed
[1.291s] running egg_info
[1.292s] writing ../../../build/webots_ros2_importer/urdf2webots.egg-info/PKG-INFO
[1.292s] writing dependency_links to ../../../build/webots_ros2_importer/urdf2webots.egg-info/dependency_links.txt
[1.292s] writing entry points to ../../../build/webots_ros2_importer/urdf2webots.egg-info/entry_points.txt
[1.292s] writing requirements to ../../../build/webots_ros2_importer/urdf2webots.egg-info/requires.txt
[1.292s] writing top-level names to ../../../build/webots_ros2_importer/urdf2webots.egg-info/top_level.txt
[1.293s] reading manifest file '../../../build/webots_ros2_importer/urdf2webots.egg-info/SOURCES.txt'
[1.293s] writing manifest file '../../../build/webots_ros2_importer/urdf2webots.egg-info/SOURCES.txt'
[1.293s] running build
[1.294s] running build_py
[1.294s] running install
[1.294s] running install_lib
[1.296s] running install_egg_info
[1.298s] removing '/home/albin/webots_ws/install/webots_ros2_importer/lib/python3.10/site-packages/urdf2webots-1.0.0-py3.10.egg-info' (and everything under it)
[1.298s] Copying ../../../build/webots_ros2_importer/urdf2webots.egg-info to /home/albin/webots_ws/install/webots_ros2_importer/lib/python3.10/site-packages/urdf2webots-1.0.0-py3.10.egg-info
[1.298s] running install_scripts
[1.325s] Installing urdf2webots script to /home/albin/webots_ws/install/webots_ros2_importer/lib/webots_ros2_importer
[1.325s] writing list of installed files to '/home/albin/webots_ws/build/webots_ros2_importer/install.log'
[1.343s] Invoked command in '/home/albin/webots_ws/src/webots_ros2/webots_ros2_importer' returned '0': PYTHONPATH=/home/albin/webots_ws/build/webots_ros2_importer/prefix_override:/usr/lib/python3/dist-packages/colcon_core/task/python/colcon_distutils_commands:/home/albin/webots_ws/install/webots_ros2_importer/lib/python3.10/site-packages:${PYTHONPATH} /usr/bin/python3 -W ignore:setup.py install is deprecated -W ignore:easy_install command is deprecated setup.py egg_info --egg-base ../../../build/webots_ros2_importer build --build-base /home/albin/webots_ws/build/webots_ros2_importer/build install --record /home/albin/webots_ws/build/webots_ros2_importer/install.log --single-version-externally-managed
