[  1%] Built target webots_ros2_msgs__rosidl_generator_type_description
[  1%] Built target ament_cmake_python_copy_webots_ros2_msgs
[  1%] Built target webots_ros2_msgs__cpp
[ 27%] Built target webots_ros2_msgs__rosidl_generator_c
[ 37%] Built target webots_ros2_msgs__rosidl_typesupport_introspection_cpp
[ 47%] Built target webots_ros2_msgs__rosidl_typesupport_fastrtps_c
[ 57%] Built target webots_ros2_msgs__rosidl_typesupport_cpp
[ 76%] Built target webots_ros2_msgs__rosidl_typesupport_introspection_c
[ 76%] Built target webots_ros2_msgs__rosidl_typesupport_c
[ 86%] Built target webots_ros2_msgs__rosidl_typesupport_fastrtps_cpp
[ 86%] Built target webots_ros2_msgs
[ 87%] Built target webots_ros2_msgs__py
[ 96%] Built target webots_ros2_msgs__rosidl_generator_py
[ 99%] Built target webots_ros2_msgs__rosidl_typesupport_c__pyext
[ 99%] Built target webots_ros2_msgs__rosidl_typesupport_introspection_c__pyext
[100%] Built target webots_ros2_msgs__rosidl_typesupport_fastrtps_c__pyext
running egg_info
writing webots_ros2_msgs.egg-info/PKG-INFO
writing dependency_links to webots_ros2_msgs.egg-info/dependency_links.txt
writing top-level names to webots_ros2_msgs.egg-info/top_level.txt
reading manifest file 'webots_ros2_msgs.egg-info/SOURCES.txt'
writing manifest file 'webots_ros2_msgs.egg-info/SOURCES.txt'
[100%] Built target ament_cmake_python_build_webots_ros2_msgs_egg
-- Install configuration: ""
-- Installing: /home/albin/webots_ws/install/webots_ros2_msgs/share/ament_index/resource_index/rosidl_interfaces/webots_ros2_msgs
-- Installing: /home/albin/webots_ws/install/webots_ros2_msgs/share/webots_ros2_msgs/msg/BoolStamped.json
-- Installing: /home/albin/webots_ws/install/webots_ros2_msgs/share/webots_ros2_msgs/msg/FloatStamped.json
-- Installing: /home/albin/webots_ws/install/webots_ros2_msgs/share/webots_ros2_msgs/msg/StringStamped.json
-- Installing: /home/albin/webots_ws/install/webots_ros2_msgs/share/webots_ros2_msgs/msg/CameraRecognitionObject.json
-- Installing: /home/albin/webots_ws/install/webots_ros2_msgs/share/webots_ros2_msgs/msg/CameraRecognitionObjects.json
-- Installing: /home/albin/webots_ws/install/webots_ros2_msgs/share/webots_ros2_msgs/msg/UrdfRobot.json
-- Installing: /home/albin/webots_ws/install/webots_ros2_msgs/share/webots_ros2_msgs/msg/PenInkProperties.json
-- Installing: /home/albin/webots_ws/install/webots_ros2_msgs/share/webots_ros2_msgs/srv/EmitterSendString.json
-- Installing: /home/albin/webots_ws/install/webots_ros2_msgs/share/webots_ros2_msgs/srv/GetBool.json
-- Installing: /home/albin/webots_ws/install/webots_ros2_msgs/share/webots_ros2_msgs/srv/SetString.json
-- Installing: /home/albin/webots_ws/install/webots_ros2_msgs/share/webots_ros2_msgs/srv/SpawnNodeFromString.json
-- Installing: /home/albin/webots_ws/install/webots_ros2_msgs/share/webots_ros2_msgs/srv/SpawnUrdfRobot.json
-- Installing: /home/albin/webots_ws/install/webots_ros2_msgs/include/webots_ros2_msgs/webots_ros2_msgs
-- Installing: /home/albin/webots_ws/install/webots_ros2_msgs/include/webots_ros2_msgs/webots_ros2_msgs/msg
-- Installing: /home/albin/webots_ws/install/webots_ros2_msgs/include/webots_ros2_msgs/webots_ros2_msgs/msg/camera_recognition_objects.h
-- Installing: /home/albin/webots_ws/install/webots_ros2_msgs/include/webots_ros2_msgs/webots_ros2_msgs/msg/detail
-- Installing: /home/albin/webots_ws/install/webots_ros2_msgs/include/webots_ros2_msgs/webots_ros2_msgs/msg/detail/float_stamped__type_support.h
-- Installing: /home/albin/webots_ws/install/webots_ros2_msgs/include/webots_ros2_msgs/webots_ros2_msgs/msg/detail/urdf_robot__functions.c
-- Installing: /home/albin/webots_ws/install/webots_ros2_msgs/include/webots_ros2_msgs/webots_ros2_msgs/msg/detail/camera_recognition_objects__struct.h
-- Installing: /home/albin/webots_ws/install/webots_ros2_msgs/include/webots_ros2_msgs/webots_ros2_msgs/msg/detail/urdf_robot__description.c
-- Installing: /home/albin/webots_ws/install/webots_ros2_msgs/include/webots_ros2_msgs/webots_ros2_msgs/msg/detail/string_stamped__type_support.c
-- Installing: /home/albin/webots_ws/install/webots_ros2_msgs/include/webots_ros2_msgs/webots_ros2_msgs/msg/detail/string_stamped__functions.h
-- Installing: /home/albin/webots_ws/install/webots_ros2_msgs/include/webots_ros2_msgs/webots_ros2_msgs/msg/detail/camera_recognition_objects__description.c
-- Installing: /home/albin/webots_ws/install/webots_ros2_msgs/include/webots_ros2_msgs/webots_ros2_msgs/msg/detail/float_stamped__type_support.c
-- Installing: /home/albin/webots_ws/install/webots_ros2_msgs/include/webots_ros2_msgs/webots_ros2_msgs/msg/detail/bool_stamped__type_support.c
-- Installing: /home/albin/webots_ws/install/webots_ros2_msgs/include/webots_ros2_msgs/webots_ros2_msgs/msg/detail/pen_ink_properties__functions.c
-- Installing: /home/albin/webots_ws/install/webots_ros2_msgs/include/webots_ros2_msgs/webots_ros2_msgs/msg/detail/camera_recognition_object__type_support.h
-- Installing: /home/albin/webots_ws/install/webots_ros2_msgs/include/webots_ros2_msgs/webots_ros2_msgs/msg/detail/bool_stamped__description.c
-- Installing: /home/albin/webots_ws/install/webots_ros2_msgs/include/webots_ros2_msgs/webots_ros2_msgs/msg/detail/camera_recognition_objects__functions.h
-- Installing: /home/albin/webots_ws/install/webots_ros2_msgs/include/webots_ros2_msgs/webots_ros2_msgs/msg/detail/camera_recognition_objects__type_support.c
-- Installing: /home/albin/webots_ws/install/webots_ros2_msgs/include/webots_ros2_msgs/webots_ros2_msgs/msg/detail/string_stamped__struct.h
-- Installing: /home/albin/webots_ws/install/webots_ros2_msgs/include/webots_ros2_msgs/webots_ros2_msgs/msg/detail/pen_ink_properties__description.c
-- Installing: /home/albin/webots_ws/install/webots_ros2_msgs/include/webots_ros2_msgs/webots_ros2_msgs/msg/detail/pen_ink_properties__functions.h
-- Installing: /home/albin/webots_ws/install/webots_ros2_msgs/include/webots_ros2_msgs/webots_ros2_msgs/msg/detail/pen_ink_properties__struct.h
-- Installing: /home/albin/webots_ws/install/webots_ros2_msgs/include/webots_ros2_msgs/webots_ros2_msgs/msg/detail/string_stamped__type_support.h
-- Installing: /home/albin/webots_ws/install/webots_ros2_msgs/include/webots_ros2_msgs/webots_ros2_msgs/msg/detail/bool_stamped__functions.h
-- Installing: /home/albin/webots_ws/install/webots_ros2_msgs/include/webots_ros2_msgs/webots_ros2_msgs/msg/detail/float_stamped__struct.h
-- Installing: /home/albin/webots_ws/install/webots_ros2_msgs/include/webots_ros2_msgs/webots_ros2_msgs/msg/detail/urdf_robot__struct.h
-- Installing: /home/albin/webots_ws/install/webots_ros2_msgs/include/webots_ros2_msgs/webots_ros2_msgs/msg/detail/string_stamped__description.c
-- Installing: /home/albin/webots_ws/install/webots_ros2_msgs/include/webots_ros2_msgs/webots_ros2_msgs/msg/detail/pen_ink_properties__type_support.c
-- Installing: /home/albin/webots_ws/install/webots_ros2_msgs/include/webots_ros2_msgs/webots_ros2_msgs/msg/detail/urdf_robot__functions.h
-- Installing: /home/albin/webots_ws/install/webots_ros2_msgs/include/webots_ros2_msgs/webots_ros2_msgs/msg/detail/pen_ink_properties__type_support.h
-- Installing: /home/albin/webots_ws/install/webots_ros2_msgs/include/webots_ros2_msgs/webots_ros2_msgs/msg/detail/float_stamped__functions.h
-- Installing: /home/albin/webots_ws/install/webots_ros2_msgs/include/webots_ros2_msgs/webots_ros2_msgs/msg/detail/float_stamped__description.c
-- Installing: /home/albin/webots_ws/install/webots_ros2_msgs/include/webots_ros2_msgs/webots_ros2_msgs/msg/detail/urdf_robot__type_support.c
-- Installing: /home/albin/webots_ws/install/webots_ros2_msgs/include/webots_ros2_msgs/webots_ros2_msgs/msg/detail/string_stamped__functions.c
-- Installing: /home/albin/webots_ws/install/webots_ros2_msgs/include/webots_ros2_msgs/webots_ros2_msgs/msg/detail/bool_stamped__type_support.h
-- Installing: /home/albin/webots_ws/install/webots_ros2_msgs/include/webots_ros2_msgs/webots_ros2_msgs/msg/detail/camera_recognition_object__functions.h
-- Installing: /home/albin/webots_ws/install/webots_ros2_msgs/include/webots_ros2_msgs/webots_ros2_msgs/msg/detail/bool_stamped__struct.h
-- Installing: /home/albin/webots_ws/install/webots_ros2_msgs/include/webots_ros2_msgs/webots_ros2_msgs/msg/detail/camera_recognition_object__description.c
-- Installing: /home/albin/webots_ws/install/webots_ros2_msgs/include/webots_ros2_msgs/webots_ros2_msgs/msg/detail/camera_recognition_objects__type_support.h
-- Installing: /home/albin/webots_ws/install/webots_ros2_msgs/include/webots_ros2_msgs/webots_ros2_msgs/msg/detail/camera_recognition_object__type_support.c
-- Installing: /home/albin/webots_ws/install/webots_ros2_msgs/include/webots_ros2_msgs/webots_ros2_msgs/msg/detail/camera_recognition_object__struct.h
-- Installing: /home/albin/webots_ws/install/webots_ros2_msgs/include/webots_ros2_msgs/webots_ros2_msgs/msg/detail/camera_recognition_objects__functions.c
-- Installing: /home/albin/webots_ws/install/webots_ros2_msgs/include/webots_ros2_msgs/webots_ros2_msgs/msg/detail/float_stamped__functions.c
-- Installing: /home/albin/webots_ws/install/webots_ros2_msgs/include/webots_ros2_msgs/webots_ros2_msgs/msg/detail/bool_stamped__functions.c
-- Installing: /home/albin/webots_ws/install/webots_ros2_msgs/include/webots_ros2_msgs/webots_ros2_msgs/msg/detail/camera_recognition_object__functions.c
-- Installing: /home/albin/webots_ws/install/webots_ros2_msgs/include/webots_ros2_msgs/webots_ros2_msgs/msg/detail/urdf_robot__type_support.h
-- Installing: /home/albin/webots_ws/install/webots_ros2_msgs/include/webots_ros2_msgs/webots_ros2_msgs/msg/urdf_robot.h
-- Installing: /home/albin/webots_ws/install/webots_ros2_msgs/include/webots_ros2_msgs/webots_ros2_msgs/msg/camera_recognition_object.h
-- Installing: /home/albin/webots_ws/install/webots_ros2_msgs/include/webots_ros2_msgs/webots_ros2_msgs/msg/string_stamped.h
-- Installing: /home/albin/webots_ws/install/webots_ros2_msgs/include/webots_ros2_msgs/webots_ros2_msgs/msg/bool_stamped.h
-- Installing: /home/albin/webots_ws/install/webots_ros2_msgs/include/webots_ros2_msgs/webots_ros2_msgs/msg/float_stamped.h
-- Installing: /home/albin/webots_ws/install/webots_ros2_msgs/include/webots_ros2_msgs/webots_ros2_msgs/msg/rosidl_generator_c__visibility_control.h
-- Installing: /home/albin/webots_ws/install/webots_ros2_msgs/include/webots_ros2_msgs/webots_ros2_msgs/msg/pen_ink_properties.h
-- Installing: /home/albin/webots_ws/install/webots_ros2_msgs/include/webots_ros2_msgs/webots_ros2_msgs/srv
-- Installing: /home/albin/webots_ws/install/webots_ros2_msgs/include/webots_ros2_msgs/webots_ros2_msgs/srv/detail
-- Installing: /home/albin/webots_ws/install/webots_ros2_msgs/include/webots_ros2_msgs/webots_ros2_msgs/srv/detail/emitter_send_string__type_support.h
-- Installing: /home/albin/webots_ws/install/webots_ros2_msgs/include/webots_ros2_msgs/webots_ros2_msgs/srv/detail/get_bool__struct.h
-- Installing: /home/albin/webots_ws/install/webots_ros2_msgs/include/webots_ros2_msgs/webots_ros2_msgs/srv/detail/spawn_node_from_string__description.c
-- Installing: /home/albin/webots_ws/install/webots_ros2_msgs/include/webots_ros2_msgs/webots_ros2_msgs/srv/detail/emitter_send_string__functions.h
-- Installing: /home/albin/webots_ws/install/webots_ros2_msgs/include/webots_ros2_msgs/webots_ros2_msgs/srv/detail/spawn_urdf_robot__description.c
-- Installing: /home/albin/webots_ws/install/webots_ros2_msgs/include/webots_ros2_msgs/webots_ros2_msgs/srv/detail/spawn_urdf_robot__functions.c
-- Installing: /home/albin/webots_ws/install/webots_ros2_msgs/include/webots_ros2_msgs/webots_ros2_msgs/srv/detail/emitter_send_string__description.c
-- Installing: /home/albin/webots_ws/install/webots_ros2_msgs/include/webots_ros2_msgs/webots_ros2_msgs/srv/detail/set_string__functions.h
-- Installing: /home/albin/webots_ws/install/webots_ros2_msgs/include/webots_ros2_msgs/webots_ros2_msgs/srv/detail/spawn_node_from_string__type_support.h
-- Installing: /home/albin/webots_ws/install/webots_ros2_msgs/include/webots_ros2_msgs/webots_ros2_msgs/srv/detail/get_bool__type_support.c
-- Installing: /home/albin/webots_ws/install/webots_ros2_msgs/include/webots_ros2_msgs/webots_ros2_msgs/srv/detail/get_bool__type_support.h
-- Installing: /home/albin/webots_ws/install/webots_ros2_msgs/include/webots_ros2_msgs/webots_ros2_msgs/srv/detail/set_string__struct.h
-- Installing: /home/albin/webots_ws/install/webots_ros2_msgs/include/webots_ros2_msgs/webots_ros2_msgs/srv/detail/emitter_send_string__functions.c
-- Installing: /home/albin/webots_ws/install/webots_ros2_msgs/include/webots_ros2_msgs/webots_ros2_msgs/srv/detail/set_string__type_support.h
-- Installing: /home/albin/webots_ws/install/webots_ros2_msgs/include/webots_ros2_msgs/webots_ros2_msgs/srv/detail/spawn_urdf_robot__type_support.c
-- Installing: /home/albin/webots_ws/install/webots_ros2_msgs/include/webots_ros2_msgs/webots_ros2_msgs/srv/detail/spawn_node_from_string__functions.h
-- Installing: /home/albin/webots_ws/install/webots_ros2_msgs/include/webots_ros2_msgs/webots_ros2_msgs/srv/detail/get_bool__functions.h
-- Installing: /home/albin/webots_ws/install/webots_ros2_msgs/include/webots_ros2_msgs/webots_ros2_msgs/srv/detail/get_bool__description.c
-- Installing: /home/albin/webots_ws/install/webots_ros2_msgs/include/webots_ros2_msgs/webots_ros2_msgs/srv/detail/emitter_send_string__struct.h
-- Installing: /home/albin/webots_ws/install/webots_ros2_msgs/include/webots_ros2_msgs/webots_ros2_msgs/srv/detail/set_string__type_support.c
-- Installing: /home/albin/webots_ws/install/webots_ros2_msgs/include/webots_ros2_msgs/webots_ros2_msgs/srv/detail/spawn_node_from_string__type_support.c
-- Installing: /home/albin/webots_ws/install/webots_ros2_msgs/include/webots_ros2_msgs/webots_ros2_msgs/srv/detail/spawn_urdf_robot__type_support.h
-- Installing: /home/albin/webots_ws/install/webots_ros2_msgs/include/webots_ros2_msgs/webots_ros2_msgs/srv/detail/emitter_send_string__type_support.c
-- Installing: /home/albin/webots_ws/install/webots_ros2_msgs/include/webots_ros2_msgs/webots_ros2_msgs/srv/detail/set_string__description.c
-- Installing: /home/albin/webots_ws/install/webots_ros2_msgs/include/webots_ros2_msgs/webots_ros2_msgs/srv/detail/spawn_urdf_robot__functions.h
-- Installing: /home/albin/webots_ws/install/webots_ros2_msgs/include/webots_ros2_msgs/webots_ros2_msgs/srv/detail/set_string__functions.c
-- Installing: /home/albin/webots_ws/install/webots_ros2_msgs/include/webots_ros2_msgs/webots_ros2_msgs/srv/detail/spawn_node_from_string__struct.h
-- Installing: /home/albin/webots_ws/install/webots_ros2_msgs/include/webots_ros2_msgs/webots_ros2_msgs/srv/detail/get_bool__functions.c
-- Installing: /home/albin/webots_ws/install/webots_ros2_msgs/include/webots_ros2_msgs/webots_ros2_msgs/srv/detail/spawn_urdf_robot__struct.h
-- Installing: /home/albin/webots_ws/install/webots_ros2_msgs/include/webots_ros2_msgs/webots_ros2_msgs/srv/detail/spawn_node_from_string__functions.c
-- Installing: /home/albin/webots_ws/install/webots_ros2_msgs/include/webots_ros2_msgs/webots_ros2_msgs/srv/set_string.h
-- Installing: /home/albin/webots_ws/install/webots_ros2_msgs/include/webots_ros2_msgs/webots_ros2_msgs/srv/spawn_node_from_string.h
-- Installing: /home/albin/webots_ws/install/webots_ros2_msgs/include/webots_ros2_msgs/webots_ros2_msgs/srv/emitter_send_string.h
-- Installing: /home/albin/webots_ws/install/webots_ros2_msgs/include/webots_ros2_msgs/webots_ros2_msgs/srv/get_bool.h
-- Installing: /home/albin/webots_ws/install/webots_ros2_msgs/include/webots_ros2_msgs/webots_ros2_msgs/srv/spawn_urdf_robot.h
-- Installing: /home/albin/webots_ws/install/webots_ros2_msgs/share/webots_ros2_msgs/environment/library_path.sh
-- Installing: /home/albin/webots_ws/install/webots_ros2_msgs/share/webots_ros2_msgs/environment/library_path.dsv
-- Installing: /home/albin/webots_ws/install/webots_ros2_msgs/lib/libwebots_ros2_msgs__rosidl_generator_c.so
-- Set runtime path of "/home/albin/webots_ws/install/webots_ros2_msgs/lib/libwebots_ros2_msgs__rosidl_generator_c.so" to ""
-- Up-to-date: /home/albin/webots_ws/install/webots_ros2_msgs/include/webots_ros2_msgs/webots_ros2_msgs
-- Up-to-date: /home/albin/webots_ws/install/webots_ros2_msgs/include/webots_ros2_msgs/webots_ros2_msgs/msg
-- Up-to-date: /home/albin/webots_ws/install/webots_ros2_msgs/include/webots_ros2_msgs/webots_ros2_msgs/msg/detail
-- Installing: /home/albin/webots_ws/install/webots_ros2_msgs/include/webots_ros2_msgs/webots_ros2_msgs/msg/detail/camera_recognition_objects__rosidl_typesupport_fastrtps_c.h
-- Installing: /home/albin/webots_ws/install/webots_ros2_msgs/include/webots_ros2_msgs/webots_ros2_msgs/msg/detail/urdf_robot__rosidl_typesupport_fastrtps_c.h
-- Installing: /home/albin/webots_ws/install/webots_ros2_msgs/include/webots_ros2_msgs/webots_ros2_msgs/msg/detail/camera_recognition_object__rosidl_typesupport_fastrtps_c.h
-- Installing: /home/albin/webots_ws/install/webots_ros2_msgs/include/webots_ros2_msgs/webots_ros2_msgs/msg/detail/float_stamped__rosidl_typesupport_fastrtps_c.h
-- Installing: /home/albin/webots_ws/install/webots_ros2_msgs/include/webots_ros2_msgs/webots_ros2_msgs/msg/detail/bool_stamped__rosidl_typesupport_fastrtps_c.h
-- Installing: /home/albin/webots_ws/install/webots_ros2_msgs/include/webots_ros2_msgs/webots_ros2_msgs/msg/detail/string_stamped__rosidl_typesupport_fastrtps_c.h
-- Installing: /home/albin/webots_ws/install/webots_ros2_msgs/include/webots_ros2_msgs/webots_ros2_msgs/msg/detail/pen_ink_properties__rosidl_typesupport_fastrtps_c.h
-- Installing: /home/albin/webots_ws/install/webots_ros2_msgs/include/webots_ros2_msgs/webots_ros2_msgs/msg/rosidl_typesupport_fastrtps_c__visibility_control.h
-- Up-to-date: /home/albin/webots_ws/install/webots_ros2_msgs/include/webots_ros2_msgs/webots_ros2_msgs/srv
-- Up-to-date: /home/albin/webots_ws/install/webots_ros2_msgs/include/webots_ros2_msgs/webots_ros2_msgs/srv/detail
-- Installing: /home/albin/webots_ws/install/webots_ros2_msgs/include/webots_ros2_msgs/webots_ros2_msgs/srv/detail/get_bool__rosidl_typesupport_fastrtps_c.h
-- Installing: /home/albin/webots_ws/install/webots_ros2_msgs/include/webots_ros2_msgs/webots_ros2_msgs/srv/detail/emitter_send_string__rosidl_typesupport_fastrtps_c.h
-- Installing: /home/albin/webots_ws/install/webots_ros2_msgs/include/webots_ros2_msgs/webots_ros2_msgs/srv/detail/spawn_urdf_robot__rosidl_typesupport_fastrtps_c.h
-- Installing: /home/albin/webots_ws/install/webots_ros2_msgs/include/webots_ros2_msgs/webots_ros2_msgs/srv/detail/set_string__rosidl_typesupport_fastrtps_c.h
-- Installing: /home/albin/webots_ws/install/webots_ros2_msgs/include/webots_ros2_msgs/webots_ros2_msgs/srv/detail/spawn_node_from_string__rosidl_typesupport_fastrtps_c.h
-- Installing: /home/albin/webots_ws/install/webots_ros2_msgs/lib/libwebots_ros2_msgs__rosidl_typesupport_fastrtps_c.so
-- Set runtime path of "/home/albin/webots_ws/install/webots_ros2_msgs/lib/libwebots_ros2_msgs__rosidl_typesupport_fastrtps_c.so" to ""
-- Up-to-date: /home/albin/webots_ws/install/webots_ros2_msgs/include/webots_ros2_msgs/webots_ros2_msgs
-- Up-to-date: /home/albin/webots_ws/install/webots_ros2_msgs/include/webots_ros2_msgs/webots_ros2_msgs/msg
-- Installing: /home/albin/webots_ws/install/webots_ros2_msgs/include/webots_ros2_msgs/webots_ros2_msgs/msg/camera_recognition_objects.hpp
-- Installing: /home/albin/webots_ws/install/webots_ros2_msgs/include/webots_ros2_msgs/webots_ros2_msgs/msg/urdf_robot.hpp
-- Up-to-date: /home/albin/webots_ws/install/webots_ros2_msgs/include/webots_ros2_msgs/webots_ros2_msgs/msg/detail
-- Installing: /home/albin/webots_ws/install/webots_ros2_msgs/include/webots_ros2_msgs/webots_ros2_msgs/msg/detail/float_stamped__struct.hpp
-- Installing: /home/albin/webots_ws/install/webots_ros2_msgs/include/webots_ros2_msgs/webots_ros2_msgs/msg/detail/bool_stamped__traits.hpp
-- Installing: /home/albin/webots_ws/install/webots_ros2_msgs/include/webots_ros2_msgs/webots_ros2_msgs/msg/detail/camera_recognition_objects__builder.hpp
-- Installing: /home/albin/webots_ws/install/webots_ros2_msgs/include/webots_ros2_msgs/webots_ros2_msgs/msg/detail/urdf_robot__traits.hpp
-- Installing: /home/albin/webots_ws/install/webots_ros2_msgs/include/webots_ros2_msgs/webots_ros2_msgs/msg/detail/bool_stamped__builder.hpp
-- Installing: /home/albin/webots_ws/install/webots_ros2_msgs/include/webots_ros2_msgs/webots_ros2_msgs/msg/detail/camera_recognition_object__struct.hpp
-- Installing: /home/albin/webots_ws/install/webots_ros2_msgs/include/webots_ros2_msgs/webots_ros2_msgs/msg/detail/float_stamped__builder.hpp
-- Installing: /home/albin/webots_ws/install/webots_ros2_msgs/include/webots_ros2_msgs/webots_ros2_msgs/msg/detail/pen_ink_properties__traits.hpp
-- Installing: /home/albin/webots_ws/install/webots_ros2_msgs/include/webots_ros2_msgs/webots_ros2_msgs/msg/detail/urdf_robot__struct.hpp
-- Installing: /home/albin/webots_ws/install/webots_ros2_msgs/include/webots_ros2_msgs/webots_ros2_msgs/msg/detail/string_stamped__traits.hpp
-- Installing: /home/albin/webots_ws/install/webots_ros2_msgs/include/webots_ros2_msgs/webots_ros2_msgs/msg/detail/camera_recognition_object__traits.hpp
-- Installing: /home/albin/webots_ws/install/webots_ros2_msgs/include/webots_ros2_msgs/webots_ros2_msgs/msg/detail/urdf_robot__builder.hpp
-- Installing: /home/albin/webots_ws/install/webots_ros2_msgs/include/webots_ros2_msgs/webots_ros2_msgs/msg/detail/pen_ink_properties__builder.hpp
-- Installing: /home/albin/webots_ws/install/webots_ros2_msgs/include/webots_ros2_msgs/webots_ros2_msgs/msg/detail/camera_recognition_objects__struct.hpp
-- Installing: /home/albin/webots_ws/install/webots_ros2_msgs/include/webots_ros2_msgs/webots_ros2_msgs/msg/detail/camera_recognition_objects__traits.hpp
-- Installing: /home/albin/webots_ws/install/webots_ros2_msgs/include/webots_ros2_msgs/webots_ros2_msgs/msg/detail/string_stamped__builder.hpp
-- Installing: /home/albin/webots_ws/install/webots_ros2_msgs/include/webots_ros2_msgs/webots_ros2_msgs/msg/detail/string_stamped__struct.hpp
-- Installing: /home/albin/webots_ws/install/webots_ros2_msgs/include/webots_ros2_msgs/webots_ros2_msgs/msg/detail/bool_stamped__struct.hpp
-- Installing: /home/albin/webots_ws/install/webots_ros2_msgs/include/webots_ros2_msgs/webots_ros2_msgs/msg/detail/camera_recognition_object__builder.hpp
-- Installing: /home/albin/webots_ws/install/webots_ros2_msgs/include/webots_ros2_msgs/webots_ros2_msgs/msg/detail/float_stamped__traits.hpp
-- Installing: /home/albin/webots_ws/install/webots_ros2_msgs/include/webots_ros2_msgs/webots_ros2_msgs/msg/detail/pen_ink_properties__struct.hpp
-- Installing: /home/albin/webots_ws/install/webots_ros2_msgs/include/webots_ros2_msgs/webots_ros2_msgs/msg/bool_stamped.hpp
-- Installing: /home/albin/webots_ws/install/webots_ros2_msgs/include/webots_ros2_msgs/webots_ros2_msgs/msg/camera_recognition_object.hpp
-- Installing: /home/albin/webots_ws/install/webots_ros2_msgs/include/webots_ros2_msgs/webots_ros2_msgs/msg/float_stamped.hpp
-- Installing: /home/albin/webots_ws/install/webots_ros2_msgs/include/webots_ros2_msgs/webots_ros2_msgs/msg/string_stamped.hpp
-- Installing: /home/albin/webots_ws/install/webots_ros2_msgs/include/webots_ros2_msgs/webots_ros2_msgs/msg/pen_ink_properties.hpp
-- Up-to-date: /home/albin/webots_ws/install/webots_ros2_msgs/include/webots_ros2_msgs/webots_ros2_msgs/srv
-- Up-to-date: /home/albin/webots_ws/install/webots_ros2_msgs/include/webots_ros2_msgs/webots_ros2_msgs/srv/detail
-- Installing: /home/albin/webots_ws/install/webots_ros2_msgs/include/webots_ros2_msgs/webots_ros2_msgs/srv/detail/emitter_send_string__struct.hpp
-- Installing: /home/albin/webots_ws/install/webots_ros2_msgs/include/webots_ros2_msgs/webots_ros2_msgs/srv/detail/emitter_send_string__traits.hpp
-- Installing: /home/albin/webots_ws/install/webots_ros2_msgs/include/webots_ros2_msgs/webots_ros2_msgs/srv/detail/get_bool__struct.hpp
-- Installing: /home/albin/webots_ws/install/webots_ros2_msgs/include/webots_ros2_msgs/webots_ros2_msgs/srv/detail/set_string__struct.hpp
-- Installing: /home/albin/webots_ws/install/webots_ros2_msgs/include/webots_ros2_msgs/webots_ros2_msgs/srv/detail/spawn_node_from_string__struct.hpp
-- Installing: /home/albin/webots_ws/install/webots_ros2_msgs/include/webots_ros2_msgs/webots_ros2_msgs/srv/detail/get_bool__builder.hpp
-- Installing: /home/albin/webots_ws/install/webots_ros2_msgs/include/webots_ros2_msgs/webots_ros2_msgs/srv/detail/spawn_node_from_string__builder.hpp
-- Installing: /home/albin/webots_ws/install/webots_ros2_msgs/include/webots_ros2_msgs/webots_ros2_msgs/srv/detail/get_bool__traits.hpp
-- Installing: /home/albin/webots_ws/install/webots_ros2_msgs/include/webots_ros2_msgs/webots_ros2_msgs/srv/detail/spawn_urdf_robot__builder.hpp
-- Installing: /home/albin/webots_ws/install/webots_ros2_msgs/include/webots_ros2_msgs/webots_ros2_msgs/srv/detail/set_string__traits.hpp
-- Installing: /home/albin/webots_ws/install/webots_ros2_msgs/include/webots_ros2_msgs/webots_ros2_msgs/srv/detail/emitter_send_string__builder.hpp
-- Installing: /home/albin/webots_ws/install/webots_ros2_msgs/include/webots_ros2_msgs/webots_ros2_msgs/srv/detail/spawn_urdf_robot__struct.hpp
-- Installing: /home/albin/webots_ws/install/webots_ros2_msgs/include/webots_ros2_msgs/webots_ros2_msgs/srv/detail/spawn_urdf_robot__traits.hpp
-- Installing: /home/albin/webots_ws/install/webots_ros2_msgs/include/webots_ros2_msgs/webots_ros2_msgs/srv/detail/spawn_node_from_string__traits.hpp
-- Installing: /home/albin/webots_ws/install/webots_ros2_msgs/include/webots_ros2_msgs/webots_ros2_msgs/srv/detail/set_string__builder.hpp
-- Installing: /home/albin/webots_ws/install/webots_ros2_msgs/include/webots_ros2_msgs/webots_ros2_msgs/srv/emitter_send_string.hpp
-- Installing: /home/albin/webots_ws/install/webots_ros2_msgs/include/webots_ros2_msgs/webots_ros2_msgs/srv/set_string.hpp
-- Installing: /home/albin/webots_ws/install/webots_ros2_msgs/include/webots_ros2_msgs/webots_ros2_msgs/srv/spawn_urdf_robot.hpp
-- Installing: /home/albin/webots_ws/install/webots_ros2_msgs/include/webots_ros2_msgs/webots_ros2_msgs/srv/get_bool.hpp
-- Installing: /home/albin/webots_ws/install/webots_ros2_msgs/include/webots_ros2_msgs/webots_ros2_msgs/srv/spawn_node_from_string.hpp
-- Up-to-date: /home/albin/webots_ws/install/webots_ros2_msgs/include/webots_ros2_msgs/webots_ros2_msgs
-- Up-to-date: /home/albin/webots_ws/install/webots_ros2_msgs/include/webots_ros2_msgs/webots_ros2_msgs/msg
-- Up-to-date: /home/albin/webots_ws/install/webots_ros2_msgs/include/webots_ros2_msgs/webots_ros2_msgs/msg/detail
-- Installing: /home/albin/webots_ws/install/webots_ros2_msgs/include/webots_ros2_msgs/webots_ros2_msgs/msg/detail/pen_ink_properties__rosidl_typesupport_fastrtps_cpp.hpp
-- Installing: /home/albin/webots_ws/install/webots_ros2_msgs/include/webots_ros2_msgs/webots_ros2_msgs/msg/detail/urdf_robot__rosidl_typesupport_fastrtps_cpp.hpp
-- Installing: /home/albin/webots_ws/install/webots_ros2_msgs/include/webots_ros2_msgs/webots_ros2_msgs/msg/detail/dds_fastrtps
-- Installing: /home/albin/webots_ws/install/webots_ros2_msgs/include/webots_ros2_msgs/webots_ros2_msgs/msg/detail/camera_recognition_objects__rosidl_typesupport_fastrtps_cpp.hpp
-- Installing: /home/albin/webots_ws/install/webots_ros2_msgs/include/webots_ros2_msgs/webots_ros2_msgs/msg/detail/bool_stamped__rosidl_typesupport_fastrtps_cpp.hpp
-- Installing: /home/albin/webots_ws/install/webots_ros2_msgs/include/webots_ros2_msgs/webots_ros2_msgs/msg/detail/string_stamped__rosidl_typesupport_fastrtps_cpp.hpp
-- Installing: /home/albin/webots_ws/install/webots_ros2_msgs/include/webots_ros2_msgs/webots_ros2_msgs/msg/detail/float_stamped__rosidl_typesupport_fastrtps_cpp.hpp
-- Installing: /home/albin/webots_ws/install/webots_ros2_msgs/include/webots_ros2_msgs/webots_ros2_msgs/msg/detail/camera_recognition_object__rosidl_typesupport_fastrtps_cpp.hpp
-- Installing: /home/albin/webots_ws/install/webots_ros2_msgs/include/webots_ros2_msgs/webots_ros2_msgs/msg/rosidl_typesupport_fastrtps_cpp__visibility_control.h
-- Up-to-date: /home/albin/webots_ws/install/webots_ros2_msgs/include/webots_ros2_msgs/webots_ros2_msgs/srv
-- Up-to-date: /home/albin/webots_ws/install/webots_ros2_msgs/include/webots_ros2_msgs/webots_ros2_msgs/srv/detail
-- Installing: /home/albin/webots_ws/install/webots_ros2_msgs/include/webots_ros2_msgs/webots_ros2_msgs/srv/detail/spawn_node_from_string__rosidl_typesupport_fastrtps_cpp.hpp
-- Installing: /home/albin/webots_ws/install/webots_ros2_msgs/include/webots_ros2_msgs/webots_ros2_msgs/srv/detail/get_bool__rosidl_typesupport_fastrtps_cpp.hpp
-- Installing: /home/albin/webots_ws/install/webots_ros2_msgs/include/webots_ros2_msgs/webots_ros2_msgs/srv/detail/dds_fastrtps
-- Installing: /home/albin/webots_ws/install/webots_ros2_msgs/include/webots_ros2_msgs/webots_ros2_msgs/srv/detail/set_string__rosidl_typesupport_fastrtps_cpp.hpp
-- Installing: /home/albin/webots_ws/install/webots_ros2_msgs/include/webots_ros2_msgs/webots_ros2_msgs/srv/detail/spawn_urdf_robot__rosidl_typesupport_fastrtps_cpp.hpp
-- Installing: /home/albin/webots_ws/install/webots_ros2_msgs/include/webots_ros2_msgs/webots_ros2_msgs/srv/detail/emitter_send_string__rosidl_typesupport_fastrtps_cpp.hpp
-- Installing: /home/albin/webots_ws/install/webots_ros2_msgs/lib/libwebots_ros2_msgs__rosidl_typesupport_fastrtps_cpp.so
-- Set runtime path of "/home/albin/webots_ws/install/webots_ros2_msgs/lib/libwebots_ros2_msgs__rosidl_typesupport_fastrtps_cpp.so" to ""
-- Up-to-date: /home/albin/webots_ws/install/webots_ros2_msgs/include/webots_ros2_msgs/webots_ros2_msgs
-- Up-to-date: /home/albin/webots_ws/install/webots_ros2_msgs/include/webots_ros2_msgs/webots_ros2_msgs/msg
-- Up-to-date: /home/albin/webots_ws/install/webots_ros2_msgs/include/webots_ros2_msgs/webots_ros2_msgs/msg/detail
-- Installing: /home/albin/webots_ws/install/webots_ros2_msgs/include/webots_ros2_msgs/webots_ros2_msgs/msg/detail/string_stamped__type_support.c
-- Installing: /home/albin/webots_ws/install/webots_ros2_msgs/include/webots_ros2_msgs/webots_ros2_msgs/msg/detail/float_stamped__type_support.c
-- Installing: /home/albin/webots_ws/install/webots_ros2_msgs/include/webots_ros2_msgs/webots_ros2_msgs/msg/detail/bool_stamped__type_support.c
-- Installing: /home/albin/webots_ws/install/webots_ros2_msgs/include/webots_ros2_msgs/webots_ros2_msgs/msg/detail/string_stamped__rosidl_typesupport_introspection_c.h
-- Installing: /home/albin/webots_ws/install/webots_ros2_msgs/include/webots_ros2_msgs/webots_ros2_msgs/msg/detail/urdf_robot__rosidl_typesupport_introspection_c.h
-- Installing: /home/albin/webots_ws/install/webots_ros2_msgs/include/webots_ros2_msgs/webots_ros2_msgs/msg/detail/camera_recognition_objects__type_support.c
-- Installing: /home/albin/webots_ws/install/webots_ros2_msgs/include/webots_ros2_msgs/webots_ros2_msgs/msg/detail/camera_recognition_objects__rosidl_typesupport_introspection_c.h
-- Installing: /home/albin/webots_ws/install/webots_ros2_msgs/include/webots_ros2_msgs/webots_ros2_msgs/msg/detail/pen_ink_properties__type_support.c
-- Installing: /home/albin/webots_ws/install/webots_ros2_msgs/include/webots_ros2_msgs/webots_ros2_msgs/msg/detail/camera_recognition_object__rosidl_typesupport_introspection_c.h
-- Installing: /home/albin/webots_ws/install/webots_ros2_msgs/include/webots_ros2_msgs/webots_ros2_msgs/msg/detail/bool_stamped__rosidl_typesupport_introspection_c.h
-- Installing: /home/albin/webots_ws/install/webots_ros2_msgs/include/webots_ros2_msgs/webots_ros2_msgs/msg/detail/urdf_robot__type_support.c
-- Installing: /home/albin/webots_ws/install/webots_ros2_msgs/include/webots_ros2_msgs/webots_ros2_msgs/msg/detail/camera_recognition_object__type_support.c
-- Installing: /home/albin/webots_ws/install/webots_ros2_msgs/include/webots_ros2_msgs/webots_ros2_msgs/msg/detail/float_stamped__rosidl_typesupport_introspection_c.h
-- Installing: /home/albin/webots_ws/install/webots_ros2_msgs/include/webots_ros2_msgs/webots_ros2_msgs/msg/detail/pen_ink_properties__rosidl_typesupport_introspection_c.h
-- Installing: /home/albin/webots_ws/install/webots_ros2_msgs/include/webots_ros2_msgs/webots_ros2_msgs/msg/rosidl_typesupport_introspection_c__visibility_control.h
-- Up-to-date: /home/albin/webots_ws/install/webots_ros2_msgs/include/webots_ros2_msgs/webots_ros2_msgs/srv
-- Up-to-date: /home/albin/webots_ws/install/webots_ros2_msgs/include/webots_ros2_msgs/webots_ros2_msgs/srv/detail
-- Installing: /home/albin/webots_ws/install/webots_ros2_msgs/include/webots_ros2_msgs/webots_ros2_msgs/srv/detail/spawn_node_from_string__rosidl_typesupport_introspection_c.h
-- Installing: /home/albin/webots_ws/install/webots_ros2_msgs/include/webots_ros2_msgs/webots_ros2_msgs/srv/detail/spawn_urdf_robot__rosidl_typesupport_introspection_c.h
-- Installing: /home/albin/webots_ws/install/webots_ros2_msgs/include/webots_ros2_msgs/webots_ros2_msgs/srv/detail/set_string__rosidl_typesupport_introspection_c.h
-- Installing: /home/albin/webots_ws/install/webots_ros2_msgs/include/webots_ros2_msgs/webots_ros2_msgs/srv/detail/get_bool__type_support.c
-- Installing: /home/albin/webots_ws/install/webots_ros2_msgs/include/webots_ros2_msgs/webots_ros2_msgs/srv/detail/spawn_urdf_robot__type_support.c
-- Installing: /home/albin/webots_ws/install/webots_ros2_msgs/include/webots_ros2_msgs/webots_ros2_msgs/srv/detail/get_bool__rosidl_typesupport_introspection_c.h
-- Installing: /home/albin/webots_ws/install/webots_ros2_msgs/include/webots_ros2_msgs/webots_ros2_msgs/srv/detail/set_string__type_support.c
-- Installing: /home/albin/webots_ws/install/webots_ros2_msgs/include/webots_ros2_msgs/webots_ros2_msgs/srv/detail/emitter_send_string__rosidl_typesupport_introspection_c.h
-- Installing: /home/albin/webots_ws/install/webots_ros2_msgs/include/webots_ros2_msgs/webots_ros2_msgs/srv/detail/spawn_node_from_string__type_support.c
-- Installing: /home/albin/webots_ws/install/webots_ros2_msgs/include/webots_ros2_msgs/webots_ros2_msgs/srv/detail/emitter_send_string__type_support.c
-- Installing: /home/albin/webots_ws/install/webots_ros2_msgs/lib/libwebots_ros2_msgs__rosidl_typesupport_introspection_c.so
-- Set runtime path of "/home/albin/webots_ws/install/webots_ros2_msgs/lib/libwebots_ros2_msgs__rosidl_typesupport_introspection_c.so" to ""
-- Installing: /home/albin/webots_ws/install/webots_ros2_msgs/lib/libwebots_ros2_msgs__rosidl_typesupport_c.so
-- Set runtime path of "/home/albin/webots_ws/install/webots_ros2_msgs/lib/libwebots_ros2_msgs__rosidl_typesupport_c.so" to ""
-- Up-to-date: /home/albin/webots_ws/install/webots_ros2_msgs/include/webots_ros2_msgs/webots_ros2_msgs
-- Up-to-date: /home/albin/webots_ws/install/webots_ros2_msgs/include/webots_ros2_msgs/webots_ros2_msgs/msg
-- Up-to-date: /home/albin/webots_ws/install/webots_ros2_msgs/include/webots_ros2_msgs/webots_ros2_msgs/msg/detail
-- Installing: /home/albin/webots_ws/install/webots_ros2_msgs/include/webots_ros2_msgs/webots_ros2_msgs/msg/detail/pen_ink_properties__type_support.cpp
-- Installing: /home/albin/webots_ws/install/webots_ros2_msgs/include/webots_ros2_msgs/webots_ros2_msgs/msg/detail/camera_recognition_object__rosidl_typesupport_introspection_cpp.hpp
-- Installing: /home/albin/webots_ws/install/webots_ros2_msgs/include/webots_ros2_msgs/webots_ros2_msgs/msg/detail/camera_recognition_objects__rosidl_typesupport_introspection_cpp.hpp
-- Installing: /home/albin/webots_ws/install/webots_ros2_msgs/include/webots_ros2_msgs/webots_ros2_msgs/msg/detail/camera_recognition_objects__type_support.cpp
-- Installing: /home/albin/webots_ws/install/webots_ros2_msgs/include/webots_ros2_msgs/webots_ros2_msgs/msg/detail/string_stamped__rosidl_typesupport_introspection_cpp.hpp
-- Installing: /home/albin/webots_ws/install/webots_ros2_msgs/include/webots_ros2_msgs/webots_ros2_msgs/msg/detail/camera_recognition_object__type_support.cpp
-- Installing: /home/albin/webots_ws/install/webots_ros2_msgs/include/webots_ros2_msgs/webots_ros2_msgs/msg/detail/bool_stamped__rosidl_typesupport_introspection_cpp.hpp
-- Installing: /home/albin/webots_ws/install/webots_ros2_msgs/include/webots_ros2_msgs/webots_ros2_msgs/msg/detail/urdf_robot__rosidl_typesupport_introspection_cpp.hpp
-- Installing: /home/albin/webots_ws/install/webots_ros2_msgs/include/webots_ros2_msgs/webots_ros2_msgs/msg/detail/bool_stamped__type_support.cpp
-- Installing: /home/albin/webots_ws/install/webots_ros2_msgs/include/webots_ros2_msgs/webots_ros2_msgs/msg/detail/string_stamped__type_support.cpp
-- Installing: /home/albin/webots_ws/install/webots_ros2_msgs/include/webots_ros2_msgs/webots_ros2_msgs/msg/detail/urdf_robot__type_support.cpp
-- Installing: /home/albin/webots_ws/install/webots_ros2_msgs/include/webots_ros2_msgs/webots_ros2_msgs/msg/detail/float_stamped__type_support.cpp
-- Installing: /home/albin/webots_ws/install/webots_ros2_msgs/include/webots_ros2_msgs/webots_ros2_msgs/msg/detail/pen_ink_properties__rosidl_typesupport_introspection_cpp.hpp
-- Installing: /home/albin/webots_ws/install/webots_ros2_msgs/include/webots_ros2_msgs/webots_ros2_msgs/msg/detail/float_stamped__rosidl_typesupport_introspection_cpp.hpp
-- Up-to-date: /home/albin/webots_ws/install/webots_ros2_msgs/include/webots_ros2_msgs/webots_ros2_msgs/srv
-- Up-to-date: /home/albin/webots_ws/install/webots_ros2_msgs/include/webots_ros2_msgs/webots_ros2_msgs/srv/detail
-- Installing: /home/albin/webots_ws/install/webots_ros2_msgs/include/webots_ros2_msgs/webots_ros2_msgs/srv/detail/spawn_node_from_string__type_support.cpp
-- Installing: /home/albin/webots_ws/install/webots_ros2_msgs/include/webots_ros2_msgs/webots_ros2_msgs/srv/detail/get_bool__rosidl_typesupport_introspection_cpp.hpp
-- Installing: /home/albin/webots_ws/install/webots_ros2_msgs/include/webots_ros2_msgs/webots_ros2_msgs/srv/detail/emitter_send_string__rosidl_typesupport_introspection_cpp.hpp
-- Installing: /home/albin/webots_ws/install/webots_ros2_msgs/include/webots_ros2_msgs/webots_ros2_msgs/srv/detail/spawn_node_from_string__rosidl_typesupport_introspection_cpp.hpp
-- Installing: /home/albin/webots_ws/install/webots_ros2_msgs/include/webots_ros2_msgs/webots_ros2_msgs/srv/detail/set_string__rosidl_typesupport_introspection_cpp.hpp
-- Installing: /home/albin/webots_ws/install/webots_ros2_msgs/include/webots_ros2_msgs/webots_ros2_msgs/srv/detail/emitter_send_string__type_support.cpp
-- Installing: /home/albin/webots_ws/install/webots_ros2_msgs/include/webots_ros2_msgs/webots_ros2_msgs/srv/detail/spawn_urdf_robot__type_support.cpp
-- Installing: /home/albin/webots_ws/install/webots_ros2_msgs/include/webots_ros2_msgs/webots_ros2_msgs/srv/detail/get_bool__type_support.cpp
-- Installing: /home/albin/webots_ws/install/webots_ros2_msgs/include/webots_ros2_msgs/webots_ros2_msgs/srv/detail/set_string__type_support.cpp
-- Installing: /home/albin/webots_ws/install/webots_ros2_msgs/include/webots_ros2_msgs/webots_ros2_msgs/srv/detail/spawn_urdf_robot__rosidl_typesupport_introspection_cpp.hpp
-- Installing: /home/albin/webots_ws/install/webots_ros2_msgs/lib/libwebots_ros2_msgs__rosidl_typesupport_introspection_cpp.so
-- Set runtime path of "/home/albin/webots_ws/install/webots_ros2_msgs/lib/libwebots_ros2_msgs__rosidl_typesupport_introspection_cpp.so" to ""
-- Installing: /home/albin/webots_ws/install/webots_ros2_msgs/lib/libwebots_ros2_msgs__rosidl_typesupport_cpp.so
-- Set runtime path of "/home/albin/webots_ws/install/webots_ros2_msgs/lib/libwebots_ros2_msgs__rosidl_typesupport_cpp.so" to ""
-- Installing: /home/albin/webots_ws/install/webots_ros2_msgs/share/webots_ros2_msgs/environment/pythonpath.sh
-- Installing: /home/albin/webots_ws/install/webots_ros2_msgs/share/webots_ros2_msgs/environment/pythonpath.dsv
-- Installing: /home/albin/webots_ws/install/webots_ros2_msgs/lib/python3.10/site-packages/webots_ros2_msgs-2025.0.1-py3.10.egg-info
-- Installing: /home/albin/webots_ws/install/webots_ros2_msgs/lib/python3.10/site-packages/webots_ros2_msgs-2025.0.1-py3.10.egg-info/top_level.txt
-- Installing: /home/albin/webots_ws/install/webots_ros2_msgs/lib/python3.10/site-packages/webots_ros2_msgs-2025.0.1-py3.10.egg-info/SOURCES.txt
-- Installing: /home/albin/webots_ws/install/webots_ros2_msgs/lib/python3.10/site-packages/webots_ros2_msgs-2025.0.1-py3.10.egg-info/dependency_links.txt
-- Installing: /home/albin/webots_ws/install/webots_ros2_msgs/lib/python3.10/site-packages/webots_ros2_msgs-2025.0.1-py3.10.egg-info/PKG-INFO
-- Installing: /home/albin/webots_ws/install/webots_ros2_msgs/lib/python3.10/site-packages/webots_ros2_msgs
-- Installing: /home/albin/webots_ws/install/webots_ros2_msgs/lib/python3.10/site-packages/webots_ros2_msgs/_webots_ros2_msgs_s.ep.rosidl_typesupport_fastrtps_c.c
-- Installing: /home/albin/webots_ws/install/webots_ros2_msgs/lib/python3.10/site-packages/webots_ros2_msgs/libwebots_ros2_msgs__rosidl_generator_py.so
-- Installing: /home/albin/webots_ws/install/webots_ros2_msgs/lib/python3.10/site-packages/webots_ros2_msgs/_webots_ros2_msgs_s.ep.rosidl_typesupport_introspection_c.c
-- Installing: /home/albin/webots_ws/install/webots_ros2_msgs/lib/python3.10/site-packages/webots_ros2_msgs/webots_ros2_msgs_s__rosidl_typesupport_introspection_c.cpython-310-x86_64-linux-gnu.so
-- Installing: /home/albin/webots_ws/install/webots_ros2_msgs/lib/python3.10/site-packages/webots_ros2_msgs/__init__.py
-- Installing: /home/albin/webots_ws/install/webots_ros2_msgs/lib/python3.10/site-packages/webots_ros2_msgs/msg
-- Installing: /home/albin/webots_ws/install/webots_ros2_msgs/lib/python3.10/site-packages/webots_ros2_msgs/msg/_float_stamped_s.c
-- Installing: /home/albin/webots_ws/install/webots_ros2_msgs/lib/python3.10/site-packages/webots_ros2_msgs/msg/_pen_ink_properties_s.c
-- Installing: /home/albin/webots_ws/install/webots_ros2_msgs/lib/python3.10/site-packages/webots_ros2_msgs/msg/_camera_recognition_objects_s.c
-- Installing: /home/albin/webots_ws/install/webots_ros2_msgs/lib/python3.10/site-packages/webots_ros2_msgs/msg/_float_stamped.py
-- Installing: /home/albin/webots_ws/install/webots_ros2_msgs/lib/python3.10/site-packages/webots_ros2_msgs/msg/__init__.py
-- Installing: /home/albin/webots_ws/install/webots_ros2_msgs/lib/python3.10/site-packages/webots_ros2_msgs/msg/_pen_ink_properties.py
-- Installing: /home/albin/webots_ws/install/webots_ros2_msgs/lib/python3.10/site-packages/webots_ros2_msgs/msg/_string_stamped_s.c
-- Installing: /home/albin/webots_ws/install/webots_ros2_msgs/lib/python3.10/site-packages/webots_ros2_msgs/msg/_camera_recognition_object.py
-- Installing: /home/albin/webots_ws/install/webots_ros2_msgs/lib/python3.10/site-packages/webots_ros2_msgs/msg/_camera_recognition_objects.py
-- Installing: /home/albin/webots_ws/install/webots_ros2_msgs/lib/python3.10/site-packages/webots_ros2_msgs/msg/_bool_stamped_s.c
-- Installing: /home/albin/webots_ws/install/webots_ros2_msgs/lib/python3.10/site-packages/webots_ros2_msgs/msg/_urdf_robot_s.c
-- Installing: /home/albin/webots_ws/install/webots_ros2_msgs/lib/python3.10/site-packages/webots_ros2_msgs/msg/_bool_stamped.py
-- Installing: /home/albin/webots_ws/install/webots_ros2_msgs/lib/python3.10/site-packages/webots_ros2_msgs/msg/_string_stamped.py
-- Installing: /home/albin/webots_ws/install/webots_ros2_msgs/lib/python3.10/site-packages/webots_ros2_msgs/msg/_camera_recognition_object_s.c
-- Installing: /home/albin/webots_ws/install/webots_ros2_msgs/lib/python3.10/site-packages/webots_ros2_msgs/msg/_urdf_robot.py
-- Installing: /home/albin/webots_ws/install/webots_ros2_msgs/lib/python3.10/site-packages/webots_ros2_msgs/_webots_ros2_msgs_s.ep.rosidl_typesupport_c.c
-- Installing: /home/albin/webots_ws/install/webots_ros2_msgs/lib/python3.10/site-packages/webots_ros2_msgs/webots_ros2_msgs_s__rosidl_typesupport_fastrtps_c.cpython-310-x86_64-linux-gnu.so
-- Installing: /home/albin/webots_ws/install/webots_ros2_msgs/lib/python3.10/site-packages/webots_ros2_msgs/srv
-- Installing: /home/albin/webots_ws/install/webots_ros2_msgs/lib/python3.10/site-packages/webots_ros2_msgs/srv/_emitter_send_string.py
-- Installing: /home/albin/webots_ws/install/webots_ros2_msgs/lib/python3.10/site-packages/webots_ros2_msgs/srv/_set_string_s.c
-- Installing: /home/albin/webots_ws/install/webots_ros2_msgs/lib/python3.10/site-packages/webots_ros2_msgs/srv/_spawn_node_from_string_s.c
-- Installing: /home/albin/webots_ws/install/webots_ros2_msgs/lib/python3.10/site-packages/webots_ros2_msgs/srv/_spawn_urdf_robot.py
-- Installing: /home/albin/webots_ws/install/webots_ros2_msgs/lib/python3.10/site-packages/webots_ros2_msgs/srv/_get_bool_s.c
-- Installing: /home/albin/webots_ws/install/webots_ros2_msgs/lib/python3.10/site-packages/webots_ros2_msgs/srv/_set_string.py
-- Installing: /home/albin/webots_ws/install/webots_ros2_msgs/lib/python3.10/site-packages/webots_ros2_msgs/srv/__init__.py
-- Installing: /home/albin/webots_ws/install/webots_ros2_msgs/lib/python3.10/site-packages/webots_ros2_msgs/srv/_spawn_node_from_string.py
-- Installing: /home/albin/webots_ws/install/webots_ros2_msgs/lib/python3.10/site-packages/webots_ros2_msgs/srv/_emitter_send_string_s.c
-- Installing: /home/albin/webots_ws/install/webots_ros2_msgs/lib/python3.10/site-packages/webots_ros2_msgs/srv/_spawn_urdf_robot_s.c
-- Installing: /home/albin/webots_ws/install/webots_ros2_msgs/lib/python3.10/site-packages/webots_ros2_msgs/srv/_get_bool.py
-- Installing: /home/albin/webots_ws/install/webots_ros2_msgs/lib/python3.10/site-packages/webots_ros2_msgs/webots_ros2_msgs_s__rosidl_typesupport_c.cpython-310-x86_64-linux-gnu.so
Listing '/home/albin/webots_ws/install/webots_ros2_msgs/lib/python3.10/site-packages/webots_ros2_msgs'...
Compiling '/home/albin/webots_ws/install/webots_ros2_msgs/lib/python3.10/site-packages/webots_ros2_msgs/__init__.py'...
Listing '/home/albin/webots_ws/install/webots_ros2_msgs/lib/python3.10/site-packages/webots_ros2_msgs/msg'...
Compiling '/home/albin/webots_ws/install/webots_ros2_msgs/lib/python3.10/site-packages/webots_ros2_msgs/msg/__init__.py'...
Compiling '/home/albin/webots_ws/install/webots_ros2_msgs/lib/python3.10/site-packages/webots_ros2_msgs/msg/_bool_stamped.py'...
Compiling '/home/albin/webots_ws/install/webots_ros2_msgs/lib/python3.10/site-packages/webots_ros2_msgs/msg/_camera_recognition_object.py'...
Compiling '/home/albin/webots_ws/install/webots_ros2_msgs/lib/python3.10/site-packages/webots_ros2_msgs/msg/_camera_recognition_objects.py'...
Compiling '/home/albin/webots_ws/install/webots_ros2_msgs/lib/python3.10/site-packages/webots_ros2_msgs/msg/_float_stamped.py'...
Compiling '/home/albin/webots_ws/install/webots_ros2_msgs/lib/python3.10/site-packages/webots_ros2_msgs/msg/_pen_ink_properties.py'...
Compiling '/home/albin/webots_ws/install/webots_ros2_msgs/lib/python3.10/site-packages/webots_ros2_msgs/msg/_string_stamped.py'...
Compiling '/home/albin/webots_ws/install/webots_ros2_msgs/lib/python3.10/site-packages/webots_ros2_msgs/msg/_urdf_robot.py'...
Listing '/home/albin/webots_ws/install/webots_ros2_msgs/lib/python3.10/site-packages/webots_ros2_msgs/srv'...
Compiling '/home/albin/webots_ws/install/webots_ros2_msgs/lib/python3.10/site-packages/webots_ros2_msgs/srv/__init__.py'...
Compiling '/home/albin/webots_ws/install/webots_ros2_msgs/lib/python3.10/site-packages/webots_ros2_msgs/srv/_emitter_send_string.py'...
Compiling '/home/albin/webots_ws/install/webots_ros2_msgs/lib/python3.10/site-packages/webots_ros2_msgs/srv/_get_bool.py'...
Compiling '/home/albin/webots_ws/install/webots_ros2_msgs/lib/python3.10/site-packages/webots_ros2_msgs/srv/_set_string.py'...
Compiling '/home/albin/webots_ws/install/webots_ros2_msgs/lib/python3.10/site-packages/webots_ros2_msgs/srv/_spawn_node_from_string.py'...
Compiling '/home/albin/webots_ws/install/webots_ros2_msgs/lib/python3.10/site-packages/webots_ros2_msgs/srv/_spawn_urdf_robot.py'...
-- Installing: /home/albin/webots_ws/install/webots_ros2_msgs/lib/python3.10/site-packages/webots_ros2_msgs/webots_ros2_msgs_s__rosidl_typesupport_fastrtps_c.cpython-310-x86_64-linux-gnu.so
-- Set runtime path of "/home/albin/webots_ws/install/webots_ros2_msgs/lib/python3.10/site-packages/webots_ros2_msgs/webots_ros2_msgs_s__rosidl_typesupport_fastrtps_c.cpython-310-x86_64-linux-gnu.so" to ""
-- Installing: /home/albin/webots_ws/install/webots_ros2_msgs/lib/python3.10/site-packages/webots_ros2_msgs/webots_ros2_msgs_s__rosidl_typesupport_introspection_c.cpython-310-x86_64-linux-gnu.so
-- Set runtime path of "/home/albin/webots_ws/install/webots_ros2_msgs/lib/python3.10/site-packages/webots_ros2_msgs/webots_ros2_msgs_s__rosidl_typesupport_introspection_c.cpython-310-x86_64-linux-gnu.so" to ""
-- Installing: /home/albin/webots_ws/install/webots_ros2_msgs/lib/python3.10/site-packages/webots_ros2_msgs/webots_ros2_msgs_s__rosidl_typesupport_c.cpython-310-x86_64-linux-gnu.so
-- Set runtime path of "/home/albin/webots_ws/install/webots_ros2_msgs/lib/python3.10/site-packages/webots_ros2_msgs/webots_ros2_msgs_s__rosidl_typesupport_c.cpython-310-x86_64-linux-gnu.so" to ""
-- Installing: /home/albin/webots_ws/install/webots_ros2_msgs/lib/libwebots_ros2_msgs__rosidl_generator_py.so
-- Set runtime path of "/home/albin/webots_ws/install/webots_ros2_msgs/lib/libwebots_ros2_msgs__rosidl_generator_py.so" to ""
-- Installing: /home/albin/webots_ws/install/webots_ros2_msgs/share/webots_ros2_msgs/msg/BoolStamped.idl
-- Installing: /home/albin/webots_ws/install/webots_ros2_msgs/share/webots_ros2_msgs/msg/FloatStamped.idl
-- Installing: /home/albin/webots_ws/install/webots_ros2_msgs/share/webots_ros2_msgs/msg/StringStamped.idl
-- Installing: /home/albin/webots_ws/install/webots_ros2_msgs/share/webots_ros2_msgs/msg/CameraRecognitionObject.idl
-- Installing: /home/albin/webots_ws/install/webots_ros2_msgs/share/webots_ros2_msgs/msg/CameraRecognitionObjects.idl
-- Installing: /home/albin/webots_ws/install/webots_ros2_msgs/share/webots_ros2_msgs/msg/UrdfRobot.idl
-- Installing: /home/albin/webots_ws/install/webots_ros2_msgs/share/webots_ros2_msgs/msg/PenInkProperties.idl
-- Installing: /home/albin/webots_ws/install/webots_ros2_msgs/share/webots_ros2_msgs/srv/EmitterSendString.idl
-- Installing: /home/albin/webots_ws/install/webots_ros2_msgs/share/webots_ros2_msgs/srv/GetBool.idl
-- Installing: /home/albin/webots_ws/install/webots_ros2_msgs/share/webots_ros2_msgs/srv/SetString.idl
-- Installing: /home/albin/webots_ws/install/webots_ros2_msgs/share/webots_ros2_msgs/srv/SpawnNodeFromString.idl
-- Installing: /home/albin/webots_ws/install/webots_ros2_msgs/share/webots_ros2_msgs/srv/SpawnUrdfRobot.idl
-- Installing: /home/albin/webots_ws/install/webots_ros2_msgs/share/webots_ros2_msgs/msg/BoolStamped.msg
-- Installing: /home/albin/webots_ws/install/webots_ros2_msgs/share/webots_ros2_msgs/msg/FloatStamped.msg
-- Installing: /home/albin/webots_ws/install/webots_ros2_msgs/share/webots_ros2_msgs/msg/StringStamped.msg
-- Installing: /home/albin/webots_ws/install/webots_ros2_msgs/share/webots_ros2_msgs/msg/CameraRecognitionObject.msg
-- Installing: /home/albin/webots_ws/install/webots_ros2_msgs/share/webots_ros2_msgs/msg/CameraRecognitionObjects.msg
-- Installing: /home/albin/webots_ws/install/webots_ros2_msgs/share/webots_ros2_msgs/msg/UrdfRobot.msg
-- Installing: /home/albin/webots_ws/install/webots_ros2_msgs/share/webots_ros2_msgs/msg/PenInkProperties.msg
-- Installing: /home/albin/webots_ws/install/webots_ros2_msgs/share/webots_ros2_msgs/srv/EmitterSendString.srv
-- Installing: /home/albin/webots_ws/install/webots_ros2_msgs/share/webots_ros2_msgs/srv/EmitterSendString_Request.msg
-- Installing: /home/albin/webots_ws/install/webots_ros2_msgs/share/webots_ros2_msgs/srv/EmitterSendString_Response.msg
-- Installing: /home/albin/webots_ws/install/webots_ros2_msgs/share/webots_ros2_msgs/srv/GetBool.srv
-- Installing: /home/albin/webots_ws/install/webots_ros2_msgs/share/webots_ros2_msgs/srv/GetBool_Request.msg
-- Installing: /home/albin/webots_ws/install/webots_ros2_msgs/share/webots_ros2_msgs/srv/GetBool_Response.msg
-- Installing: /home/albin/webots_ws/install/webots_ros2_msgs/share/webots_ros2_msgs/srv/SetString.srv
-- Installing: /home/albin/webots_ws/install/webots_ros2_msgs/share/webots_ros2_msgs/srv/SetString_Request.msg
-- Installing: /home/albin/webots_ws/install/webots_ros2_msgs/share/webots_ros2_msgs/srv/SetString_Response.msg
-- Installing: /home/albin/webots_ws/install/webots_ros2_msgs/share/webots_ros2_msgs/srv/SpawnNodeFromString.srv
-- Installing: /home/albin/webots_ws/install/webots_ros2_msgs/share/webots_ros2_msgs/srv/SpawnNodeFromString_Request.msg
-- Installing: /home/albin/webots_ws/install/webots_ros2_msgs/share/webots_ros2_msgs/srv/SpawnNodeFromString_Response.msg
-- Installing: /home/albin/webots_ws/install/webots_ros2_msgs/share/webots_ros2_msgs/srv/SpawnUrdfRobot.srv
-- Installing: /home/albin/webots_ws/install/webots_ros2_msgs/share/webots_ros2_msgs/srv/SpawnUrdfRobot_Request.msg
-- Installing: /home/albin/webots_ws/install/webots_ros2_msgs/share/webots_ros2_msgs/srv/SpawnUrdfRobot_Response.msg
-- Installing: /home/albin/webots_ws/install/webots_ros2_msgs/share/ament_index/resource_index/package_run_dependencies/webots_ros2_msgs
-- Installing: /home/albin/webots_ws/install/webots_ros2_msgs/share/ament_index/resource_index/parent_prefix_path/webots_ros2_msgs
-- Installing: /home/albin/webots_ws/install/webots_ros2_msgs/share/webots_ros2_msgs/environment/ament_prefix_path.sh
-- Installing: /home/albin/webots_ws/install/webots_ros2_msgs/share/webots_ros2_msgs/environment/ament_prefix_path.dsv
-- Installing: /home/albin/webots_ws/install/webots_ros2_msgs/share/webots_ros2_msgs/environment/path.sh
-- Installing: /home/albin/webots_ws/install/webots_ros2_msgs/share/webots_ros2_msgs/environment/path.dsv
-- Installing: /home/albin/webots_ws/install/webots_ros2_msgs/share/webots_ros2_msgs/local_setup.bash
-- Installing: /home/albin/webots_ws/install/webots_ros2_msgs/share/webots_ros2_msgs/local_setup.sh
-- Installing: /home/albin/webots_ws/install/webots_ros2_msgs/share/webots_ros2_msgs/local_setup.zsh
-- Installing: /home/albin/webots_ws/install/webots_ros2_msgs/share/webots_ros2_msgs/local_setup.dsv
-- Installing: /home/albin/webots_ws/install/webots_ros2_msgs/share/webots_ros2_msgs/package.dsv
-- Installing: /home/albin/webots_ws/install/webots_ros2_msgs/share/ament_index/resource_index/packages/webots_ros2_msgs
-- Installing: /home/albin/webots_ws/install/webots_ros2_msgs/share/webots_ros2_msgs/cmake/export_webots_ros2_msgs__rosidl_generator_cExport.cmake
-- Installing: /home/albin/webots_ws/install/webots_ros2_msgs/share/webots_ros2_msgs/cmake/export_webots_ros2_msgs__rosidl_generator_cExport-noconfig.cmake
-- Installing: /home/albin/webots_ws/install/webots_ros2_msgs/share/webots_ros2_msgs/cmake/export_webots_ros2_msgs__rosidl_typesupport_fastrtps_cExport.cmake
-- Installing: /home/albin/webots_ws/install/webots_ros2_msgs/share/webots_ros2_msgs/cmake/export_webots_ros2_msgs__rosidl_typesupport_fastrtps_cExport-noconfig.cmake
-- Installing: /home/albin/webots_ws/install/webots_ros2_msgs/share/webots_ros2_msgs/cmake/export_webots_ros2_msgs__rosidl_generator_cppExport.cmake
-- Installing: /home/albin/webots_ws/install/webots_ros2_msgs/share/webots_ros2_msgs/cmake/export_webots_ros2_msgs__rosidl_typesupport_fastrtps_cppExport.cmake
-- Installing: /home/albin/webots_ws/install/webots_ros2_msgs/share/webots_ros2_msgs/cmake/export_webots_ros2_msgs__rosidl_typesupport_fastrtps_cppExport-noconfig.cmake
-- Installing: /home/albin/webots_ws/install/webots_ros2_msgs/share/webots_ros2_msgs/cmake/webots_ros2_msgs__rosidl_typesupport_introspection_cExport.cmake
-- Installing: /home/albin/webots_ws/install/webots_ros2_msgs/share/webots_ros2_msgs/cmake/webots_ros2_msgs__rosidl_typesupport_introspection_cExport-noconfig.cmake
-- Installing: /home/albin/webots_ws/install/webots_ros2_msgs/share/webots_ros2_msgs/cmake/webots_ros2_msgs__rosidl_typesupport_cExport.cmake
-- Installing: /home/albin/webots_ws/install/webots_ros2_msgs/share/webots_ros2_msgs/cmake/webots_ros2_msgs__rosidl_typesupport_cExport-noconfig.cmake
-- Installing: /home/albin/webots_ws/install/webots_ros2_msgs/share/webots_ros2_msgs/cmake/webots_ros2_msgs__rosidl_typesupport_introspection_cppExport.cmake
-- Installing: /home/albin/webots_ws/install/webots_ros2_msgs/share/webots_ros2_msgs/cmake/webots_ros2_msgs__rosidl_typesupport_introspection_cppExport-noconfig.cmake
-- Installing: /home/albin/webots_ws/install/webots_ros2_msgs/share/webots_ros2_msgs/cmake/webots_ros2_msgs__rosidl_typesupport_cppExport.cmake
-- Installing: /home/albin/webots_ws/install/webots_ros2_msgs/share/webots_ros2_msgs/cmake/webots_ros2_msgs__rosidl_typesupport_cppExport-noconfig.cmake
-- Installing: /home/albin/webots_ws/install/webots_ros2_msgs/share/webots_ros2_msgs/cmake/export_webots_ros2_msgs__rosidl_generator_pyExport.cmake
-- Installing: /home/albin/webots_ws/install/webots_ros2_msgs/share/webots_ros2_msgs/cmake/export_webots_ros2_msgs__rosidl_generator_pyExport-noconfig.cmake
-- Installing: /home/albin/webots_ws/install/webots_ros2_msgs/share/webots_ros2_msgs/cmake/rosidl_cmake-extras.cmake
-- Installing: /home/albin/webots_ws/install/webots_ros2_msgs/share/webots_ros2_msgs/cmake/ament_cmake_export_dependencies-extras.cmake
-- Installing: /home/albin/webots_ws/install/webots_ros2_msgs/share/webots_ros2_msgs/cmake/ament_cmake_export_include_directories-extras.cmake
-- Installing: /home/albin/webots_ws/install/webots_ros2_msgs/share/webots_ros2_msgs/cmake/ament_cmake_export_libraries-extras.cmake
-- Installing: /home/albin/webots_ws/install/webots_ros2_msgs/share/webots_ros2_msgs/cmake/ament_cmake_export_targets-extras.cmake
-- Installing: /home/albin/webots_ws/install/webots_ros2_msgs/share/webots_ros2_msgs/cmake/rosidl_cmake_export_typesupport_targets-extras.cmake
-- Installing: /home/albin/webots_ws/install/webots_ros2_msgs/share/webots_ros2_msgs/cmake/rosidl_cmake_export_typesupport_libraries-extras.cmake
-- Installing: /home/albin/webots_ws/install/webots_ros2_msgs/share/webots_ros2_msgs/cmake/webots_ros2_msgsConfig.cmake
-- Installing: /home/albin/webots_ws/install/webots_ros2_msgs/share/webots_ros2_msgs/cmake/webots_ros2_msgsConfig-version.cmake
-- Installing: /home/albin/webots_ws/install/webots_ros2_msgs/share/webots_ros2_msgs/package.xml
