running egg_info
creating ../../../build/webots_ros2_universal_robot/webots_ros2_universal_robot.egg-info
writing ../../../build/webots_ros2_universal_robot/webots_ros2_universal_robot.egg-info/PKG-INFO
writing dependency_links to ../../../build/webots_ros2_universal_robot/webots_ros2_universal_robot.egg-info/dependency_links.txt
writing entry points to ../../../build/webots_ros2_universal_robot/webots_ros2_universal_robot.egg-info/entry_points.txt
writing requirements to ../../../build/webots_ros2_universal_robot/webots_ros2_universal_robot.egg-info/requires.txt
writing top-level names to ../../../build/webots_ros2_universal_robot/webots_ros2_universal_robot.egg-info/top_level.txt
writing manifest file '../../../build/webots_ros2_universal_robot/webots_ros2_universal_robot.egg-info/SOURCES.txt'
reading manifest file '../../../build/webots_ros2_universal_robot/webots_ros2_universal_robot.egg-info/SOURCES.txt'
writing manifest file '../../../build/webots_ros2_universal_robot/webots_ros2_universal_robot.egg-info/SOURCES.txt'
running build
running build_py
creating /home/albin/webots_ws/build/webots_ros2_universal_robot/build
creating /home/albin/webots_ws/build/webots_ros2_universal_robot/build/lib
creating /home/albin/webots_ws/build/webots_ros2_universal_robot/build/lib/webots_ros2_universal_robot
copying webots_ros2_universal_robot/follow_joint_trajectory_client.py -> /home/albin/webots_ws/build/webots_ros2_universal_robot/build/lib/webots_ros2_universal_robot
copying webots_ros2_universal_robot/abb_controller.py -> /home/albin/webots_ws/build/webots_ros2_universal_robot/build/lib/webots_ros2_universal_robot
copying webots_ros2_universal_robot/__init__.py -> /home/albin/webots_ws/build/webots_ros2_universal_robot/build/lib/webots_ros2_universal_robot
copying webots_ros2_universal_robot/ur5e_controller.py -> /home/albin/webots_ws/build/webots_ros2_universal_robot/build/lib/webots_ros2_universal_robot
running install
running install_lib
creating /home/albin/webots_ws/install/webots_ros2_universal_robot/lib/python3.10/site-packages/webots_ros2_universal_robot
copying /home/albin/webots_ws/build/webots_ros2_universal_robot/build/lib/webots_ros2_universal_robot/follow_joint_trajectory_client.py -> /home/albin/webots_ws/install/webots_ros2_universal_robot/lib/python3.10/site-packages/webots_ros2_universal_robot
copying /home/albin/webots_ws/build/webots_ros2_universal_robot/build/lib/webots_ros2_universal_robot/abb_controller.py -> /home/albin/webots_ws/install/webots_ros2_universal_robot/lib/python3.10/site-packages/webots_ros2_universal_robot
copying /home/albin/webots_ws/build/webots_ros2_universal_robot/build/lib/webots_ros2_universal_robot/__init__.py -> /home/albin/webots_ws/install/webots_ros2_universal_robot/lib/python3.10/site-packages/webots_ros2_universal_robot
copying /home/albin/webots_ws/build/webots_ros2_universal_robot/build/lib/webots_ros2_universal_robot/ur5e_controller.py -> /home/albin/webots_ws/install/webots_ros2_universal_robot/lib/python3.10/site-packages/webots_ros2_universal_robot
byte-compiling /home/albin/webots_ws/install/webots_ros2_universal_robot/lib/python3.10/site-packages/webots_ros2_universal_robot/follow_joint_trajectory_client.py to follow_joint_trajectory_client.cpython-310.pyc
byte-compiling /home/albin/webots_ws/install/webots_ros2_universal_robot/lib/python3.10/site-packages/webots_ros2_universal_robot/abb_controller.py to abb_controller.cpython-310.pyc
byte-compiling /home/albin/webots_ws/install/webots_ros2_universal_robot/lib/python3.10/site-packages/webots_ros2_universal_robot/__init__.py to __init__.cpython-310.pyc
byte-compiling /home/albin/webots_ws/install/webots_ros2_universal_robot/lib/python3.10/site-packages/webots_ros2_universal_robot/ur5e_controller.py to ur5e_controller.cpython-310.pyc
running install_data
creating /home/albin/webots_ws/install/webots_ros2_universal_robot/share/ament_index
creating /home/albin/webots_ws/install/webots_ros2_universal_robot/share/ament_index/resource_index
creating /home/albin/webots_ws/install/webots_ros2_universal_robot/share/ament_index/resource_index/packages
copying resource/webots_ros2_universal_robot -> /home/albin/webots_ws/install/webots_ros2_universal_robot/share/ament_index/resource_index/packages
creating /home/albin/webots_ws/install/webots_ros2_universal_robot/share/webots_ros2_universal_robot/launch
copying launch/robot_launch/robot_nodes_launch.py -> /home/albin/webots_ws/install/webots_ros2_universal_robot/share/webots_ros2_universal_robot/launch
copying launch/robot_launch/robot_world_launch.py -> /home/albin/webots_ws/install/webots_ros2_universal_robot/share/webots_ros2_universal_robot/launch
copying launch/robot_launch/robot_moveit_nodes_launch.py -> /home/albin/webots_ws/install/webots_ros2_universal_robot/share/webots_ros2_universal_robot/launch
copying launch/multirobot_launch.py -> /home/albin/webots_ws/install/webots_ros2_universal_robot/share/webots_ros2_universal_robot/launch
creating /home/albin/webots_ws/install/webots_ros2_universal_robot/share/webots_ros2_universal_robot/worlds
copying worlds/universal_robot.wbt -> /home/albin/webots_ws/install/webots_ros2_universal_robot/share/webots_ros2_universal_robot/worlds
copying worlds/.universal_robot.wbproj -> /home/albin/webots_ws/install/webots_ros2_universal_robot/share/webots_ros2_universal_robot/worlds
copying worlds/robotic_arms.wbt -> /home/albin/webots_ws/install/webots_ros2_universal_robot/share/webots_ros2_universal_robot/worlds
copying worlds/.robotic_arms.wbproj -> /home/albin/webots_ws/install/webots_ros2_universal_robot/share/webots_ros2_universal_robot/worlds
copying package.xml -> /home/albin/webots_ws/install/webots_ros2_universal_robot/share/webots_ros2_universal_robot
creating /home/albin/webots_ws/install/webots_ros2_universal_robot/share/webots_ros2_universal_robot/resource
copying resource/ur5e_with_gripper.urdf.xacro -> /home/albin/webots_ws/install/webots_ros2_universal_robot/share/webots_ros2_universal_robot/resource
copying resource/moveit_controllers.yaml -> /home/albin/webots_ws/install/webots_ros2_universal_robot/share/webots_ros2_universal_robot/resource
copying resource/moveit_kinematics.yaml -> /home/albin/webots_ws/install/webots_ros2_universal_robot/share/webots_ros2_universal_robot/resource
copying resource/ros2_control_config.yaml -> /home/albin/webots_ws/install/webots_ros2_universal_robot/share/webots_ros2_universal_robot/resource
copying resource/ur5e_with_gripper.urdf -> /home/albin/webots_ws/install/webots_ros2_universal_robot/share/webots_ros2_universal_robot/resource
copying resource/ros2_control_abb_config.yaml -> /home/albin/webots_ws/install/webots_ros2_universal_robot/share/webots_ros2_universal_robot/resource
copying resource/moveit_ur5e.srdf -> /home/albin/webots_ws/install/webots_ros2_universal_robot/share/webots_ros2_universal_robot/resource
copying resource/moveit_visualization.rviz -> /home/albin/webots_ws/install/webots_ros2_universal_robot/share/webots_ros2_universal_robot/resource
copying resource/moveit_movegroup.yaml -> /home/albin/webots_ws/install/webots_ros2_universal_robot/share/webots_ros2_universal_robot/resource
copying resource/webots_abb_description.urdf -> /home/albin/webots_ws/install/webots_ros2_universal_robot/share/webots_ros2_universal_robot/resource
creating /home/albin/webots_ws/install/webots_ros2_universal_robot/share/webots_ros2_universal_robot/resource/Universal_Robots_ROS2_Driver
creating /home/albin/webots_ws/install/webots_ros2_universal_robot/share/webots_ros2_universal_robot/resource/Universal_Robots_ROS2_Driver/ur_description
creating /home/albin/webots_ws/install/webots_ros2_universal_robot/share/webots_ros2_universal_robot/resource/Universal_Robots_ROS2_Driver/ur_description/config
copying resource/Universal_Robots_ROS2_Driver/ur_description/config/initial_positions.yaml -> /home/albin/webots_ws/install/webots_ros2_universal_robot/share/webots_ros2_universal_robot/resource/Universal_Robots_ROS2_Driver/ur_description/config
creating /home/albin/webots_ws/install/webots_ros2_universal_robot/share/webots_ros2_universal_robot/resource/Universal_Robots_ROS2_Driver/ur_description/config/ur5e
copying resource/Universal_Robots_ROS2_Driver/ur_description/config/ur5e/visual_parameters.yaml -> /home/albin/webots_ws/install/webots_ros2_universal_robot/share/webots_ros2_universal_robot/resource/Universal_Robots_ROS2_Driver/ur_description/config/ur5e
copying resource/Universal_Robots_ROS2_Driver/ur_description/config/ur5e/joint_limits.yaml -> /home/albin/webots_ws/install/webots_ros2_universal_robot/share/webots_ros2_universal_robot/resource/Universal_Robots_ROS2_Driver/ur_description/config/ur5e
copying resource/Universal_Robots_ROS2_Driver/ur_description/config/ur5e/default_kinematics.yaml -> /home/albin/webots_ws/install/webots_ros2_universal_robot/share/webots_ros2_universal_robot/resource/Universal_Robots_ROS2_Driver/ur_description/config/ur5e
copying resource/Universal_Robots_ROS2_Driver/ur_description/config/ur5e/physical_parameters.yaml -> /home/albin/webots_ws/install/webots_ros2_universal_robot/share/webots_ros2_universal_robot/resource/Universal_Robots_ROS2_Driver/ur_description/config/ur5e
creating /home/albin/webots_ws/install/webots_ros2_universal_robot/share/webots_ros2_universal_robot/resource/Universal_Robots_ROS2_Driver/ur_description/meshes
creating /home/albin/webots_ws/install/webots_ros2_universal_robot/share/webots_ros2_universal_robot/resource/Universal_Robots_ROS2_Driver/ur_description/meshes/ur5e
creating /home/albin/webots_ws/install/webots_ros2_universal_robot/share/webots_ros2_universal_robot/resource/Universal_Robots_ROS2_Driver/ur_description/meshes/ur5e/visual
copying resource/Universal_Robots_ROS2_Driver/ur_description/meshes/ur5e/visual/wrist1.dae -> /home/albin/webots_ws/install/webots_ros2_universal_robot/share/webots_ros2_universal_robot/resource/Universal_Robots_ROS2_Driver/ur_description/meshes/ur5e/visual
copying resource/Universal_Robots_ROS2_Driver/ur_description/meshes/ur5e/visual/forearm.dae -> /home/albin/webots_ws/install/webots_ros2_universal_robot/share/webots_ros2_universal_robot/resource/Universal_Robots_ROS2_Driver/ur_description/meshes/ur5e/visual
copying resource/Universal_Robots_ROS2_Driver/ur_description/meshes/ur5e/visual/shoulder.dae -> /home/albin/webots_ws/install/webots_ros2_universal_robot/share/webots_ros2_universal_robot/resource/Universal_Robots_ROS2_Driver/ur_description/meshes/ur5e/visual
copying resource/Universal_Robots_ROS2_Driver/ur_description/meshes/ur5e/visual/wrist3.dae -> /home/albin/webots_ws/install/webots_ros2_universal_robot/share/webots_ros2_universal_robot/resource/Universal_Robots_ROS2_Driver/ur_description/meshes/ur5e/visual
copying resource/Universal_Robots_ROS2_Driver/ur_description/meshes/ur5e/visual/upperarm.dae -> /home/albin/webots_ws/install/webots_ros2_universal_robot/share/webots_ros2_universal_robot/resource/Universal_Robots_ROS2_Driver/ur_description/meshes/ur5e/visual
copying resource/Universal_Robots_ROS2_Driver/ur_description/meshes/ur5e/visual/base.dae -> /home/albin/webots_ws/install/webots_ros2_universal_robot/share/webots_ros2_universal_robot/resource/Universal_Robots_ROS2_Driver/ur_description/meshes/ur5e/visual
copying resource/Universal_Robots_ROS2_Driver/ur_description/meshes/ur5e/visual/wrist2.dae -> /home/albin/webots_ws/install/webots_ros2_universal_robot/share/webots_ros2_universal_robot/resource/Universal_Robots_ROS2_Driver/ur_description/meshes/ur5e/visual
creating /home/albin/webots_ws/install/webots_ros2_universal_robot/share/webots_ros2_universal_robot/resource/Universal_Robots_ROS2_Driver/ur_description/meshes/ur5e/collision
copying resource/Universal_Robots_ROS2_Driver/ur_description/meshes/ur5e/collision/wrist1.stl -> /home/albin/webots_ws/install/webots_ros2_universal_robot/share/webots_ros2_universal_robot/resource/Universal_Robots_ROS2_Driver/ur_description/meshes/ur5e/collision
copying resource/Universal_Robots_ROS2_Driver/ur_description/meshes/ur5e/collision/base.stl -> /home/albin/webots_ws/install/webots_ros2_universal_robot/share/webots_ros2_universal_robot/resource/Universal_Robots_ROS2_Driver/ur_description/meshes/ur5e/collision
copying resource/Universal_Robots_ROS2_Driver/ur_description/meshes/ur5e/collision/shoulder.stl -> /home/albin/webots_ws/install/webots_ros2_universal_robot/share/webots_ros2_universal_robot/resource/Universal_Robots_ROS2_Driver/ur_description/meshes/ur5e/collision
copying resource/Universal_Robots_ROS2_Driver/ur_description/meshes/ur5e/collision/wrist2.stl -> /home/albin/webots_ws/install/webots_ros2_universal_robot/share/webots_ros2_universal_robot/resource/Universal_Robots_ROS2_Driver/ur_description/meshes/ur5e/collision
copying resource/Universal_Robots_ROS2_Driver/ur_description/meshes/ur5e/collision/upperarm.stl -> /home/albin/webots_ws/install/webots_ros2_universal_robot/share/webots_ros2_universal_robot/resource/Universal_Robots_ROS2_Driver/ur_description/meshes/ur5e/collision
copying resource/Universal_Robots_ROS2_Driver/ur_description/meshes/ur5e/collision/forearm.stl -> /home/albin/webots_ws/install/webots_ros2_universal_robot/share/webots_ros2_universal_robot/resource/Universal_Robots_ROS2_Driver/ur_description/meshes/ur5e/collision
copying resource/Universal_Robots_ROS2_Driver/ur_description/meshes/ur5e/collision/wrist3.stl -> /home/albin/webots_ws/install/webots_ros2_universal_robot/share/webots_ros2_universal_robot/resource/Universal_Robots_ROS2_Driver/ur_description/meshes/ur5e/collision
creating /home/albin/webots_ws/install/webots_ros2_universal_robot/share/webots_ros2_universal_robot/resource/Universal_Robots_ROS2_Driver/ur_description/urdf
copying resource/Universal_Robots_ROS2_Driver/ur_description/urdf/ur.urdf.xacro -> /home/albin/webots_ws/install/webots_ros2_universal_robot/share/webots_ros2_universal_robot/resource/Universal_Robots_ROS2_Driver/ur_description/urdf
copying resource/Universal_Robots_ROS2_Driver/ur_description/urdf/ur_macro.xacro -> /home/albin/webots_ws/install/webots_ros2_universal_robot/share/webots_ros2_universal_robot/resource/Universal_Robots_ROS2_Driver/ur_description/urdf
copying resource/Universal_Robots_ROS2_Driver/ur_description/urdf/ur.ros2_control.xacro -> /home/albin/webots_ws/install/webots_ros2_universal_robot/share/webots_ros2_universal_robot/resource/Universal_Robots_ROS2_Driver/ur_description/urdf
creating /home/albin/webots_ws/install/webots_ros2_universal_robot/share/webots_ros2_universal_robot/resource/Universal_Robots_ROS2_Driver/ur_description/urdf/inc
copying resource/Universal_Robots_ROS2_Driver/ur_description/urdf/inc/ur_common.xacro -> /home/albin/webots_ws/install/webots_ros2_universal_robot/share/webots_ros2_universal_robot/resource/Universal_Robots_ROS2_Driver/ur_description/urdf/inc
copying resource/Universal_Robots_ROS2_Driver/ur_description/urdf/inc/ur_transmissions.xacro -> /home/albin/webots_ws/install/webots_ros2_universal_robot/share/webots_ros2_universal_robot/resource/Universal_Robots_ROS2_Driver/ur_description/urdf/inc
creating /home/albin/webots_ws/install/webots_ros2_universal_robot/share/webots_ros2_universal_robot/resource/robotiq
creating /home/albin/webots_ws/install/webots_ros2_universal_robot/share/webots_ros2_universal_robot/resource/robotiq/robotiq_3f_gripper_visualization
creating /home/albin/webots_ws/install/webots_ros2_universal_robot/share/webots_ros2_universal_robot/resource/robotiq/robotiq_3f_gripper_visualization/meshes
creating /home/albin/webots_ws/install/webots_ros2_universal_robot/share/webots_ros2_universal_robot/resource/robotiq/robotiq_3f_gripper_visualization/meshes/robotiq-3f-gripper_articulated
creating /home/albin/webots_ws/install/webots_ros2_universal_robot/share/webots_ros2_universal_robot/resource/robotiq/robotiq_3f_gripper_visualization/meshes/robotiq-3f-gripper_articulated/visual
copying resource/robotiq/robotiq_3f_gripper_visualization/meshes/robotiq-3f-gripper_articulated/visual/link_3.dae -> /home/albin/webots_ws/install/webots_ros2_universal_robot/share/webots_ros2_universal_robot/resource/robotiq/robotiq_3f_gripper_visualization/meshes/robotiq-3f-gripper_articulated/visual
copying resource/robotiq/robotiq_3f_gripper_visualization/meshes/robotiq-3f-gripper_articulated/visual/link_2.dae -> /home/albin/webots_ws/install/webots_ros2_universal_robot/share/webots_ros2_universal_robot/resource/robotiq/robotiq_3f_gripper_visualization/meshes/robotiq-3f-gripper_articulated/visual
copying resource/robotiq/robotiq_3f_gripper_visualization/meshes/robotiq-3f-gripper_articulated/visual/link_1.dae -> /home/albin/webots_ws/install/webots_ros2_universal_robot/share/webots_ros2_universal_robot/resource/robotiq/robotiq_3f_gripper_visualization/meshes/robotiq-3f-gripper_articulated/visual
copying resource/robotiq/robotiq_3f_gripper_visualization/meshes/robotiq-3f-gripper_articulated/visual/link_0.dae -> /home/albin/webots_ws/install/webots_ros2_universal_robot/share/webots_ros2_universal_robot/resource/robotiq/robotiq_3f_gripper_visualization/meshes/robotiq-3f-gripper_articulated/visual
copying resource/robotiq/robotiq_3f_gripper_visualization/meshes/robotiq-3f-gripper_articulated/visual/palm.dae -> /home/albin/webots_ws/install/webots_ros2_universal_robot/share/webots_ros2_universal_robot/resource/robotiq/robotiq_3f_gripper_visualization/meshes/robotiq-3f-gripper_articulated/visual
creating /home/albin/webots_ws/install/webots_ros2_universal_robot/share/webots_ros2_universal_robot/resource/robotiq/robotiq_3f_gripper_visualization/meshes/robotiq-3f-gripper_articulated/collision
copying resource/robotiq/robotiq_3f_gripper_visualization/meshes/robotiq-3f-gripper_articulated/collision/link_3.STL -> /home/albin/webots_ws/install/webots_ros2_universal_robot/share/webots_ros2_universal_robot/resource/robotiq/robotiq_3f_gripper_visualization/meshes/robotiq-3f-gripper_articulated/collision
copying resource/robotiq/robotiq_3f_gripper_visualization/meshes/robotiq-3f-gripper_articulated/collision/link_1.STL -> /home/albin/webots_ws/install/webots_ros2_universal_robot/share/webots_ros2_universal_robot/resource/robotiq/robotiq_3f_gripper_visualization/meshes/robotiq-3f-gripper_articulated/collision
copying resource/robotiq/robotiq_3f_gripper_visualization/meshes/robotiq-3f-gripper_articulated/collision/palm.STL -> /home/albin/webots_ws/install/webots_ros2_universal_robot/share/webots_ros2_universal_robot/resource/robotiq/robotiq_3f_gripper_visualization/meshes/robotiq-3f-gripper_articulated/collision
copying resource/robotiq/robotiq_3f_gripper_visualization/meshes/robotiq-3f-gripper_articulated/collision/link_0.STL -> /home/albin/webots_ws/install/webots_ros2_universal_robot/share/webots_ros2_universal_robot/resource/robotiq/robotiq_3f_gripper_visualization/meshes/robotiq-3f-gripper_articulated/collision
copying resource/robotiq/robotiq_3f_gripper_visualization/meshes/robotiq-3f-gripper_articulated/collision/link_2.STL -> /home/albin/webots_ws/install/webots_ros2_universal_robot/share/webots_ros2_universal_robot/resource/robotiq/robotiq_3f_gripper_visualization/meshes/robotiq-3f-gripper_articulated/collision
creating /home/albin/webots_ws/install/webots_ros2_universal_robot/share/webots_ros2_universal_robot/resource/robotiq/robotiq_3f_gripper_visualization/cfg
copying resource/robotiq/robotiq_3f_gripper_visualization/cfg/robotiq-3f-gripper_finger_articulated_macro.xacro -> /home/albin/webots_ws/install/webots_ros2_universal_robot/share/webots_ros2_universal_robot/resource/robotiq/robotiq_3f_gripper_visualization/cfg
copying resource/robotiq/robotiq_3f_gripper_visualization/cfg/robotiq-3f-gripper_articulated_macro.xacro -> /home/albin/webots_ws/install/webots_ros2_universal_robot/share/webots_ros2_universal_robot/resource/robotiq/robotiq_3f_gripper_visualization/cfg
running install_egg_info
Copying ../../../build/webots_ros2_universal_robot/webots_ros2_universal_robot.egg-info to /home/albin/webots_ws/install/webots_ros2_universal_robot/lib/python3.10/site-packages/webots_ros2_universal_robot-2025.0.1-py3.10.egg-info
running install_scripts
Installing abb_controller script to /home/albin/webots_ws/install/webots_ros2_universal_robot/lib/webots_ros2_universal_robot
Installing ur5e_controller script to /home/albin/webots_ws/install/webots_ros2_universal_robot/lib/webots_ros2_universal_robot
writing list of installed files to '/home/albin/webots_ws/build/webots_ros2_universal_robot/install.log'
