[0.640s] Invoking command in '/home/albin/webots_ws/build/webots_ros2_msgs': CMAKE_PREFIX_PATH=${CMAKE_PREFIX_PATH}:/home/albin/webots_ws/install/webots_ros2:/home/albin/webots_ws/install/webots_ros2_universal_robot:/home/albin/webots_ws/install/webots_ros2_turtlebot:/home/albin/webots_ws/install/webots_ros2_tiago:/home/albin/webots_ws/install/webots_ros2_tests:/home/albin/webots_ws/install/webots_ros2_tesla:/home/albin/webots_ws/install/webots_ros2_mavic:/home/albin/webots_ws/install/webots_ros2_husarion:/home/albin/webots_ws/install/webots_ros2_epuck:/home/albin/webots_ws/install/webots_ros2_crazyflie:/home/albin/webots_ws/install/webots_ros2_importer:/opt/ros/iron:/home/albin/ros2_iron/install/rqt_bag_plugins:/home/albin/ros2_iron/install/rqt_bag:/home/albin/ros2_iron/install/rosbag2_examples_py:/home/albin/ros2_iron/install/launch_testing_examples:/home/albin/ros2_iron/install/ros2bag:/home/albin/ros2_iron/install/tracetools_test:/home/albin/ros2_iron/install/tracetools_launch:/home/albin/ros2_iron/install/topic_monitor:/home/albin/ros2_iron/install/tf2_tools:/home/albin/ros2_iron/install/examples_tf2_py:/home/albin/ros2_iron/install/tf2_ros_py:/home/albin/ros2_iron/install/examples_rclpy_pointcloud_publisher:/home/albin/ros2_iron/install/sensor_msgs_py:/home/albin/ros2_iron/install/quality_of_service_demo_py:/home/albin/ros2_iron/install/rqt_plot:/home/albin/ros2_iron/install/ros2doctor:/home/albin/ros2_iron/install/lifecycle_py:/home/albin/ros2_iron/install/examples_rclpy_minimal_subscriber:/home/albin/ros2_iron/install/examples_rclpy_minimal_service:/home/albin/ros2_iron/install/examples_rclpy_minimal_publisher:/home/albin/ros2_iron/install/examples_rclpy_minimal_client:/home/albin/ros2_iron/install/examples_rclpy_executors:/home/albin/ros2_iron/install/demo_nodes_py:/home/albin/ros2_iron/install/rqt:/home/albin/ros2_iron/install/ros2component:/home/albin/ros2_iron/install/sros2:/home/albin/ros2_iron/install/rqt_topic:/home/albin/ros2_iron/install/rqt_srv:/home/albin/ros2_iron/install/rqt_shell:/home/albin/ros2_iron/install/rqt_service_caller:/home/albin/ros2_iron/install/rqt_reconfigure:/home/albin/ros2_iron/install/rqt_py_console:/home/albin/ros2_iron/install/rqt_publisher:/home/albin/ros2_iron/install/rqt_action:/home/albin/ros2_iron/install/rqt_msg:/home/albin/ros2_iron/install/rqt_console:/home/albin/ros2_iron/install/rqt_graph:/home/albin/ros2_iron/install/rqt_gui_py:/home/albin/ros2_iron/install/rqt_gui:/home/albin/ros2_iron/install/ros2trace:/home/albin/ros2_iron/install/ros2topic:/home/albin/ros2_iron/install/ros2test:/home/albin/ros2_iron/install/ros2param:/home/albin/ros2_iron/install/ros2lifecycle:/home/albin/ros2_iron/install/ros2service:/home/albin/ros2_iron/install/ros2run:/home/albin/ros2_iron/install/ros2launch:/home/albin/ros2_iron/install/ros2pkg:/home/albin/ros2_iron/install/ros2node:/home/albin/ros2_iron/install/ros2multicast:/home/albin/ros2_iron/install/ros2interface:/home/albin/ros2_iron/install/ros2action:/home/albin/ros2_iron/install/ros2cli:/home/albin/ros2_iron/install/launch_testing_ros:/home/albin/ros2_iron/install/launch_ros:/home/albin/ros2_iron/install/examples_rclpy_minimal_action_server:/home/albin/ros2_iron/install/examples_rclpy_minimal_action_client:/home/albin/ros2_iron/install/examples_rclpy_guard_conditions:/home/albin/ros2_iron/install/action_tutorials_py:/home/albin/ros2_iron/install/ament_uncrustify:/home/albin/ros2_iron/install/tracetools_trace:/home/albin/ros2_iron/install/tracetools_read:/home/albin/ros2_iron/install/test_tracetools_launch:/home/albin/ros2_iron/install/test_ros2trace:/home/albin/ros2_iron/install/test_launch_ros:/home/albin/ros2_iron/install/rpyutils:/home/albin/ros2_iron/install/rosidl_runtime_py:/home/albin/ros2_iron/install/rosidl_pycommon:/home/albin/ros2_iron/install/rosidl_cli:/home/albin/ros2_iron/install/launch_pytest:/home/albin/ros2_iron/install/launch_testing:/home/albin/ros2_iron/install/launch_yaml:/home/albin/ros2_iron/install/launch_xml:/home/albin/ros2_iron/install/launch:/home/albin/ros2_iron/install/osrf_pycommon:/home/albin/ros2_iron/install/domain_coordinator:/home/albin/ros2_iron/install/ament_xmllint:/home/albin/ros2_iron/install/ament_pyflakes:/home/albin/ros2_iron/install/ament_pycodestyle:/home/albin/ros2_iron/install/ament_pep257:/home/albin/ros2_iron/install/ament_pclint:/home/albin/ros2_iron/install/ament_package:/home/albin/ros2_iron/install/ament_mypy:/home/albin/ros2_iron/install/ament_lint_cmake:/home/albin/ros2_iron/install/ament_flake8:/home/albin/ros2_iron/install/ament_copyright:/home/albin/ros2_iron/install/ament_lint:/home/albin/ros2_iron/install/ament_index_python:/home/albin/ros2_iron/install/ament_cpplint:/home/albin/ros2_iron/install/ament_cppcheck:/home/albin/ros2_iron/install/ament_clang_tidy:/home/albin/ros2_iron/install/ament_clang_format /home/albin/.local/bin/cmake /home/albin/webots_ws/src/webots_ros2/webots_ros2_msgs -DCMAKE_INSTALL_PREFIX=/home/albin/webots_ws/install/webots_ros2_msgs
[0.758s] -- The C compiler identification is GNU 11.4.0
[0.851s] -- The CXX compiler identification is GNU 11.4.0
[0.898s] -- Detecting C compiler ABI info
[1.050s] -- Detecting C compiler ABI info - done
[1.072s] -- Check for working C compiler: /usr/bin/cc - skipped
[1.073s] -- Detecting C compile features
[1.074s] -- Detecting C compile features - done
[1.101s] -- Detecting CXX compiler ABI info
[1.273s] -- Detecting CXX compiler ABI info - done
[1.296s] -- Check for working CXX compiler: /usr/bin/c++ - skipped
[1.296s] -- Detecting CXX compile features
[1.298s] -- Detecting CXX compile features - done
[1.318s] -- Found ament_cmake: 2.0.7 (/home/albin/ros2_iron/install/ament_cmake/share/ament_cmake/cmake)
[3.124s] -- Found Python3: /usr/bin/python3.10 (found version "3.10.12") found components: Interpreter 
[3.460s] -- Found builtin_interfaces: 1.6.0 (/home/albin/ros2_iron/install/builtin_interfaces/share/builtin_interfaces/cmake)
[3.552s] -- Found rosidl_generator_c: 4.0.1 (/home/albin/ros2_iron/install/rosidl_generator_c/share/rosidl_generator_c/cmake)
[3.583s] -- Found rosidl_generator_cpp: 4.0.1 (/home/albin/ros2_iron/install/rosidl_generator_cpp/share/rosidl_generator_cpp/cmake)
[3.643s] -- Using all available rosidl_typesupport_c: rosidl_typesupport_fastrtps_c;rosidl_typesupport_introspection_c
[3.706s] -- Using all available rosidl_typesupport_cpp: rosidl_typesupport_fastrtps_cpp;rosidl_typesupport_introspection_cpp
[3.766s] -- Found rosidl_default_generators: 1.5.0 (/home/albin/ros2_iron/install/rosidl_default_generators/share/rosidl_default_generators/cmake)
[3.878s] -- Found rosidl_adapter: 4.0.1 (/home/albin/ros2_iron/install/rosidl_adapter/share/rosidl_adapter/cmake)
[3.886s] -- Found geometry_msgs: 5.0.1 (/home/albin/ros2_iron/install/geometry_msgs/share/geometry_msgs/cmake)
[3.984s] -- Found vision_msgs: 4.1.1 (/opt/ros/iron/share/vision_msgs/cmake)
[5.617s] -- Found ament_cmake_cppcheck: 0.14.4 (/home/albin/ros2_iron/install/ament_cmake_cppcheck/share/ament_cmake_cppcheck/cmake)
[5.632s] -- Found ament_cmake_cpplint: 0.14.4 (/home/albin/ros2_iron/install/ament_cmake_cpplint/share/ament_cmake_cpplint/cmake)
[5.642s] -- Found ament_cmake_uncrustify: 0.14.4 (/home/albin/ros2_iron/install/ament_cmake_uncrustify/share/ament_cmake_uncrustify/cmake)
[5.656s] -- Found ament_cmake_ros: 0.11.2 (/home/albin/ros2_iron/install/ament_cmake_ros/share/ament_cmake_ros/cmake)
[8.563s] -- Using all available rosidl_typesupport_c: rosidl_typesupport_fastrtps_c;rosidl_typesupport_introspection_c
[9.870s] -- Using all available rosidl_typesupport_cpp: rosidl_typesupport_fastrtps_cpp;rosidl_typesupport_introspection_cpp
[9.874s] [33mCMake Warning (dev) at /home/albin/ros2_iron/install/rosidl_generator_py/share/rosidl_generator_py/cmake/rosidl_generator_py_generate_interfaces.cmake:20 (find_package):
[9.874s]   Policy CMP0148 is not set: The FindPythonInterp and FindPythonLibs modules
[9.874s]   are removed.  Run "cmake --help-policy CMP0148" for policy details.  Use
[9.874s]   the cmake_policy command to set the policy and suppress this warning.
[9.874s] 
[9.874s] Call Stack (most recent call first):
[9.874s]   /home/albin/ros2_iron/install/ament_cmake_core/share/ament_cmake_core/cmake/core/ament_execute_extensions.cmake:48 (include)
[9.874s]   /home/albin/ros2_iron/install/rosidl_cmake/share/rosidl_cmake/cmake/rosidl_generate_interfaces.cmake:316 (ament_execute_extensions)
[9.874s]   CMakeLists.txt:42 (rosidl_generate_interfaces)
[9.874s] This warning is for project developers.  Use -Wno-dev to suppress it.
[9.875s] [0m
[9.974s] -- Found PythonInterp: /usr/bin/python3 (found suitable version "3.10.12", minimum required is "3.6") 
[9.988s] -- Found python_cmake_module: 0.10.2 (/home/albin/ros2_iron/install/python_cmake_module/share/python_cmake_module/cmake)
[9.989s] [33mCMake Warning (dev) at /home/albin/ros2_iron/install/python_cmake_module/share/python_cmake_module/cmake/Modules/FindPythonExtra.cmake:52 (find_package):
[9.989s]   Policy CMP0148 is not set: The FindPythonInterp and FindPythonLibs modules
[9.989s]   are removed.  Run "cmake --help-policy CMP0148" for policy details.  Use
[9.989s]   the cmake_policy command to set the policy and suppress this warning.
[9.989s] 
[9.989s] Call Stack (most recent call first):
[9.989s]   /home/albin/ros2_iron/install/rosidl_generator_py/share/rosidl_generator_py/cmake/rosidl_generator_py_generate_interfaces.cmake:23 (find_package)
[9.990s]   /home/albin/ros2_iron/install/ament_cmake_core/share/ament_cmake_core/cmake/core/ament_execute_extensions.cmake:48 (include)
[9.990s]   /home/albin/ros2_iron/install/rosidl_cmake/share/rosidl_cmake/cmake/rosidl_generate_interfaces.cmake:316 (ament_execute_extensions)
[9.990s]   CMakeLists.txt:42 (rosidl_generate_interfaces)
[9.990s] This warning is for project developers.  Use -Wno-dev to suppress it.
[9.990s] [0m
[10.080s] [33mCMake Warning (dev) at /home/albin/ros2_iron/install/python_cmake_module/share/python_cmake_module/cmake/Modules/FindPythonExtra.cmake:140 (find_package):
[10.081s]   Policy CMP0148 is not set: The FindPythonInterp and FindPythonLibs modules
[10.081s]   are removed.  Run "cmake --help-policy CMP0148" for policy details.  Use
[10.081s]   the cmake_policy command to set the policy and suppress this warning.
[10.081s] 
[10.081s] Call Stack (most recent call first):
[10.081s]   /home/albin/ros2_iron/install/rosidl_generator_py/share/rosidl_generator_py/cmake/rosidl_generator_py_generate_interfaces.cmake:23 (find_package)
[10.081s]   /home/albin/ros2_iron/install/ament_cmake_core/share/ament_cmake_core/cmake/core/ament_execute_extensions.cmake:48 (include)
[10.081s]   /home/albin/ros2_iron/install/rosidl_cmake/share/rosidl_cmake/cmake/rosidl_generate_interfaces.cmake:316 (ament_execute_extensions)
[10.081s]   CMakeLists.txt:42 (rosidl_generate_interfaces)
[10.081s] This warning is for project developers.  Use -Wno-dev to suppress it.
[10.081s] [0m
[10.108s] -- Found PythonLibs: /usr/lib/x86_64-linux-gnu/libpython3.10.so (found suitable version "3.10.12", minimum required is "3.5") 
[10.108s] -- Using PYTHON_EXECUTABLE: /usr/bin/python3
[10.108s] -- Using PYTHON_INCLUDE_DIRS: /usr/include/python3.10
[10.108s] -- Using PYTHON_LIBRARIES: /usr/lib/x86_64-linux-gnu/libpython3.10.so
[10.203s] -- Found PythonExtra: .so  
[10.834s] -- Found ament_cmake_flake8: 0.14.4 (/home/albin/ros2_iron/install/ament_cmake_flake8/share/ament_cmake_flake8/cmake)
[10.849s] -- Found ament_cmake_pep257: 0.14.4 (/home/albin/ros2_iron/install/ament_cmake_pep257/share/ament_cmake_pep257/cmake)
[10.865s] -- Found ament_lint_auto: 0.14.4 (/home/albin/ros2_iron/install/ament_lint_auto/share/ament_lint_auto/cmake)
[10.899s] -- Added test 'lint_cmake' to check CMake code style
[10.904s] -- Added test 'xmllint' to check XML markup files
[10.914s] -- Configuring done (10.3s)
[10.972s] -- Generating done (0.0s)
[10.984s] -- Build files have been written to: /home/albin/webots_ws/build/webots_ros2_msgs
